\BOOKMARK [0][-]{chapter.1}{\376\377\006\105\006\102\006\057\006\105\006\051\000\040\006\071\006\106\000\040\006\047\006\104\006\047\006\102\006\052\006\065\006\047\006\057\000\040\006\047\006\104\006\057\006\047\006\046\006\061\006\112\000\040\006\101\006\112\000\040\006\047\006\104\006\067\006\110\006\061}{}% \LRE {١}
\BOOKMARK [1][-]{section.1.1}{\376\377\006\106\006\070\006\061\006\051\000\040\006\071\006\047\006\105\006\051\000\040\006\071\006\104\006\111\000\040\006\047\006\104\006\105\006\064\006\061\006\110\006\071}{chapter.1}% \LRE {٢}
\BOOKMARK [1][-]{section.1.2}{\376\377\006\043\006\063\006\047\006\063\000\040\006\047\006\104\006\047\006\102\006\052\006\065\006\047\006\057\000\040\006\047\006\104\006\057\006\047\006\046\006\061\006\112}{chapter.1}% \LRE {٣}
\BOOKMARK [1][-]{section.1.3}{\376\377\006\052\006\103\006\047\006\105\006\104\000\040\006\047\006\104\006\043\006\062\006\110\006\104\006\047\000\040\006\101\006\112\000\040\006\047\006\104\006\047\006\102\006\052\006\065\006\047\006\057\000\040\006\047\006\104\006\057\006\047\006\046\006\061\006\112}{chapter.1}% \LRE {٤}
\BOOKMARK [1][-]{section.1.4}{\376\377\006\047\006\104\006\052\006\110\006\047\006\101\006\102\000\040\006\105\006\071\000\040\006\047\006\104\006\047\006\063\006\052\006\061\006\047\006\052\006\112\006\054\006\112\006\047\006\052\000\040\006\047\006\104\006\110\006\067\006\106\006\112\006\051\000\040\006\047\006\104\006\105\006\065\006\061\006\112\006\051}{chapter.1}% \LRE {٥}
\BOOKMARK [1][-]{section.1.5}{\376\377\006\047\006\104\006\043\006\053\006\061\000\040\006\047\006\104\006\047\006\102\006\052\006\065\006\047\006\057\006\112\000\040\006\110\006\047\006\104\006\050\006\112\006\046\006\112}{chapter.1}% \LRE {٦}
\BOOKMARK [1][-]{section.1.6}{\376\377\006\047\006\104\006\047\006\050\006\052\006\103\006\047\006\061\000\040\006\110\006\102\006\047\006\050\006\104\006\112\006\051\000\040\006\047\006\104\006\052\006\103\006\061\006\047\006\061}{chapter.1}% \LRE {٧}
\BOOKMARK [0][-]{chapter.2}{\376\377\006\062\006\061\006\047\006\071\006\051\000\040\006\047\006\104\006\043\006\062\006\110\006\104\006\047}{}% \LRE {٨}
\BOOKMARK [1][-]{section.2.1}{\376\377\006\106\006\070\006\061\006\051\000\040\006\071\006\047\006\105\006\051\000\040\006\071\006\104\006\111\000\040\006\062\006\061\006\047\006\071\006\051\000\040\006\047\006\104\006\043\006\062\006\110\006\104\006\047}{chapter.2}% \LRE {٩}
\BOOKMARK [2][-]{subsection.2.1.1}{\376\377\006\105\006\102\006\057\006\105\006\051\000\040\006\071\006\106\000\040\006\047\006\104\006\043\006\062\006\110\006\104\006\047}{section.2.1}% \LRE {١٠}
\BOOKMARK [2][-]{subsection.2.1.2}{\376\377\006\047\006\104\006\056\006\065\006\047\006\046\006\065\000\040\006\047\006\104\006\050\006\112\006\110\006\104\006\110\006\054\006\112\006\051}{section.2.1}% \LRE {١١}
\BOOKMARK [2][-]{subsection.2.1.3}{\376\377\006\052\006\102\006\057\006\112\006\061\006\047\006\052\000\040\006\047\006\104\006\045\006\106\006\052\006\047\006\054\006\112\006\051\000\040\006\110\006\047\006\104\006\072\006\104\006\051}{section.2.1}% \LRE {١٢}
\BOOKMARK [2][-]{subsection.2.1.4}{\376\377\006\047\006\104\006\052\006\067\006\050\006\112\006\102\006\047\006\052\000\040\006\105\006\052\006\071\006\057\006\057\006\051\000\040\006\047\006\104\006\110\006\070\006\047\006\046\006\101}{section.2.1}% \LRE {١٣}
\BOOKMARK [2][-]{subsection.2.1.5}{\376\377\006\047\006\104\006\052\006\103\006\047\006\105\006\104\000\040\006\105\006\071\000\040\006\047\006\104\006\110\006\055\006\057\006\047\006\052\000\040\006\047\006\104\006\043\006\056\006\061\006\111}{section.2.1}% \LRE {١٤}
\BOOKMARK [2][-]{subsection.2.1.6}{\376\377\006\047\006\104\006\101\006\110\006\047\006\046\006\057\000\040\006\047\006\104\006\050\006\112\006\046\006\112\006\051}{section.2.1}% \LRE {١٥}
\BOOKMARK [2][-]{subsection.2.1.7}{\376\377\006\047\006\104\006\043\006\107\006\105\006\112\006\051\000\040\006\047\006\104\006\047\006\063\006\052\006\061\006\047\006\052\006\112\006\054\006\112\006\051}{section.2.1}% \LRE {١٦}
\BOOKMARK [2][-]{subsection.2.1.8}{\376\377\006\052\006\101\006\047\006\065\006\112\006\104\000\040\006\047\006\104\006\105\006\064\006\061\006\110\006\071}{section.2.1}% \LRE {١٧}
\BOOKMARK [2][-]{subsection.2.1.9}{\376\377\006\047\006\104\006\052\006\043\006\053\006\112\006\061\000\040\006\047\006\104\006\047\006\102\006\052\006\065\006\047\006\057\006\112\000\040\006\110\006\047\006\104\006\050\006\112\006\046\006\112}{section.2.1}% \LRE {١٨}
\BOOKMARK [2][-]{subsection.2.1.10}{\376\377\006\047\006\104\006\052\006\103\006\047\006\105\006\104\000\040\006\105\006\071\000\040\006\047\006\104\006\063\006\112\006\047\006\063\006\047\006\052\000\040\006\047\006\104\006\110\006\067\006\106\006\112\006\051}{section.2.1}% \LRE {١٩}
\BOOKMARK [1][-]{section.2.2}{\376\377\006\047\006\104\006\056\006\067\006\051\000\040\006\047\006\104\006\047\006\063\006\052\006\061\006\047\006\052\006\112\006\054\006\112\006\051\000\040\006\104\006\062\006\061\006\047\006\071\006\051\000\040\006\047\006\104\006\043\006\062\006\110\006\104\006\047}{chapter.2}% \LRE {٢٠}
\BOOKMARK [2][-]{subsection.2.2.1}{\376\377\006\047\006\104\006\061\006\044\006\112\006\051\000\040\006\110\006\047\006\104\006\061\006\063\006\047\006\104\006\051}{section.2.2}% \LRE {٢١}
\BOOKMARK [2][-]{subsection.2.2.2}{\376\377\006\047\006\104\006\043\006\107\006\057\006\047\006\101\000\040\006\047\006\104\006\047\006\063\006\052\006\061\006\047\006\052\006\112\006\054\006\112\006\051}{section.2.2}% \LRE {٢٢}
\BOOKMARK [2][-]{subsection.2.2.3}{\376\377\006\047\006\104\006\052\006\110\006\047\006\101\006\102\000\040\006\105\006\071\000\040\006\047\006\104\006\047\006\063\006\052\006\061\006\047\006\052\006\112\006\054\006\112\006\047\006\052\000\040\006\047\006\104\006\110\006\067\006\106\006\112\006\051}{section.2.2}% \LRE {٢٣}
\BOOKMARK [2][-]{subsection.2.2.4}{\376\377\006\047\006\104\006\105\006\110\006\102\006\071\000\040\006\047\006\104\006\047\006\063\006\052\006\061\006\047\006\052\006\112\006\054\006\112}{section.2.2}% \LRE {٢٤}
\BOOKMARK [2][-]{subsection.2.2.5}{\376\377\006\047\006\063\006\052\006\061\006\047\006\052\006\112\006\054\006\112\006\051\000\040\006\047\006\104\006\052\006\106\006\101\006\112\006\060\000\040\006\047\006\104\006\105\006\061\006\055\006\104\006\112}{section.2.2}% \LRE {٢٥}
\BOOKMARK [2][-]{subsection.2.2.6}{\376\377\006\047\006\104\006\064\006\061\006\047\006\103\006\047\006\052\000\040\006\047\006\104\006\047\006\063\006\052\006\061\006\047\006\052\006\112\006\054\006\112\006\051}{section.2.2}% \LRE {٢٦}
\BOOKMARK [2][-]{subsection.2.2.7}{\376\377\006\105\006\044\006\064\006\061\006\047\006\052\000\040\006\047\006\104\006\106\006\054\006\047\006\055}{section.2.2}% \LRE {٢٧}
\BOOKMARK [1][-]{section.2.3}{\376\377\006\056\006\067\006\051\000\040\006\052\006\064\006\072\006\112\006\104\000\040\006\062\006\061\006\047\006\071\006\051\000\040\006\047\006\104\006\043\006\062\006\110\006\104\006\047}{chapter.2}% \LRE {٢٨}
\BOOKMARK [2][-]{subsection.2.3.1}{\376\377\006\052\006\065\006\105\006\112\006\105\000\040\006\106\006\070\006\047\006\105\000\040\006\047\006\104\006\062\006\061\006\047\006\071\006\051}{section.2.3}% \LRE {٢٩}
\BOOKMARK [2][-]{subsection.2.3.2}{\376\377\006\050\006\061\006\110\006\052\006\110\006\103\006\110\006\104\006\047\006\052\000\040\006\047\006\104\006\062\006\061\006\047\006\071\006\051}{section.2.3}% \LRE {٣٠}
\BOOKMARK [2][-]{subsection.2.3.3}{\376\377\006\047\006\104\006\055\006\065\006\047\006\057\000\040\006\110\006\047\006\104\006\105\006\071\006\047\006\104\006\054\006\051}{section.2.3}% \LRE {٣١}
\BOOKMARK [2][-]{subsection.2.3.4}{\376\377\006\052\006\103\006\047\006\105\006\104\000\040\006\045\006\106\006\052\006\047\006\054\000\040\006\047\006\104\006\057\006\112\006\062\006\104\000\040\006\047\006\104\006\055\006\112\006\110\006\112}{section.2.3}% \LRE {٣٢}
\BOOKMARK [2][-]{subsection.2.3.5}{\376\377\006\052\006\103\006\047\006\105\006\104\000\040\006\045\006\106\006\052\006\047\006\054\000\040\006\047\006\104\006\043\006\071\006\104\006\047\006\101}{section.2.3}% \LRE {٣٣}
\BOOKMARK [2][-]{subsection.2.3.6}{\376\377\006\052\006\103\006\047\006\105\006\104\000\040\006\052\006\055\006\063\006\112\006\106\000\040\006\047\006\104\006\052\006\061\006\050\006\051}{section.2.3}% \LRE {٣٤}
\BOOKMARK [2][-]{subsection.2.3.7}{\376\377\006\047\006\104\006\054\006\057\006\110\006\104\000\040\006\047\006\104\006\052\006\064\006\072\006\112\006\104\006\112}{section.2.3}% \LRE {٣٥}
\BOOKMARK [2][-]{subsection.2.3.8}{\376\377\006\106\006\070\006\047\006\105\000\040\006\105\006\061\006\047\006\102\006\050\006\051\000\040\006\047\006\104\006\054\006\110\006\057\006\051}{section.2.3}% \LRE {٣٦}
\BOOKMARK [2][-]{subsection.2.3.9}{\376\377\006\047\006\104\006\052\006\110\006\070\006\112\006\101\000\040\006\110\006\047\006\104\006\052\006\057\006\061\006\112\006\050}{section.2.3}% \LRE {٣٧}
\BOOKMARK [1][-]{section.2.4}{\376\377\006\047\006\104\006\056\006\067\006\051\000\040\006\047\006\104\006\105\006\047\006\104\006\112\006\051\000\040\006\104\006\062\006\061\006\047\006\071\006\051\000\040\006\047\006\104\006\043\006\062\006\110\006\104\006\047}{chapter.2}% \LRE {٣٨}
\BOOKMARK [2][-]{subsection.2.4.1}{\376\377\006\105\006\052\006\067\006\104\006\050\006\047\006\052\000\040\006\047\006\104\006\047\006\063\006\052\006\053\006\105\006\047\006\061\000\040\006\047\006\104\006\061\006\043\006\063\006\105\006\047\006\104\006\112}{section.2.4}% \LRE {٣٩}
\BOOKMARK [2][-]{subsection.2.4.2}{\376\377\006\052\006\103\006\047\006\104\006\112\006\101\000\040\006\047\006\104\006\052\006\064\006\072\006\112\006\104}{section.2.4}% \LRE {٤٠}
\BOOKMARK [2][-]{subsection.2.4.3}{\376\377\006\052\006\110\006\102\006\071\006\047\006\052\000\040\006\047\006\104\006\045\006\112\006\061\006\047\006\057\006\047\006\052}{section.2.4}% \LRE {٤١}
\BOOKMARK [2][-]{subsection.2.4.4}{\376\377\006\047\006\104\006\052\006\055\006\104\006\112\006\104\000\040\006\047\006\104\006\105\006\047\006\104\006\112}{section.2.4}% \LRE {٤٢}
\BOOKMARK [2][-]{subsection.2.4.5}{\376\377\006\047\006\063\006\052\006\061\006\047\006\052\006\112\006\054\006\112\006\051\000\040\006\047\006\104\006\052\006\105\006\110\006\112\006\104}{section.2.4}% \LRE {٤٣}
\BOOKMARK [2][-]{subsection.2.4.6}{\376\377\006\045\006\057\006\047\006\061\006\051\000\040\006\047\006\104\006\105\006\056\006\047\006\067\006\061\000\040\006\047\006\104\006\105\006\047\006\104\006\112\006\051}{section.2.4}% \LRE {٤٤}
\BOOKMARK [2][-]{subsection.2.4.7}{\376\377\006\047\006\104\006\105\006\061\006\047\006\102\006\050\006\051\000\040\006\110\006\047\006\104\006\052\006\055\006\103\006\105\000\040\006\047\006\104\006\105\006\047\006\104\006\112}{section.2.4}% \LRE {٤٥}
\BOOKMARK [1][-]{section.2.5}{\376\377\006\105\006\052\006\067\006\104\006\050\006\047\006\052\000\040\006\047\006\104\006\105\006\110\006\047\006\061\006\057}{chapter.2}% \LRE {٤٦}
\BOOKMARK [2][-]{subsection.2.5.1}{\376\377\006\105\006\052\006\067\006\104\006\050\006\047\006\052\000\040\006\047\006\104\006\043\006\061\006\066}{section.2.5}% \LRE {٤٧}
\BOOKMARK [2][-]{subsection.2.5.2}{\376\377\006\047\006\104\006\105\006\110\006\047\006\061\006\057\000\040\006\047\006\104\006\105\006\047\006\046\006\112\006\051}{section.2.5}% \LRE {٤٨}
\BOOKMARK [2][-]{subsection.2.5.3}{\376\377\006\047\006\104\006\105\006\071\006\057\006\047\006\052\000\040\006\110\006\047\006\104\006\050\006\106\006\112\006\051\000\040\006\047\006\104\006\052\006\055\006\052\006\112\006\051}{section.2.5}% \LRE {٤٩}
\BOOKMARK [2][-]{subsection.2.5.4}{\376\377\006\047\006\104\006\105\006\110\006\047\006\061\006\057\000\040\006\047\006\104\006\050\006\064\006\061\006\112\006\051}{section.2.5}% \LRE {٥٠}
\BOOKMARK [1][-]{section.2.6}{\376\377\006\045\006\057\006\047\006\061\006\051\000\040\006\047\006\104\006\105\006\056\006\047\006\067\006\061}{chapter.2}% \LRE {٥١}
\BOOKMARK [2][-]{subsection.2.6.1}{\376\377\006\045\006\067\006\047\006\061\000\040\006\052\006\102\006\112\006\112\006\105\000\040\006\047\006\104\006\105\006\056\006\047\006\067\006\061}{section.2.6}% \LRE {٥٢}
\BOOKMARK [2][-]{subsection.2.6.2}{\376\377\006\047\006\063\006\052\006\061\006\047\006\052\006\112\006\054\006\112\006\047\006\052\000\040\006\047\006\104\006\052\006\056\006\101\006\112\006\101}{section.2.6}% \LRE {٥٣}
\BOOKMARK [2][-]{subsection.2.6.3}{\376\377\006\047\006\104\006\052\006\056\006\067\006\112\006\067\000\040\006\104\006\104\006\067\006\110\006\047\006\061\006\046}{section.2.6}% \LRE {٥٤}
\BOOKMARK [2][-]{subsection.2.6.4}{\376\377\006\047\006\104\006\105\006\061\006\047\006\102\006\050\006\051\000\040\006\110\006\047\006\104\006\105\006\061\006\047\006\054\006\071\006\051}{section.2.6}% \LRE {٥٥}
\BOOKMARK [1][-]{section.2.7}{\376\377\006\056\006\067\006\051\000\040\006\047\006\104\006\047\006\063\006\052\006\057\006\047\006\105\006\051\000\040\006\104\006\062\006\061\006\047\006\071\006\051\000\040\006\047\006\104\006\043\006\062\006\110\006\104\006\047}{chapter.2}% \LRE {٥٦}
\BOOKMARK [2][-]{subsection.2.7.1}{\376\377\006\061\006\044\006\112\006\051\000\040\006\110\006\105\006\050\006\047\006\057\006\046\000\040\006\047\006\104\006\047\006\063\006\052\006\057\006\047\006\105\006\051}{section.2.7}% \LRE {٥٧}
\BOOKMARK [2][-]{subsection.2.7.2}{\376\377\006\047\006\104\006\047\006\063\006\052\006\057\006\047\006\105\006\051\000\040\006\047\006\104\006\050\006\112\006\046\006\112\006\051}{section.2.7}% \LRE {٥٨}
\BOOKMARK [2][-]{subsection.2.7.3}{\376\377\006\047\006\104\006\047\006\063\006\052\006\057\006\047\006\105\006\051\000\040\006\047\006\104\006\047\006\054\006\052\006\105\006\047\006\071\006\112\006\051}{section.2.7}% \LRE {٥٩}
\BOOKMARK [2][-]{subsection.2.7.4}{\376\377\006\047\006\104\006\047\006\063\006\052\006\057\006\047\006\105\006\051\000\040\006\047\006\104\006\047\006\102\006\052\006\065\006\047\006\057\006\112\006\051}{section.2.7}% \LRE {٦٠}
\BOOKMARK [2][-]{subsection.2.7.5}{\376\377\006\047\006\104\006\055\006\110\006\103\006\105\006\051\000\040\006\110\006\047\006\104\006\045\006\057\006\047\006\061\006\051}{section.2.7}% \LRE {٦١}
\BOOKMARK [2][-]{subsection.2.7.6}{\376\377\006\056\006\047\006\061\006\067\006\051\000\040\006\067\006\061\006\112\006\102\000\040\006\047\006\104\006\052\006\106\006\101\006\112\006\060}{section.2.7}% \LRE {٦٢}
\BOOKMARK [2][-]{subsection.2.7.7}{\376\377\006\045\006\057\006\047\006\061\006\051\000\040\006\047\006\104\006\105\006\056\006\047\006\067\006\061\000\040\006\110\006\047\006\104\006\105\006\061\006\110\006\106\006\051}{section.2.7}% \LRE {٦٣}
\BOOKMARK [1][-]{section.2.8}{\376\377\006\056\006\067\006\051\000\040\006\047\006\104\006\052\006\103\006\047\006\105\006\104\000\040\006\104\006\062\006\061\006\047\006\071\006\051\000\040\006\047\006\104\006\043\006\062\006\110\006\104\006\047}{chapter.2}% \LRE {٦٤}
\BOOKMARK [2][-]{subsection.2.8.1}{\376\377\006\047\006\104\006\052\006\103\006\047\006\105\006\104\000\040\006\047\006\104\006\105\006\061\006\055\006\104\006\112\000\040\000\050\0002\0000\0002\0006\000-\0002\0000\0003\0001\000\051}{section.2.8}% \LRE {٦٥}
\BOOKMARK [0][-]{chapter.3}{\376\377\006\045\006\106\006\052\006\047\006\054\000\040\006\047\006\104\006\057\006\112\006\062\006\104\000\040\006\047\006\104\006\055\006\112\006\110\006\112}{}% \LRE {٦٦}
\BOOKMARK [1][-]{section.3.1}{\376\377\006\106\006\070\006\061\006\051\000\040\006\071\006\047\006\105\006\051\000\040\006\071\006\104\006\111\000\040\006\110\006\055\006\057\006\051\000\040\006\045\006\106\006\052\006\047\006\054\000\040\006\047\006\104\006\057\006\112\006\062\006\104\000\040\006\047\006\104\006\055\006\112\006\110\006\112}{chapter.3}% \LRE {٦٧}
\BOOKMARK [2][-]{subsection.3.1.1}{\376\377\006\105\006\102\006\057\006\105\006\051\000\040\006\071\006\106\000\040\006\045\006\106\006\052\006\047\006\054\000\040\006\047\006\104\006\057\006\112\006\062\006\104\000\040\006\047\006\104\006\055\006\112\006\110\006\112}{section.3.1}% \LRE {٦٨}
\BOOKMARK [2][-]{subsection.3.1.2}{\376\377\006\047\006\104\006\043\006\107\006\105\006\112\006\051\000\040\006\047\006\104\006\047\006\063\006\052\006\061\006\047\006\052\006\112\006\054\006\112\006\051}{section.3.1}% \LRE {٦٩}
\BOOKMARK [2][-]{subsection.3.1.3}{\376\377\006\106\006\070\006\061\006\051\000\040\006\101\006\106\006\112\006\051\000\040\006\071\006\047\006\105\006\051}{section.3.1}% \LRE {٧٠}
\BOOKMARK [2][-]{subsection.3.1.4}{\376\377\006\047\006\104\006\052\006\103\006\047\006\105\006\104\000\040\006\105\006\071\000\040\006\106\006\070\006\047\006\105\000\040\006\047\006\104\006\047\006\102\006\052\006\065\006\047\006\057\000\040\006\047\006\104\006\057\006\047\006\046\006\061\006\112}{section.3.1}% \LRE {٧١}
\BOOKMARK [2][-]{subsection.3.1.5}{\376\377\006\047\006\104\006\101\006\110\006\047\006\046\006\057\000\040\006\047\006\104\006\050\006\112\006\046\006\112\006\051}{section.3.1}% \LRE {٧٢}
\BOOKMARK [2][-]{subsection.3.1.6}{\376\377\006\047\006\104\006\052\006\043\006\053\006\112\006\061\000\040\006\047\006\104\006\047\006\102\006\052\006\065\006\047\006\057\006\112\000\040\006\110\006\047\006\104\006\047\006\054\006\052\006\105\006\047\006\071\006\112}{section.3.1}% \LRE {٧٣}
\BOOKMARK [2][-]{subsection.3.1.7}{\376\377\006\105\006\063\006\047\006\061\006\047\006\052\000\040\006\047\006\104\006\052\006\067\006\110\006\112\006\061\000\040\006\047\006\104\006\105\006\063\006\052\006\102\006\050\006\104\006\112\006\051}{section.3.1}% \LRE {٧٤}
\BOOKMARK [1][-]{section.3.2}{\376\377\006\047\006\104\006\056\006\067\006\051\000\040\006\047\006\104\006\047\006\063\006\052\006\061\006\047\006\052\006\112\006\054\006\112\006\051\000\040\006\104\006\045\006\106\006\052\006\047\006\054\000\040\006\047\006\104\006\057\006\112\006\062\006\104\000\040\006\047\006\104\006\055\006\112\006\110\006\112}{chapter.3}% \LRE {٧٥}
\BOOKMARK [2][-]{subsection.3.2.1}{\376\377\006\047\006\104\006\061\006\044\006\112\006\051\000\040\006\110\006\047\006\104\006\061\006\063\006\047\006\104\006\051}{section.3.2}% \LRE {٧٦}
\BOOKMARK [2][-]{subsection.3.2.2}{\376\377\006\047\006\104\006\043\006\107\006\057\006\047\006\101\000\040\006\047\006\104\006\047\006\063\006\052\006\061\006\047\006\052\006\112\006\054\006\112\006\051}{section.3.2}% \LRE {٧٧}
\BOOKMARK [2][-]{subsection.3.2.3}{\376\377\006\047\006\104\006\052\006\110\006\047\006\101\006\102\000\040\006\105\006\071\000\040\006\047\006\104\006\047\006\063\006\052\006\061\006\047\006\052\006\112\006\054\006\112\006\047\006\052\000\040\006\047\006\104\006\110\006\067\006\106\006\112\006\051}{section.3.2}% \LRE {٧٨}
\BOOKMARK [2][-]{subsection.3.2.4}{\376\377\006\047\006\104\006\105\006\110\006\102\006\071\000\040\006\047\006\104\006\047\006\063\006\052\006\061\006\047\006\052\006\112\006\054\006\112}{section.3.2}% \LRE {٧٩}
\BOOKMARK [2][-]{subsection.3.2.5}{\376\377\006\047\006\063\006\052\006\061\006\047\006\052\006\112\006\054\006\112\006\051\000\040\006\047\006\104\006\052\006\106\006\101\006\112\006\060\000\040\006\047\006\104\006\105\006\061\006\055\006\104\006\112}{section.3.2}% \LRE {٨٠}
\BOOKMARK [2][-]{subsection.3.2.6}{\376\377\006\047\006\104\006\064\006\061\006\047\006\103\006\047\006\052\000\040\006\047\006\104\006\047\006\063\006\052\006\061\006\047\006\052\006\112\006\054\006\112\006\051}{section.3.2}% \LRE {٨١}
\BOOKMARK [2][-]{subsection.3.2.7}{\376\377\006\047\006\063\006\052\006\061\006\047\006\052\006\112\006\054\006\112\006\051\000\040\006\047\006\046\006\052\006\105\006\047\006\106\000\040\006\047\006\104\006\103\006\061\006\050\006\110\006\106}{section.3.2}% \LRE {٨٢}
\BOOKMARK [2][-]{subsection.3.2.8}{\376\377\006\105\006\044\006\064\006\061\006\047\006\052\000\040\006\047\006\104\006\106\006\054\006\047\006\055}{section.3.2}% \LRE {٨٣}
\BOOKMARK [2][-]{subsection.3.2.9}{\376\377\006\045\006\057\006\047\006\061\006\051\000\040\006\047\006\104\006\105\006\056\006\047\006\067\006\061}{section.3.2}% \LRE {٨٤}
\BOOKMARK [1][-]{section.3.3}{\376\377\006\047\006\104\006\056\006\067\006\051\000\040\006\047\006\104\006\052\006\064\006\072\006\112\006\104\006\112\006\051\000\040\006\104\006\045\006\106\006\052\006\047\006\054\000\040\006\047\006\104\006\057\006\112\006\062\006\104\000\040\006\047\006\104\006\055\006\112\006\110\006\112}{chapter.3}% \LRE {٨٥}
\BOOKMARK [2][-]{subsection.3.3.1}{\376\377\006\052\006\065\006\105\006\112\006\105\000\040\006\110\006\052\006\056\006\067\006\112\006\067\000\040\006\047\006\104\006\105\006\106\006\064\006\043\006\051}{section.3.3}% \LRE {٨٦}
\BOOKMARK [2][-]{subsection.3.3.2}{\376\377\006\071\006\105\006\104\006\112\006\047\006\052\000\040\006\047\006\104\006\045\006\106\006\052\006\047\006\054}{section.3.3}% \LRE {٨٧}
\BOOKMARK [2][-]{subsection.3.3.3}{\376\377\006\105\006\110\006\047\006\065\006\101\006\047\006\052\000\040\006\047\006\104\006\105\006\071\006\057\006\047\006\052}{section.3.3}% \LRE {٨٨}
\BOOKMARK [2][-]{subsection.3.3.4}{\376\377\006\045\006\054\006\061\006\047\006\041\006\047\006\052\000\040\006\047\006\104\006\052\006\064\006\072\006\112\006\104}{section.3.3}% \LRE {٨٩}
\BOOKMARK [2][-]{subsection.3.3.5}{\376\377\006\106\006\070\006\047\006\105\000\040\006\045\006\057\006\047\006\061\006\051\000\040\006\047\006\104\006\054\006\110\006\057\006\051}{section.3.3}% \LRE {٩٠}
\BOOKMARK [2][-]{subsection.3.3.6}{\376\377\006\105\006\061\006\047\006\102\006\050\006\051\000\040\006\047\006\046\006\052\006\105\006\047\006\106\006\047\006\052\000\040\006\047\006\104\006\103\006\061\006\050\006\110\006\106}{section.3.3}% \LRE {٩١}
\BOOKMARK [2][-]{subsection.3.3.7}{\376\377\006\047\006\104\006\052\006\110\006\070\006\112\006\101\000\040\006\110\006\047\006\104\006\052\006\057\006\061\006\112\006\050}{section.3.3}% \LRE {٩٢}
\BOOKMARK [2][-]{subsection.3.3.8}{\376\377\006\045\006\057\006\047\006\061\006\051\000\040\006\047\006\104\006\063\006\104\006\047\006\105\006\051\000\040\006\110\006\047\006\104\006\050\006\112\006\046\006\051}{section.3.3}% \LRE {٩٣}
\BOOKMARK [1][-]{section.3.4}{\376\377\006\047\006\104\006\056\006\067\006\051\000\040\006\047\006\104\006\105\006\047\006\104\006\112\006\051\000\040\006\104\006\110\006\055\006\057\006\051\000\040\006\045\006\106\006\052\006\047\006\054\000\040\006\047\006\104\006\057\006\112\006\062\006\104\000\040\006\047\006\104\006\055\006\112\006\110\006\112}{chapter.3}% \LRE {٩٤}
\BOOKMARK [2][-]{subsection.3.4.1}{\376\377\006\105\006\052\006\067\006\104\006\050\006\047\006\052\000\040\006\047\006\104\006\047\006\063\006\052\006\053\006\105\006\047\006\061}{section.3.4}% \LRE {٩٥}
\BOOKMARK [2][-]{subsection.3.4.2}{\376\377\006\052\006\103\006\047\006\104\006\112\006\101\000\040\006\047\006\104\006\052\006\064\006\072\006\112\006\104\000\040\000\050\006\063\006\106\006\110\006\112\006\047\006\113\000\051}{section.3.4}% \LRE {٩٦}
\BOOKMARK [2][-]{subsection.3.4.3}{\376\377\006\052\006\110\006\102\006\071\006\047\006\052\000\040\006\047\006\104\006\045\006\112\006\061\006\047\006\057\006\047\006\052\000\040\000\050\006\063\006\106\006\110\006\112\006\047\006\113\000\051}{section.3.4}% \LRE {٩٧}
\BOOKMARK [2][-]{subsection.3.4.4}{\376\377\006\047\006\104\006\052\006\055\006\104\006\112\006\104\000\040\006\047\006\104\006\105\006\047\006\104\006\112}{section.3.4}% \LRE {٩٨}
\BOOKMARK [2][-]{subsection.3.4.5}{\376\377\006\107\006\112\006\103\006\104\000\040\006\047\006\104\006\052\006\105\006\110\006\112\006\104}{section.3.4}% \LRE {٩٩}
\BOOKMARK [1][-]{section.3.5}{\376\377\006\105\006\052\006\067\006\104\006\050\006\047\006\052\000\040\006\047\006\104\006\105\006\110\006\047\006\061\006\057\000\040\006\104\006\110\006\055\006\057\006\051\000\040\006\045\006\106\006\052\006\047\006\054\000\040\006\047\006\104\006\057\006\112\006\062\006\104\000\040\006\047\006\104\006\055\006\112\006\110\006\112}{chapter.3}% \LRE {١٠٠}
\BOOKMARK [2][-]{subsection.3.5.1}{\376\377\006\105\006\052\006\067\006\104\006\050\006\047\006\052\000\040\006\047\006\104\006\043\006\061\006\047\006\066\006\112\000\040\006\110\006\047\006\104\006\050\006\106\006\112\006\051\000\040\006\047\006\104\006\052\006\055\006\052\006\112\006\051}{section.3.5}% \LRE {١٠١}
\BOOKMARK [2][-]{subsection.3.5.2}{\376\377\006\105\006\052\006\067\006\104\006\050\006\047\006\052\000\040\006\105\006\071\006\057\006\047\006\052\000\040\006\047\006\104\006\045\006\106\006\052\006\047\006\054}{section.3.5}% \LRE {١٠٢}
\BOOKMARK [2][-]{subsection.3.5.3}{\376\377\006\105\006\052\006\067\006\104\006\050\006\047\006\052\000\040\006\047\006\104\006\105\006\110\006\047\006\061\006\057\000\040\006\047\006\104\006\050\006\064\006\061\006\112\006\051}{section.3.5}% \LRE {١٠٣}
\BOOKMARK [2][-]{subsection.3.5.4}{\376\377\006\105\006\052\006\067\006\104\006\050\006\047\006\052\000\040\006\047\006\104\006\105\006\061\006\047\006\101\006\102}{section.3.5}% \LRE {١٠٤}
\BOOKMARK [2][-]{subsection.3.5.5}{\376\377\006\105\006\052\006\067\006\104\006\050\006\047\006\052\000\040\006\047\006\104\006\105\006\110\006\047\006\057}{section.3.5}% \LRE {١٠٥}
\BOOKMARK [2][-]{subsection.3.5.6}{\376\377\006\043\006\106\006\070\006\105\006\051\000\040\006\047\006\104\006\052\006\103\006\106\006\110\006\104\006\110\006\054\006\112\006\047\000\040\006\110\006\047\006\104\006\052\006\055\006\103\006\105}{section.3.5}% \LRE {١٠٦}
\BOOKMARK [1][-]{section.3.6}{\376\377\006\056\006\067\006\051\000\040\006\045\006\057\006\047\006\061\006\051\000\040\006\047\006\104\006\105\006\056\006\047\006\067\006\061\000\040\006\104\006\110\006\055\006\057\006\051\000\040\006\045\006\106\006\052\006\047\006\054\000\040\006\047\006\104\006\057\006\112\006\062\006\104\000\040\006\047\006\104\006\055\006\112\006\110\006\112}{chapter.3}% \LRE {١٠٧}
\BOOKMARK [2][-]{subsection.3.6.1}{\376\377\006\047\006\104\006\105\006\056\006\047\006\067\006\061\000\040\006\047\006\104\006\047\006\063\006\052\006\061\006\047\006\052\006\112\006\054\006\112\006\051}{section.3.6}% \LRE {١٠٨}
\BOOKMARK [2][-]{subsection.3.6.2}{\376\377\006\047\006\104\006\105\006\056\006\047\006\067\006\061\000\040\006\047\006\104\006\052\006\064\006\072\006\112\006\104\006\112\006\051}{section.3.6}% \LRE {١٠٩}
\BOOKMARK [2][-]{subsection.3.6.3}{\376\377\006\047\006\104\006\105\006\056\006\047\006\067\006\061\000\040\006\047\006\104\006\050\006\112\006\046\006\112\006\051}{section.3.6}% \LRE {١١٠}
\BOOKMARK [2][-]{subsection.3.6.4}{\376\377\006\047\006\104\006\105\006\056\006\047\006\067\006\061\000\040\006\047\006\104\006\052\006\102\006\106\006\112\006\051}{section.3.6}% \LRE {١١١}
\BOOKMARK [2][-]{subsection.3.6.5}{\376\377\006\047\006\104\006\105\006\056\006\047\006\067\006\061\000\040\006\047\006\104\006\105\006\047\006\104\006\112\006\051}{section.3.6}% \LRE {١١٢}
\BOOKMARK [2][-]{subsection.3.6.6}{\376\377\006\105\006\061\006\047\006\102\006\050\006\051\000\040\006\047\006\104\006\105\006\056\006\047\006\067\006\061\000\040\006\110\006\047\006\104\006\052\006\055\006\103\006\105}{section.3.6}% \LRE {١١٣}
\BOOKMARK [1][-]{section.3.7}{\376\377\006\056\006\067\006\051\000\040\006\047\006\104\006\047\006\063\006\052\006\057\006\047\006\105\006\051\000\040\006\104\006\110\006\055\006\057\006\051\000\040\006\045\006\106\006\052\006\047\006\054\000\040\006\047\006\104\006\057\006\112\006\062\006\104\000\040\006\047\006\104\006\055\006\112\006\110\006\112}{chapter.3}% \LRE {١١٤}
\BOOKMARK [2][-]{subsection.3.7.1}{\376\377\006\047\006\104\006\047\006\063\006\052\006\057\006\047\006\105\006\051\000\040\006\047\006\104\006\050\006\112\006\046\006\112\006\051}{section.3.7}% \LRE {١١٥}
\BOOKMARK [2][-]{subsection.3.7.2}{\376\377\006\047\006\104\006\052\006\103\006\047\006\105\006\104\000\040\006\105\006\071\000\040\006\047\006\104\006\047\006\102\006\052\006\065\006\047\006\057\000\040\006\047\006\104\006\057\006\047\006\046\006\061\006\112}{section.3.7}% \LRE {١١٦}
\BOOKMARK [2][-]{subsection.3.7.3}{\376\377\006\047\006\104\006\047\006\063\006\052\006\057\006\047\006\105\006\051\000\040\006\047\006\104\006\047\006\054\006\052\006\105\006\047\006\071\006\112\006\051}{section.3.7}% \LRE {١١٧}
\BOOKMARK [2][-]{subsection.3.7.4}{\376\377\006\047\006\104\006\047\006\063\006\052\006\057\006\047\006\105\006\051\000\040\006\047\006\104\006\047\006\102\006\052\006\065\006\047\006\057\006\112\006\051}{section.3.7}% \LRE {١١٨}
\BOOKMARK [2][-]{subsection.3.7.5}{\376\377\006\047\006\104\006\047\006\050\006\052\006\103\006\047\006\061\000\040\006\110\006\047\006\104\006\052\006\103\006\106\006\110\006\104\006\110\006\054\006\112\006\047}{section.3.7}% \LRE {١١٩}
\BOOKMARK [2][-]{subsection.3.7.6}{\376\377\006\047\006\104\006\105\006\061\006\047\006\102\006\050\006\051\000\040\006\110\006\045\006\071\006\057\006\047\006\057\000\040\006\047\006\104\006\052\006\102\006\047\006\061\006\112\006\061}{section.3.7}% \LRE {١٢٠}
\BOOKMARK [2][-]{subsection.3.7.7}{\376\377\006\047\006\104\006\052\006\067\006\110\006\112\006\061\000\040\006\047\006\104\006\105\006\063\006\052\006\102\006\050\006\104\006\112}{section.3.7}% \LRE {١٢١}
\BOOKMARK [1][-]{section.3.8}{\376\377\006\056\006\067\006\051\000\040\006\047\006\104\006\052\006\103\006\047\006\105\006\104\000\040\006\104\006\110\006\055\006\057\006\051\000\040\006\045\006\106\006\052\006\047\006\054\000\040\006\047\006\104\006\057\006\112\006\062\006\104\000\040\006\047\006\104\006\055\006\112\006\110\006\112}{chapter.3}% \LRE {١٢٢}
\BOOKMARK [2][-]{subsection.3.8.1}{\376\377\006\106\006\070\006\061\006\051\000\040\006\071\006\047\006\105\006\051\000\040\006\071\006\104\006\111\000\040\006\047\006\104\006\052\006\103\006\047\006\105\006\104}{section.3.8}% \LRE {١٢٣}
\BOOKMARK [2][-]{subsection.3.8.2}{\376\377\006\052\006\103\006\047\006\105\006\104\000\040\006\052\006\057\006\101\006\102\006\047\006\052\000\040\006\047\006\104\006\105\006\057\006\056\006\104\006\047\006\052}{section.3.8}% \LRE {١٢٤}
\BOOKMARK [2][-]{subsection.3.8.3}{\376\377\006\052\006\103\006\047\006\105\006\104\000\040\006\052\006\057\006\101\006\102\006\047\006\052\000\040\006\047\006\104\006\105\006\056\006\061\006\054\006\047\006\052}{section.3.8}% \LRE {١٢٥}
\BOOKMARK [2][-]{subsection.3.8.4}{\376\377\006\052\006\103\006\047\006\105\006\104\000\040\006\047\006\104\006\105\006\106\006\052\006\054\006\047\006\052\000\040\006\047\006\104\006\053\006\047\006\106\006\110\006\112\006\051}{section.3.8}% \LRE {١٢٦}
\BOOKMARK [2][-]{subsection.3.8.5}{\376\377\006\047\006\104\006\052\006\103\006\047\006\105\006\104\000\040\006\105\006\071\000\040\006\047\006\104\006\047\006\102\006\052\006\065\006\047\006\057\000\040\006\047\006\104\006\057\006\047\006\046\006\061\006\112}{section.3.8}% \LRE {١٢٧}
\BOOKMARK [2][-]{subsection.3.8.6}{\376\377\006\043\006\106\006\070\006\105\006\051\000\040\006\047\006\104\006\105\006\061\006\047\006\102\006\050\006\051\000\040\006\110\006\047\006\104\006\052\006\055\006\103\006\105}{section.3.8}% \LRE {١٢٨}
\BOOKMARK [0][-]{chapter.4}{\376\377\006\045\006\057\006\047\006\061\006\051\000\040\006\047\006\104\006\053\006\061\006\110\006\051\000\040\006\047\006\104\006\055\006\112\006\110\006\047\006\106\006\112\006\051}{}% \LRE {١٢٩}
\BOOKMARK [1][-]{section.4.1}{\376\377\006\106\006\070\006\061\006\051\000\040\006\071\006\047\006\105\006\051\000\040\006\071\006\104\006\111\000\040\006\045\006\057\006\047\006\061\006\051\000\040\006\047\006\104\006\053\006\061\006\110\006\051\000\040\006\047\006\104\006\055\006\112\006\110\006\047\006\106\006\112\006\051}{chapter.4}% \LRE {١٣٠}
\BOOKMARK [2][-]{subsection.4.1.1}{\376\377\006\105\006\102\006\057\006\105\006\051\000\040\006\104\006\045\006\057\006\047\006\061\006\051\000\040\006\047\006\104\006\053\006\061\006\110\006\051\000\040\006\047\006\104\006\055\006\112\006\110\006\047\006\106\006\112\006\051\000\040\006\047\006\104\006\105\006\052\006\103\006\047\006\105\006\104\006\051}{section.4.1}% \LRE {١٣١}
\BOOKMARK [2][-]{subsection.4.1.2}{\376\377\006\047\006\056\006\052\006\112\006\047\006\061\000\040\006\043\006\106\006\110\006\047\006\071\000\040\006\047\006\104\006\105\006\047\006\064\006\112\006\051}{section.4.1}% \LRE {١٣٢}
\BOOKMARK [2][-]{subsection.4.1.3}{\376\377\006\047\006\104\006\043\006\062\006\110\006\104\006\047\000\040\006\103\006\071\006\104\006\101\000\040\006\055\006\112\006\110\006\047\006\106\006\112\000\040\006\105\006\063\006\052\006\057\006\047\006\105}{section.4.1}% \LRE {١٣٣}
\BOOKMARK [2][-]{subsection.4.1.4}{\376\377\006\043\006\106\006\070\006\105\006\051\000\040\006\047\006\104\006\045\006\063\006\103\006\047\006\106\000\040\006\110\006\047\006\104\006\045\006\057\006\047\006\061\006\051\000\040\006\047\006\104\006\105\006\052\006\103\006\047\006\105\006\104\006\051}{section.4.1}% \LRE {١٣٤}
\BOOKMARK [2][-]{subsection.4.1.5}{\376\377\006\045\006\057\006\047\006\061\006\051\000\040\006\047\006\104\006\106\006\101\006\047\006\112\006\047\006\052\000\040\006\110\006\047\006\063\006\052\006\071\006\047\006\057\006\051\000\040\006\047\006\104\006\105\006\110\006\047\006\061\006\057}{section.4.1}% \LRE {١٣٥}
\BOOKMARK [2][-]{subsection.4.1.6}{\376\377\006\045\006\057\006\047\006\061\006\051\000\040\006\047\006\104\006\065\006\055\006\051\000\040\006\110\006\047\006\104\006\043\006\105\006\106\000\040\006\047\006\104\006\055\006\112\006\110\006\112}{section.4.1}% \LRE {١٣٦}
\BOOKMARK [2][-]{subsection.4.1.7}{\376\377\006\047\006\104\006\052\006\103\006\047\006\105\006\104\000\040\006\105\006\071\000\040\006\047\006\104\006\110\006\055\006\057\006\047\006\052\000\040\006\047\006\104\006\043\006\056\006\061\006\111}{section.4.1}% \LRE {١٣٧}
\BOOKMARK [0][-]{chapter.5}{\376\377\006\047\006\104\006\052\006\063\006\105\006\112\006\057\000\040\006\047\006\104\006\057\006\110\006\057\006\112\000\040\006\110\006\047\006\104\006\101\006\055\006\105\000\040\006\047\006\104\006\055\006\112\006\110\006\112}{}% \LRE {١٣٨}
\BOOKMARK [1][-]{section.5.1}{\376\377\006\106\006\070\006\061\006\051\000\040\006\071\006\047\006\105\006\051\000\040\006\071\006\104\006\111\000\040\006\047\006\104\006\052\006\063\006\105\006\112\006\057\000\040\006\047\006\104\006\057\006\110\006\057\006\112\000\040\006\110\006\047\006\104\006\101\006\055\006\105\000\040\006\047\006\104\006\055\006\112\006\110\006\112}{chapter.5}% \LRE {١٣٩}
\BOOKMARK [2][-]{subsection.5.1.1}{\376\377\006\105\006\102\006\057\006\105\006\051\000\040\006\104\006\043\006\106\006\070\006\105\006\051\000\040\006\052\006\055\006\063\006\112\006\106\000\040\006\047\006\104\006\052\006\061\006\050\006\051}{section.5.1}% \LRE {١٤٠}
\BOOKMARK [2][-]{subsection.5.1.2}{\376\377\006\106\006\070\006\047\006\105\000\040\006\047\006\104\006\052\006\063\006\105\006\112\006\057\000\040\006\047\006\104\006\057\006\110\006\057\006\112}{section.5.1}% \LRE {١٤١}
\BOOKMARK [2][-]{subsection.5.1.3}{\376\377\006\106\006\070\006\047\006\105\000\040\006\045\006\106\006\052\006\047\006\054\000\040\006\047\006\104\006\101\006\055\006\105\000\040\006\047\006\104\006\055\006\112\006\110\006\112}{section.5.1}% \LRE {١٤٢}
\BOOKMARK [2][-]{subsection.5.1.4}{\376\377\006\101\006\110\006\047\006\046\006\057\000\040\006\052\006\055\006\063\006\112\006\106\000\040\006\047\006\104\006\052\006\061\006\050\006\051}{section.5.1}% \LRE {١٤٣}
\BOOKMARK [2][-]{subsection.5.1.5}{\376\377\006\047\006\055\006\052\006\054\006\047\006\062\000\040\006\047\006\104\006\103\006\061\006\050\006\110\006\106}{section.5.1}% \LRE {١٤٤}
\BOOKMARK [2][-]{subsection.5.1.6}{\376\377\006\050\006\061\006\110\006\052\006\110\006\103\006\110\006\104\006\047\006\052\000\040\006\047\006\104\006\052\006\067\006\050\006\112\006\102}{section.5.1}% \LRE {١٤٥}
\BOOKMARK [2][-]{subsection.5.1.7}{\376\377\006\047\006\104\006\052\006\103\006\047\006\105\006\104\000\040\006\105\006\071\000\040\006\047\006\104\006\110\006\055\006\057\006\047\006\052\000\040\006\047\006\104\006\043\006\056\006\061\006\111}{section.5.1}% \LRE {١٤٦}
\BOOKMARK [2][-]{subsection.5.1.8}{\376\377\006\047\006\104\006\050\006\055\006\053\000\040\006\110\006\047\006\104\006\052\006\067\006\110\006\112\006\061}{section.5.1}% \LRE {١٤٧}
\BOOKMARK [0][-]{chapter.6}{\376\377\006\062\006\061\006\047\006\071\006\051\000\040\006\047\006\104\006\106\006\056\006\112\006\104}{}% \LRE {١٤٨}
\BOOKMARK [1][-]{section.6.1}{\376\377\006\106\006\070\006\061\006\051\000\040\006\071\006\047\006\105\006\051\000\040\006\071\006\104\006\111\000\040\006\062\006\061\006\047\006\071\006\051\000\040\006\047\006\104\006\106\006\056\006\112\006\104}{chapter.6}% \LRE {١٤٩}
\BOOKMARK [2][-]{subsection.6.1.1}{\376\377\006\105\006\102\006\057\006\105\006\051}{section.6.1}% \LRE {١٥٠}
\BOOKMARK [2][-]{subsection.6.1.2}{\376\377\006\047\006\104\006\043\006\107\006\105\006\112\006\051\000\040\006\110\006\047\006\104\006\102\006\057\006\061\006\051\000\040\006\071\006\104\006\111\000\040\006\047\006\104\006\052\006\103\006\112\006\101}{section.6.1}% \LRE {١٥١}
\BOOKMARK [2][-]{subsection.6.1.3}{\376\377\006\047\006\104\006\052\006\050\006\047\006\112\006\106\000\040\006\047\006\104\006\110\006\061\006\047\006\053\006\112\000\040\006\110\006\047\006\104\006\047\006\056\006\052\006\112\006\047\006\061}{section.6.1}% \LRE {١٥٢}
\BOOKMARK [2][-]{subsection.6.1.4}{\376\377\006\047\006\104\006\070\006\061\006\110\006\101\000\040\006\047\006\104\006\050\006\112\006\046\006\112\006\051}{section.6.1}% \LRE {١٥٣}
\BOOKMARK [2][-]{subsection.6.1.5}{\376\377\006\047\006\104\006\052\006\103\006\047\006\105\006\104\000\040\006\105\006\071\000\040\006\047\006\104\006\047\006\102\006\052\006\065\006\047\006\057\000\040\006\047\006\104\006\057\006\047\006\046\006\061\006\112}{section.6.1}% \LRE {١٥٤}
\BOOKMARK [2][-]{subsection.6.1.6}{\376\377\006\047\006\104\006\106\006\052\006\047\006\046\006\054\000\040\006\047\006\104\006\105\006\052\006\110\006\102\006\071\006\051}{section.6.1}% \LRE {١٥٥}
\BOOKMARK [1][-]{section.6.2}{\376\377\006\047\006\104\006\056\006\067\006\051\000\040\006\047\006\104\006\047\006\063\006\052\006\061\006\047\006\052\006\112\006\054\006\112\006\051\000\040\006\104\006\062\006\061\006\047\006\071\006\051\000\040\006\047\006\104\006\106\006\056\006\112\006\104}{chapter.6}% \LRE {١٥٦}
\BOOKMARK [2][-]{subsection.6.2.1}{\376\377\006\047\006\104\006\052\006\106\006\101\006\112\006\060\000\040\006\047\006\104\006\105\006\061\006\055\006\104\006\112\000\040\000\050\0002\0000\0002\0006\000-\0002\0000\0003\0001\000\051}{section.6.2}% \LRE {١٥٧}
\BOOKMARK [2][-]{subsection.6.2.2}{\376\377\006\105\006\044\006\064\006\061\006\047\006\052\000\040\006\047\006\104\006\043\006\057\006\047\006\041\000\040\006\047\006\104\006\061\006\046\006\112\006\063\006\112\006\051}{section.6.2}% \LRE {١٥٨}
\BOOKMARK [1][-]{section.6.3}{\376\377\006\047\006\104\006\056\006\067\006\051\000\040\006\047\006\104\006\052\006\064\006\072\006\112\006\104\006\112\006\051\000\040\006\104\006\062\006\061\006\047\006\071\006\051\000\040\006\047\006\104\006\106\006\056\006\112\006\104}{chapter.6}% \LRE {١٥٩}
\BOOKMARK [2][-]{subsection.6.3.1}{\376\377\006\047\006\104\006\052\006\106\006\101\006\112\006\060\000\040\006\047\006\104\006\105\006\061\006\055\006\104\006\112\000\040\000\050\0002\0000\0002\0006\000-\0002\0000\0003\0001\000\051}{section.6.3}% \LRE {١٦٠}
\BOOKMARK [2][-]{subsection.6.3.2}{\376\377\006\047\006\104\006\105\006\102\006\047\006\112\006\112\006\063\000\040\006\047\006\104\006\052\006\064\006\072\006\112\006\104\006\112\006\051}{section.6.3}% \LRE {١٦١}
\BOOKMARK [1][-]{section.6.4}{\376\377\006\047\006\104\006\056\006\067\006\051\000\040\006\047\006\104\006\105\006\047\006\104\006\112\006\051\000\040\006\104\006\062\006\061\006\047\006\071\006\051\000\040\006\047\006\104\006\106\006\056\006\112\006\104}{chapter.6}% \LRE {١٦٢}
\BOOKMARK [2][-]{subsection.6.4.1}{\376\377\006\105\006\112\006\062\006\047\006\106\006\112\006\051\000\040\006\047\006\104\006\052\006\106\006\101\006\112\006\060\000\040\006\047\006\104\006\105\006\061\006\055\006\104\006\112\000\040\000\050\0002\0000\0002\0006\000-\0002\0000\0003\0001\000\051}{section.6.4}% \LRE {١٦٣}
\BOOKMARK [2][-]{subsection.6.4.2}{\376\377\006\047\006\104\006\105\006\102\006\047\006\112\006\112\006\063\000\040\006\047\006\104\006\105\006\047\006\104\006\112\006\051}{section.6.4}% \LRE {١٦٤}
\BOOKMARK [1][-]{section.6.5}{\376\377\006\105\006\052\006\067\006\104\006\050\006\047\006\052\000\040\006\047\006\104\006\105\006\110\006\047\006\061\006\057\000\040\006\104\006\062\006\061\006\047\006\071\006\051\000\040\006\047\006\104\006\106\006\056\006\112\006\104}{chapter.6}% \LRE {١٦٥}
\BOOKMARK [2][-]{subsection.6.5.1}{\376\377\006\105\006\052\006\067\006\104\006\050\006\047\006\052\000\040\006\047\006\104\006\052\006\106\006\101\006\112\006\060\000\040\006\047\006\104\006\105\006\061\006\055\006\104\006\112\000\040\000\050\0002\0000\0002\0006\000-\0002\0000\0003\0001\000\051}{section.6.5}% \LRE {١٦٦}
\BOOKMARK [2][-]{subsection.6.5.2}{\376\377\006\105\006\044\006\064\006\061\006\047\006\052\000\040\006\103\006\101\006\047\006\041\006\051\000\040\006\047\006\104\006\105\006\110\006\047\006\061\006\057}{section.6.5}% \LRE {١٦٧}
\BOOKMARK [1][-]{section.6.6}{\376\377\006\056\006\067\006\051\000\040\006\052\006\103\006\047\006\105\006\104\000\040\006\062\006\061\006\047\006\071\006\051\000\040\006\047\006\104\006\106\006\056\006\112\006\104}{chapter.6}% \LRE {١٦٨}
\BOOKMARK [2][-]{subsection.6.6.1}{\376\377\006\106\006\070\006\061\006\051\000\040\006\071\006\047\006\105\006\051\000\040\006\071\006\104\006\111\000\040\006\047\006\104\006\052\006\103\006\047\006\105\006\104\000\040\006\101\006\112\000\040\006\047\006\104\006\047\006\102\006\052\006\065\006\047\006\057\000\040\006\047\006\104\006\057\006\047\006\046\006\061\006\112}{section.6.6}% \LRE {١٦٩}
\BOOKMARK [2][-]{subsection.6.6.2}{\376\377\006\105\006\056\006\067\006\067\000\040\006\052\006\057\006\101\006\102\000\040\006\047\006\104\006\105\006\110\006\047\006\061\006\057}{section.6.6}% \LRE {١٧٠}
\BOOKMARK [2][-]{subsection.6.6.3}{\376\377\006\052\006\103\006\047\006\105\006\104\000\040\006\047\006\104\006\105\006\057\006\056\006\104\006\047\006\052}{section.6.6}% \LRE {١٧١}
\BOOKMARK [2][-]{subsection.6.6.4}{\376\377\006\052\006\103\006\047\006\105\006\104\000\040\006\047\006\104\006\105\006\056\006\061\006\054\006\047\006\052}{section.6.6}% \LRE {١٧٢}
\BOOKMARK [2][-]{subsection.6.6.5}{\376\377\006\105\006\105\006\047\006\061\006\063\006\047\006\052\000\040\006\047\006\104\006\045\006\057\006\047\006\061\006\051\000\040\006\047\006\104\006\105\006\052\006\103\006\047\006\105\006\104\006\051}{section.6.6}% \LRE {١٧٣}
\BOOKMARK [2][-]{subsection.6.6.6}{\376\377\006\052\006\103\006\047\006\105\006\104\000\040\006\047\006\104\006\105\006\071\006\061\006\101\006\051\000\040\006\110\006\047\006\104\006\050\006\112\006\047\006\106\006\047\006\052}{section.6.6}% \LRE {١٧٤}
\BOOKMARK [2][-]{subsection.6.6.7}{\376\377\006\047\006\104\006\052\006\103\006\047\006\105\006\104\000\040\006\047\006\104\006\047\006\102\006\052\006\065\006\047\006\057\006\112}{section.6.6}% \LRE {١٧٥}
\BOOKMARK [2][-]{subsection.6.6.8}{\376\377\006\047\006\104\006\054\006\057\006\110\006\104\000\040\006\047\006\104\006\062\006\105\006\106\006\112\000\040\006\104\006\104\006\052\006\106\006\101\006\112\006\060}{section.6.6}% \LRE {١٧٦}
\BOOKMARK [2][-]{subsection.6.6.9}{\376\377\006\047\006\104\006\105\006\061\006\047\006\102\006\050\006\051\000\040\006\110\006\047\006\104\006\052\006\102\006\112\006\112\006\105}{section.6.6}% \LRE {١٧٧}
\BOOKMARK [0][-]{chapter.7}{\376\377\006\062\006\061\006\047\006\071\006\051\000\040\006\047\006\104\006\052\006\112\006\106\000\040\006\047\006\104\006\064\006\110\006\103\006\112}{}% \LRE {١٧٨}
\BOOKMARK [0][-]{chapter.8}{\376\377\006\062\006\061\006\047\006\071\006\051\000\040\006\047\006\104\006\062\006\112\006\052\006\110\006\106}{}% \LRE {١٧٩}
\BOOKMARK [1][-]{section.8.1}{\376\377\006\106\006\070\006\061\006\051\000\040\006\071\006\047\006\105\006\051\000\040\006\071\006\104\006\111\000\040\006\110\006\055\006\057\006\051\000\040\006\062\006\061\006\047\006\071\006\051\000\040\006\047\006\104\006\062\006\112\006\052\006\110\006\106}{chapter.8}% \LRE {١٨٠}
\BOOKMARK [2][-]{subsection.8.1.1}{\376\377\006\110\006\065\006\101\000\040\006\047\006\104\006\110\006\055\006\057\006\051}{section.8.1}% \LRE {١٨١}
\BOOKMARK [2][-]{subsection.8.1.2}{\376\377\006\047\006\104\006\043\006\107\006\105\006\112\006\051\000\040\006\047\006\104\006\047\006\063\006\052\006\061\006\047\006\052\006\112\006\054\006\112\006\051}{section.8.1}% \LRE {١٨٢}
\BOOKMARK [2][-]{subsection.8.1.3}{\376\377\006\043\006\107\006\057\006\047\006\101\000\040\006\047\006\104\006\045\006\106\006\052\006\047\006\054\000\040\006\047\006\104\006\061\006\046\006\112\006\063\006\112\006\051}{section.8.1}% \LRE {١٨٣}
\BOOKMARK [2][-]{subsection.8.1.4}{\376\377\006\047\006\104\006\052\006\103\006\047\006\105\006\104\000\040\006\105\006\071\000\040\006\047\006\104\006\110\006\055\006\057\006\047\006\052\000\040\006\047\006\104\006\043\006\056\006\061\006\111}{section.8.1}% \LRE {١٨٤}
\BOOKMARK [2][-]{subsection.8.1.5}{\376\377\006\047\006\104\006\043\006\053\006\061\000\040\006\047\006\104\006\047\006\102\006\052\006\065\006\047\006\057\006\112}{section.8.1}% \LRE {١٨٥}
\BOOKMARK [2][-]{subsection.8.1.6}{\376\377\006\047\006\104\006\047\006\063\006\052\006\057\006\047\006\105\006\051\000\040\006\047\006\104\006\050\006\112\006\046\006\112\006\051}{section.8.1}% \LRE {١٨٦}
\BOOKMARK [1][-]{section.8.2}{\376\377\006\047\006\104\006\056\006\067\006\051\000\040\006\047\006\104\006\047\006\063\006\052\006\061\006\047\006\052\006\112\006\054\006\112\006\051\000\040\006\104\006\062\006\061\006\047\006\071\006\051\000\040\006\047\006\104\006\062\006\112\006\052\006\110\006\106}{chapter.8}% \LRE {١٨٧}
\BOOKMARK [2][-]{subsection.8.2.1}{\376\377\006\047\006\104\006\061\006\044\006\112\006\051\000\040\006\110\006\047\006\104\006\061\006\063\006\047\006\104\006\051}{section.8.2}% \LRE {١٨٨}
\BOOKMARK [2][-]{subsection.8.2.2}{\376\377\006\047\006\104\006\043\006\107\006\057\006\047\006\101\000\040\006\047\006\104\006\047\006\063\006\052\006\061\006\047\006\052\006\112\006\054\006\112\006\051}{section.8.2}% \LRE {١٨٩}
\BOOKMARK [2][-]{subsection.8.2.3}{\376\377\006\047\006\104\006\052\006\055\006\104\006\112\006\104\000\040\006\047\006\104\006\047\006\063\006\052\006\061\006\047\006\052\006\112\006\054\006\112}{section.8.2}% \LRE {١٩٠}
\BOOKMARK [2][-]{subsection.8.2.4}{\376\377\006\047\006\063\006\052\006\061\006\047\006\052\006\112\006\054\006\112\006\051\000\040\006\047\006\104\006\052\006\106\006\101\006\112\006\060}{section.8.2}% \LRE {١٩١}
\BOOKMARK [2][-]{subsection.8.2.5}{\376\377\006\071\006\110\006\047\006\105\006\104\000\040\006\047\006\104\006\106\006\054\006\047\006\055\000\040\006\047\006\104\006\061\006\046\006\112\006\063\006\112\006\051}{section.8.2}% \LRE {١٩٢}
\BOOKMARK [2][-]{subsection.8.2.6}{\376\377\006\105\006\061\006\047\006\102\006\050\006\051\000\040\006\047\006\104\006\043\006\057\006\047\006\041}{section.8.2}% \LRE {١٩٣}
\BOOKMARK [1][-]{section.8.3}{\376\377\006\047\006\104\006\056\006\067\006\051\000\040\006\047\006\104\006\052\006\064\006\072\006\112\006\104\006\112\006\051\000\040\006\104\006\062\006\061\006\047\006\071\006\051\000\040\006\047\006\104\006\062\006\112\006\052\006\110\006\106}{chapter.8}% \LRE {١٩٤}
\BOOKMARK [2][-]{subsection.8.3.1}{\376\377\006\054\006\057\006\110\006\104\000\040\006\047\006\104\006\052\006\106\006\101\006\112\006\060\000\040\006\047\006\104\006\063\006\106\006\110\006\112\000\040\000\050\0002\0000\0002\0006\000-\0002\0000\0003\0001\000\051}{section.8.3}% \LRE {١٩٥}
\BOOKMARK [2][-]{subsection.8.3.2}{\376\377\006\047\006\104\006\050\006\061\006\110\006\052\006\110\006\103\006\110\006\104\006\047\006\052\000\040\006\047\006\104\006\052\006\064\006\072\006\112\006\104\006\112\006\051}{section.8.3}% \LRE {١٩٦}
\BOOKMARK [1][-]{section.8.4}{\376\377\006\047\006\104\006\056\006\067\006\051\000\040\006\047\006\104\006\105\006\047\006\104\006\112\006\051\000\040\006\104\006\062\006\061\006\047\006\071\006\051\000\040\006\047\006\104\006\062\006\112\006\052\006\110\006\106}{chapter.8}% \LRE {١٩٧}
\BOOKMARK [2][-]{subsection.8.4.1}{\376\377\006\105\006\052\006\067\006\104\006\050\006\047\006\052\000\040\006\047\006\104\006\047\006\063\006\052\006\053\006\105\006\047\006\061\000\040\006\047\006\104\006\061\006\043\006\063\006\105\006\047\006\104\006\112}{section.8.4}% \LRE {١٩٨}
\BOOKMARK [2][-]{subsection.8.4.2}{\376\377\006\052\006\103\006\047\006\104\006\112\006\101\000\040\006\047\006\104\006\052\006\064\006\072\006\112\006\104}{section.8.4}% \LRE {١٩٩}
\BOOKMARK [2][-]{subsection.8.4.3}{\376\377\006\052\006\110\006\102\006\071\006\047\006\052\000\040\006\047\006\104\006\045\006\112\006\061\006\047\006\057\006\047\006\052}{section.8.4}% \LRE {٢٠٠}
\BOOKMARK [2][-]{subsection.8.4.4}{\376\377\006\047\006\104\006\052\006\055\006\104\006\112\006\104\000\040\006\047\006\104\006\105\006\047\006\104\006\112}{section.8.4}% \LRE {٢٠١}
\BOOKMARK [2][-]{subsection.8.4.5}{\376\377\006\047\006\063\006\052\006\061\006\047\006\052\006\112\006\054\006\112\006\051\000\040\006\047\006\104\006\052\006\105\006\110\006\112\006\104}{section.8.4}% \LRE {٢٠٢}
\BOOKMARK [2][-]{subsection.8.4.6}{\376\377\006\045\006\057\006\047\006\061\006\051\000\040\006\047\006\104\006\105\006\056\006\047\006\067\006\061}{section.8.4}% \LRE {٢٠٣}
\BOOKMARK [1][-]{section.8.5}{\376\377\006\105\006\052\006\067\006\104\006\050\006\047\006\052\000\040\006\047\006\104\006\105\006\110\006\047\006\061\006\057\000\040\006\104\006\062\006\061\006\047\006\071\006\051\000\040\006\047\006\104\006\062\006\112\006\052\006\110\006\106}{chapter.8}% \LRE {٢٠٤}
\BOOKMARK [2][-]{subsection.8.5.1}{\376\377\006\105\006\052\006\067\006\104\006\050\006\047\006\052\000\040\006\047\006\104\006\043\006\061\006\066}{section.8.5}% \LRE {٢٠٥}
\BOOKMARK [2][-]{subsection.8.5.2}{\376\377\006\105\006\052\006\067\006\104\006\050\006\047\006\052\000\040\006\047\006\104\006\105\006\112\006\047\006\107}{section.8.5}% \LRE {٢٠٦}
\BOOKMARK [2][-]{subsection.8.5.3}{\376\377\006\047\006\104\006\105\006\057\006\056\006\104\006\047\006\052\000\040\006\047\006\104\006\105\006\047\006\057\006\112\006\051}{section.8.5}% \LRE {٢٠٧}
\BOOKMARK [2][-]{subsection.8.5.4}{\376\377\006\047\006\104\006\105\006\071\006\057\006\047\006\052\000\040\006\110\006\047\006\104\006\050\006\106\006\112\006\051\000\040\006\047\006\104\006\052\006\055\006\052\006\112\006\051}{section.8.5}% \LRE {٢٠٨}
\BOOKMARK [2][-]{subsection.8.5.5}{\376\377\006\047\006\104\006\105\006\110\006\047\006\061\006\057\000\040\006\047\006\104\006\050\006\064\006\061\006\112\006\051}{section.8.5}% \LRE {٢٠٩}
\BOOKMARK [2][-]{subsection.8.5.6}{\376\377\006\047\006\104\006\105\006\110\006\047\006\061\006\057\000\040\006\047\006\104\006\105\006\047\006\104\006\112\006\051}{section.8.5}% \LRE {٢١٠}
\BOOKMARK [2][-]{subsection.8.5.7}{\376\377\006\105\006\110\006\047\006\061\006\057\000\040\006\047\006\104\006\052\006\103\006\047\006\105\006\104}{section.8.5}% \LRE {٢١١}
\BOOKMARK [1][-]{section.8.6}{\376\377\006\056\006\067\006\051\000\040\006\045\006\057\006\047\006\061\006\051\000\040\006\047\006\104\006\105\006\056\006\047\006\067\006\061\000\040\006\104\006\062\006\061\006\047\006\071\006\051\000\040\006\047\006\104\006\062\006\112\006\052\006\110\006\106}{chapter.8}% \LRE {٢١٢}
\BOOKMARK [2][-]{subsection.8.6.1}{\376\377\006\105\006\056\006\047\006\067\006\061\000\040\006\047\006\104\006\045\006\106\006\052\006\047\006\054}{section.8.6}% \LRE {٢١٣}
\BOOKMARK [2][-]{subsection.8.6.2}{\376\377\006\105\006\056\006\047\006\067\006\061\000\040\006\047\006\104\006\063\006\110\006\102}{section.8.6}% \LRE {٢١٤}
\BOOKMARK [2][-]{subsection.8.6.3}{\376\377\006\047\006\104\006\105\006\056\006\047\006\067\006\061\000\040\006\047\006\104\006\052\006\064\006\072\006\112\006\104\006\112\006\051}{section.8.6}% \LRE {٢١٥}
\BOOKMARK [2][-]{subsection.8.6.4}{\376\377\006\047\006\104\006\105\006\056\006\047\006\067\006\061\000\040\006\047\006\104\006\105\006\047\006\104\006\112\006\051}{section.8.6}% \LRE {٢١٦}
\BOOKMARK [2][-]{subsection.8.6.5}{\376\377\006\105\006\061\006\047\006\102\006\050\006\051\000\040\006\047\006\104\006\105\006\056\006\047\006\067\006\061\000\040\006\110\006\105\006\061\006\047\006\054\006\071\006\052\006\107\006\047}{section.8.6}% \LRE {٢١٧}
\BOOKMARK [1][-]{section.8.7}{\376\377\006\056\006\067\006\051\000\040\006\047\006\104\006\047\006\063\006\052\006\057\006\047\006\105\006\051\000\040\006\104\006\062\006\061\006\047\006\071\006\051\000\040\006\047\006\104\006\062\006\112\006\052\006\110\006\106}{chapter.8}% \LRE {٢١٨}
\BOOKMARK [2][-]{subsection.8.7.1}{\376\377\006\047\006\104\006\047\006\063\006\052\006\057\006\047\006\105\006\051\000\040\006\047\006\104\006\050\006\112\006\046\006\112\006\051}{section.8.7}% \LRE {٢١٩}
\BOOKMARK [2][-]{subsection.8.7.2}{\376\377\006\047\006\104\006\047\006\063\006\052\006\057\006\047\006\105\006\051\000\040\006\047\006\104\006\047\006\054\006\052\006\105\006\047\006\071\006\112\006\051}{section.8.7}% \LRE {٢٢٠}
\BOOKMARK [2][-]{subsection.8.7.3}{\376\377\006\047\006\104\006\047\006\063\006\052\006\057\006\047\006\105\006\051\000\040\006\047\006\104\006\047\006\102\006\052\006\065\006\047\006\057\006\112\006\051}{section.8.7}% \LRE {٢٢١}
\BOOKMARK [2][-]{subsection.8.7.4}{\376\377\006\047\006\104\006\105\006\061\006\047\006\102\006\050\006\051\000\040\006\110\006\047\006\104\006\052\006\102\006\112\006\112\006\105}{section.8.7}% \LRE {٢٢٢}
\BOOKMARK [1][-]{section.8.8}{\376\377\006\056\006\067\006\051\000\040\006\047\006\104\006\052\006\103\006\047\006\105\006\104\000\040\006\104\006\062\006\061\006\047\006\071\006\051\000\040\006\047\006\104\006\062\006\112\006\052\006\110\006\106}{chapter.8}% \LRE {٢٢٣}
\BOOKMARK [2][-]{subsection.8.8.1}{\376\377\006\047\006\104\006\052\006\103\006\047\006\105\006\104\000\040\006\047\006\104\006\105\006\061\006\055\006\104\006\112\000\040\000\050\0002\0000\0002\0006\000-\0002\0000\0003\0001\000\051}{section.8.8}% \LRE {٢٢٤}
\BOOKMARK [2][-]{subsection.8.8.2}{\376\377\006\105\006\044\006\064\006\061\006\047\006\052\000\040\006\047\006\104\006\052\006\103\006\047\006\105\006\104\000\040\006\047\006\104\006\061\006\046\006\112\006\063\006\112\006\051}{section.8.8}% \LRE {٢٢٥}
\BOOKMARK [2][-]{subsection.8.8.3}{\376\377\006\052\006\055\006\057\006\112\006\047\006\052\000\040\006\047\006\104\006\052\006\103\006\047\006\105\006\104\000\040\006\110\006\047\006\104\006\055\006\104\006\110\006\104}{section.8.8}% \LRE {٢٢٦}
\BOOKMARK [2][-]{subsection.8.8.4}{\376\377\006\047\006\104\006\105\006\061\006\047\006\102\006\050\006\051\000\040\006\110\006\047\006\104\006\052\006\102\006\112\006\112\006\105}{section.8.8}% \LRE {٢٢٧}
\BOOKMARK [2][-]{subsection.8.8.5}{\376\377\006\047\006\104\006\056\006\047\006\052\006\105\006\051}{section.8.8}% \LRE {٢٢٨}
\BOOKMARK [0][-]{chapter.9}{\376\377\006\047\006\104\006\105\006\110\006\047\006\061\006\057\000\040\006\047\006\104\006\105\006\064\006\052\006\061\006\103\006\051}{}% \LRE {٢٢٩}
\BOOKMARK [1][-]{section.9.1}{\376\377\006\106\006\070\006\061\006\051\000\040\006\071\006\047\006\105\006\051\000\040\006\071\006\104\006\111\000\040\006\047\006\104\006\105\006\064\006\061\006\110\006\071}{chapter.9}% \LRE {٢٣٠}
\BOOKMARK [1][-]{section.9.2}{\376\377\006\043\006\063\006\047\006\063\000\040\006\047\006\104\006\047\006\102\006\052\006\065\006\047\006\057\000\040\006\047\006\104\006\057\006\047\006\046\006\061\006\112}{chapter.9}% \LRE {٢٣١}
\BOOKMARK [1][-]{section.9.3}{\376\377\006\052\006\103\006\047\006\105\006\104\000\040\006\047\006\104\006\043\006\062\006\110\006\104\006\047\000\040\006\101\006\112\000\040\006\047\006\104\006\047\006\102\006\052\006\065\006\047\006\057\000\040\006\047\006\104\006\057\006\047\006\046\006\061\006\112}{chapter.9}% \LRE {٢٣٢}
\BOOKMARK [1][-]{section.9.4}{\376\377\006\047\006\104\006\052\006\110\006\047\006\101\006\102\000\040\006\105\006\071\000\040\006\047\006\104\006\047\006\063\006\052\006\061\006\047\006\052\006\112\006\054\006\112\006\047\006\052\000\040\006\047\006\104\006\110\006\067\006\106\006\112\006\051\000\040\006\047\006\104\006\105\006\065\006\061\006\112\006\051}{chapter.9}% \LRE {٢٣٣}
\BOOKMARK [1][-]{section.9.5}{\376\377\006\047\006\104\006\043\006\053\006\061\000\040\006\047\006\104\006\047\006\102\006\052\006\065\006\047\006\057\006\112\000\040\006\110\006\047\006\104\006\050\006\112\006\046\006\112}{chapter.9}% \LRE {٢٣٤}
\BOOKMARK [1][-]{section.9.6}{\376\377\006\047\006\104\006\047\006\050\006\052\006\103\006\047\006\061\000\040\006\110\006\102\006\047\006\050\006\104\006\112\006\051\000\040\006\047\006\104\006\052\006\103\006\061\006\047\006\061}{chapter.9}% \LRE {٢٣٥}
\BOOKMARK [1][-]{section.9.7}{\376\377\006\056\006\067\006\051\000\040\006\045\006\057\006\047\006\061\006\051\000\040\006\047\006\104\006\105\006\112\006\047\006\107}{chapter.9}% \LRE {٢٣٦}
\BOOKMARK [2][-]{subsection.9.7.1}{\376\377\006\106\006\070\006\047\006\105\000\040\006\045\006\057\006\047\006\061\006\051\000\040\006\047\006\104\006\105\006\112\006\047\006\107\000\040\006\047\006\104\006\105\006\052\006\103\006\047\006\105\006\104}{section.9.7}% \LRE {٢٣٧}
\BOOKMARK [2][-]{subsection.9.7.2}{\376\377\006\106\006\070\006\047\006\105\000\040\006\105\006\071\006\047\006\104\006\054\006\051\000\040\006\047\006\104\006\105\006\112\006\047\006\107\000\040\006\047\006\104\006\102\006\047\006\046\006\105\000\040\006\071\006\104\006\111\000\040\006\047\006\104\006\043\006\062\006\110\006\104\006\047}{section.9.7}% \LRE {٢٣٨}
\BOOKMARK [2][-]{subsection.9.7.3}{\376\377\006\052\006\103\006\047\006\105\006\104\000\040\006\052\006\057\006\101\006\102\000\040\006\047\006\104\006\105\006\112\006\047\006\107\000\040\006\047\006\104\006\057\006\047\006\046\006\061\006\112}{section.9.7}% \LRE {٢٣٩}
\BOOKMARK [2][-]{subsection.9.7.4}{\376\377\006\045\006\057\006\047\006\061\006\051\000\040\006\047\006\104\006\105\006\112\006\047\006\107\000\040\006\047\006\104\006\062\006\061\006\047\006\071\006\112\006\051}{section.9.7}% \LRE {٢٤٠}
\BOOKMARK [2][-]{subsection.9.7.5}{\376\377\006\047\006\063\006\052\006\061\006\047\006\052\006\112\006\054\006\112\006\047\006\052\000\040\006\047\006\104\006\055\006\101\006\047\006\070\000\040\006\071\006\104\006\111\000\040\006\047\006\104\006\105\006\112\006\047\006\107}{section.9.7}% \LRE {٢٤١}
\BOOKMARK [2][-]{subsection.9.7.6}{\376\377\006\045\006\057\006\047\006\061\006\051\000\040\006\110\006\055\006\105\006\047\006\112\006\051\000\040\006\047\006\104\006\105\006\112\006\047\006\107\000\040\006\047\006\104\006\054\006\110\006\101\006\112\006\051}{section.9.7}% \LRE {٢٤٢}
\BOOKMARK [2][-]{subsection.9.7.7}{\376\377\006\043\006\106\006\070\006\105\006\051\000\040\006\047\006\104\006\105\006\061\006\047\006\102\006\050\006\051\000\040\006\110\006\047\006\104\006\052\006\055\006\103\006\105}{section.9.7}% \LRE {٢٤٣}
\BOOKMARK [2][-]{subsection.9.7.8}{\376\377\006\056\006\067\006\051\000\040\006\047\006\104\006\047\006\063\006\052\006\054\006\047\006\050\006\051\000\040\006\104\006\104\006\067\006\110\006\047\006\061\006\046}{section.9.7}% \LRE {٢٤٤}
\BOOKMARK [0][-]{chapter.10}{\376\377\006\047\006\104\006\105\006\104\006\047\006\055\006\102}{}% \LRE {٢٤٥}
