\BOOKMARK [0][-]{chapter.1}{\376\377\006\105\006\102\006\057\006\105\006\051\000\040\006\071\006\106\000\040\006\047\006\104\006\047\006\102\006\052\006\065\006\047\006\057\000\040\006\047\006\104\006\057\006\047\006\046\006\061\006\112\000\040\006\101\006\112\000\040\006\047\006\104\006\067\006\110\006\061}{}% \LRE {١}
\BOOKMARK [1][-]{section.1.1}{\376\377\006\106\006\070\006\061\006\051\000\040\006\071\006\047\006\105\006\051\000\040\006\071\006\104\006\111\000\040\006\047\006\104\006\105\006\064\006\061\006\110\006\071}{chapter.1}% \LRE {٢}
\BOOKMARK [1][-]{section.1.2}{\376\377\006\043\006\063\006\047\006\063\000\040\006\047\006\104\006\047\006\102\006\052\006\065\006\047\006\057\000\040\006\047\006\104\006\057\006\047\006\046\006\061\006\112}{chapter.1}% \LRE {٣}
\BOOKMARK [1][-]{section.1.3}{\376\377\006\052\006\103\006\047\006\105\006\104\000\040\006\047\006\104\006\043\006\062\006\110\006\104\006\047\000\040\006\101\006\112\000\040\006\047\006\104\006\047\006\102\006\052\006\065\006\047\006\057\000\040\006\047\006\104\006\057\006\047\006\046\006\061\006\112}{chapter.1}% \LRE {٤}
\BOOKMARK [1][-]{section.1.4}{\376\377\006\047\006\104\006\052\006\110\006\047\006\101\006\102\000\040\006\105\006\071\000\040\006\047\006\104\006\047\006\063\006\052\006\061\006\047\006\052\006\112\006\054\006\112\006\047\006\052\000\040\006\047\006\104\006\110\006\067\006\106\006\112\006\051\000\040\006\047\006\104\006\105\006\065\006\061\006\112\006\051}{chapter.1}% \LRE {٥}
\BOOKMARK [1][-]{section.1.5}{\376\377\006\047\006\104\006\043\006\053\006\061\000\040\006\047\006\104\006\047\006\102\006\052\006\065\006\047\006\057\006\112\000\040\006\110\006\047\006\104\006\050\006\112\006\046\006\112}{chapter.1}% \LRE {٦}
\BOOKMARK [1][-]{section.1.6}{\376\377\006\047\006\104\006\047\006\050\006\052\006\103\006\047\006\061\000\040\006\110\006\102\006\047\006\050\006\104\006\112\006\051\000\040\006\047\006\104\006\052\006\103\006\061\006\047\006\061}{chapter.1}% \LRE {٧}
\BOOKMARK [0][-]{chapter.2}{\376\377\006\047\006\104\006\105\006\064\006\052\006\104}{}% \LRE {٨}
\BOOKMARK [1][-]{section.2.1}{\376\377\006\106\006\070\006\061\006\051\000\040\006\071\006\047\006\105\006\051\000\040\006\071\006\104\006\111\000\040\006\110\006\055\006\057\006\051\000\040\006\047\006\104\006\105\006\064\006\052\006\104}{chapter.2}% \LRE {٩}
\BOOKMARK [2][-]{subsection.2.1.1}{\376\377\006\047\006\104\006\072\006\061\006\066\000\040\006\110\006\047\006\104\006\106\006\067\006\047\006\102}{section.2.1}% \LRE {١٠}
\BOOKMARK [2][-]{subsection.2.1.2}{\376\377\006\047\006\104\006\110\006\070\006\047\006\046\006\101\000\040\006\047\006\104\006\061\006\046\006\112\006\063\006\112\006\051}{section.2.1}% \LRE {١١}
\BOOKMARK [2][-]{subsection.2.1.3}{\376\377\006\047\006\104\006\102\006\057\006\061\006\051\000\040\006\110\006\047\006\104\006\050\006\106\006\112\006\051\000\040\006\047\006\104\006\052\006\055\006\052\006\112\006\051}{section.2.1}% \LRE {١٢}
\BOOKMARK [2][-]{subsection.2.1.4}{\376\377\006\047\006\104\006\052\006\103\006\047\006\105\006\104\000\040\006\105\006\071\000\040\006\047\006\104\006\110\006\055\006\057\006\047\006\052\000\040\006\047\006\104\006\043\006\056\006\061\006\111}{section.2.1}% \LRE {١٣}
\BOOKMARK [2][-]{subsection.2.1.5}{\376\377\006\105\006\102\006\047\006\112\006\112\006\063\000\040\006\047\006\104\006\106\006\054\006\047\006\055\000\040\006\047\006\104\006\061\006\046\006\112\006\063\006\112\006\051}{section.2.1}% \LRE {١٤}
\BOOKMARK [1][-]{section.2.2}{\376\377\006\047\006\104\006\056\006\067\006\051\000\040\006\047\006\104\006\047\006\063\006\052\006\061\006\047\006\052\006\112\006\054\006\112\006\051\000\040\006\104\006\110\006\055\006\057\006\051\000\040\006\047\006\104\006\105\006\064\006\052\006\104}{chapter.2}% \LRE {١٥}
\BOOKMARK [2][-]{subsection.2.2.1}{\376\377\006\047\006\104\006\061\006\044\006\112\006\051\000\040\006\110\006\047\006\104\006\061\006\063\006\047\006\104\006\051}{section.2.2}% \LRE {١٦}
\BOOKMARK [2][-]{subsection.2.2.2}{\376\377\006\047\006\104\006\043\006\107\006\057\006\047\006\101\000\040\006\047\006\104\006\047\006\063\006\052\006\061\006\047\006\052\006\112\006\054\006\112\006\051}{section.2.2}% \LRE {١٧}
\BOOKMARK [2][-]{subsection.2.2.3}{\376\377\006\047\006\104\006\052\006\055\006\104\006\112\006\104\000\040\006\047\006\104\006\047\006\063\006\052\006\061\006\047\006\052\006\112\006\054\006\112}{section.2.2}% \LRE {١٨}
\BOOKMARK [2][-]{subsection.2.2.4}{\376\377\006\056\006\067\006\051\000\040\006\047\006\104\006\052\006\106\006\101\006\112\006\060\000\040\006\047\006\104\006\047\006\063\006\052\006\061\006\047\006\052\006\112\006\054\006\112}{section.2.2}% \LRE {١٩}
\BOOKMARK [2][-]{subsection.2.2.5}{\376\377\006\105\006\044\006\064\006\061\006\047\006\052\000\040\006\047\006\104\006\043\006\057\006\047\006\041\000\040\006\047\006\104\006\047\006\063\006\052\006\061\006\047\006\052\006\112\006\054\006\112}{section.2.2}% \LRE {٢٠}
\BOOKMARK [2][-]{subsection.2.2.6}{\376\377\006\047\006\104\006\064\006\061\006\047\006\103\006\047\006\052\000\040\006\047\006\104\006\047\006\063\006\052\006\061\006\047\006\052\006\112\006\054\006\112\006\051}{section.2.2}% \LRE {٢١}
\BOOKMARK [1][-]{section.2.3}{\376\377\006\047\006\104\006\056\006\067\006\051\000\040\006\047\006\104\006\052\006\064\006\072\006\112\006\104\006\112\006\051\000\040\006\104\006\110\006\055\006\057\006\051\000\040\006\047\006\104\006\105\006\064\006\052\006\104}{chapter.2}% \LRE {٢٢}
\BOOKMARK [2][-]{subsection.2.3.1}{\376\377\006\071\006\105\006\104\006\112\006\047\006\052\000\040\006\047\006\104\006\045\006\106\006\052\006\047\006\054}{section.2.3}% \LRE {٢٣}
\BOOKMARK [2][-]{subsection.2.3.2}{\376\377\006\045\006\057\006\047\006\061\006\051\000\040\006\047\006\104\006\105\006\061\006\047\006\101\006\102}{section.2.3}% \LRE {٢٤}
\BOOKMARK [2][-]{subsection.2.3.3}{\376\377\006\045\006\057\006\047\006\061\006\051\000\040\006\065\006\055\006\051\000\040\006\047\006\104\006\106\006\050\006\047\006\052}{section.2.3}% \LRE {٢٥}
\BOOKMARK [2][-]{subsection.2.3.4}{\376\377\006\045\006\057\006\047\006\061\006\051\000\040\006\047\006\104\006\105\006\110\006\047\006\061\006\057}{section.2.3}% \LRE {٢٦}
\BOOKMARK [2][-]{subsection.2.3.5}{\376\377\006\043\006\106\006\064\006\067\006\051\000\040\006\047\006\104\006\050\006\055\006\053\000\040\006\110\006\047\006\104\006\052\006\067\006\110\006\112\006\061}{section.2.3}% \LRE {٢٧}
\BOOKMARK [2][-]{subsection.2.3.6}{\376\377\006\066\006\105\006\047\006\106\000\040\006\047\006\104\006\054\006\110\006\057\006\051}{section.2.3}% \LRE {٢٨}
\BOOKMARK [1][-]{section.2.4}{\376\377\006\047\006\104\006\056\006\067\006\051\000\040\006\047\006\104\006\105\006\047\006\104\006\112\006\051\000\040\006\104\006\110\006\055\006\057\006\051\000\040\006\047\006\104\006\105\006\064\006\052\006\104}{chapter.2}% \LRE {٢٩}
\BOOKMARK [2][-]{subsection.2.4.1}{\376\377\006\105\006\052\006\067\006\104\006\050\006\047\006\052\000\040\006\047\006\104\006\047\006\063\006\052\006\053\006\105\006\047\006\061\000\040\006\047\006\104\006\061\006\043\006\063\006\105\006\047\006\104\006\112}{section.2.4}% \LRE {٣٠}
\BOOKMARK [2][-]{subsection.2.4.2}{\376\377\006\052\006\103\006\047\006\104\006\112\006\101\000\040\006\047\006\104\006\052\006\064\006\072\006\112\006\104}{section.2.4}% \LRE {٣١}
\BOOKMARK [2][-]{subsection.2.4.3}{\376\377\006\052\006\110\006\102\006\071\006\047\006\052\000\040\006\047\006\104\006\045\006\112\006\061\006\047\006\057\006\047\006\052}{section.2.4}% \LRE {٣٢}
\BOOKMARK [2][-]{subsection.2.4.4}{\376\377\006\047\006\104\006\052\006\055\006\104\006\112\006\104\000\040\006\047\006\104\006\105\006\047\006\104\006\112}{section.2.4}% \LRE {٣٣}
\BOOKMARK [2][-]{subsection.2.4.5}{\376\377\006\047\006\063\006\052\006\061\006\047\006\052\006\112\006\054\006\112\006\051\000\040\006\047\006\104\006\052\006\105\006\110\006\112\006\104}{section.2.4}% \LRE {٣٤}
\BOOKMARK [2][-]{subsection.2.4.6}{\376\377\006\045\006\057\006\047\006\061\006\051\000\040\006\047\006\104\006\105\006\056\006\047\006\067\006\061}{section.2.4}% \LRE {٣٥}
\BOOKMARK [1][-]{section.2.5}{\376\377\006\105\006\052\006\067\006\104\006\050\006\047\006\052\000\040\006\047\006\104\006\105\006\110\006\047\006\061\006\057\000\040\006\104\006\110\006\055\006\057\006\051\000\040\006\047\006\104\006\105\006\064\006\052\006\104}{chapter.2}% \LRE {٣٦}
\BOOKMARK [2][-]{subsection.2.5.1}{\376\377\006\105\006\052\006\067\006\104\006\050\006\047\006\052\000\040\006\047\006\104\006\043\006\061\006\066\000\040\006\110\006\047\006\104\006\050\006\106\006\112\006\051\000\040\006\047\006\104\006\052\006\055\006\052\006\112\006\051}{section.2.5}% \LRE {٣٧}
\BOOKMARK [2][-]{subsection.2.5.2}{\376\377\006\105\006\052\006\067\006\104\006\050\006\047\006\052\000\040\006\047\006\104\006\105\006\071\006\057\006\047\006\052\000\040\006\110\006\047\006\104\006\052\006\103\006\106\006\110\006\104\006\110\006\054\006\112\006\047}{section.2.5}% \LRE {٣٨}
\BOOKMARK [2][-]{subsection.2.5.3}{\376\377\006\105\006\052\006\067\006\104\006\050\006\047\006\052\000\040\006\047\006\104\006\105\006\110\006\047\006\061\006\057\000\040\006\047\006\104\006\050\006\064\006\061\006\112\006\051}{section.2.5}% \LRE {٣٩}
\BOOKMARK [2][-]{subsection.2.5.4}{\376\377\006\105\006\052\006\067\006\104\006\050\006\047\006\052\000\040\006\047\006\104\006\105\006\110\006\047\006\057\000\040\006\110\006\047\006\104\006\105\006\063\006\052\006\104\006\062\006\105\006\047\006\052}{section.2.5}% \LRE {٤٠}
\BOOKMARK [2][-]{subsection.2.5.5}{\376\377\006\105\006\052\006\067\006\104\006\050\006\047\006\052\000\040\006\047\006\104\006\105\006\061\006\047\006\101\006\102}{section.2.5}% \LRE {٤١}
\BOOKMARK [2][-]{subsection.2.5.6}{\376\377\006\047\006\104\006\055\006\065\006\110\006\104\000\040\006\071\006\104\006\111\000\040\006\047\006\104\006\105\006\110\006\047\006\061\006\057\000\040\006\047\006\104\006\105\006\061\006\055\006\104\006\112}{section.2.5}% \LRE {٤٢}
\BOOKMARK [1][-]{section.2.6}{\376\377\006\056\006\067\006\051\000\040\006\045\006\057\006\047\006\061\006\051\000\040\006\047\006\104\006\105\006\056\006\047\006\067\006\061\000\040\006\104\006\110\006\055\006\057\006\051\000\040\006\047\006\104\006\105\006\064\006\052\006\104}{chapter.2}% \LRE {٤٣}
\BOOKMARK [2][-]{subsection.2.6.1}{\376\377\006\106\006\107\006\054\000\040\006\045\006\057\006\047\006\061\006\051\000\040\006\047\006\104\006\105\006\056\006\047\006\067\006\061}{section.2.6}% \LRE {٤٤}
\BOOKMARK [2][-]{subsection.2.6.2}{\376\377\006\052\006\055\006\057\006\112\006\057\000\040\006\110\006\052\006\102\006\112\006\112\006\105\000\040\006\047\006\104\006\105\006\056\006\047\006\067\006\061}{section.2.6}% \LRE {٤٥}
\BOOKMARK [2][-]{subsection.2.6.3}{\376\377\006\047\006\063\006\052\006\061\006\047\006\052\006\112\006\054\006\112\006\047\006\052\000\040\006\047\006\104\006\047\006\063\006\052\006\054\006\047\006\050\006\051\000\040\006\104\006\104\006\105\006\056\006\047\006\067\006\061}{section.2.6}% \LRE {٤٦}
\BOOKMARK [2][-]{subsection.2.6.4}{\376\377\006\047\006\104\006\052\006\056\006\067\006\112\006\067\000\040\006\104\006\104\006\067\006\110\006\047\006\061\006\046}{section.2.6}% \LRE {٤٧}
\BOOKMARK [2][-]{subsection.2.6.5}{\376\377\006\105\006\061\006\047\006\102\006\050\006\051\000\040\006\047\006\104\006\105\006\056\006\047\006\067\006\061\000\040\006\110\006\047\006\104\006\052\006\055\006\103\006\105\000\040\006\101\006\112\006\107\006\047}{section.2.6}% \LRE {٤٨}
\BOOKMARK [2][-]{subsection.2.6.6}{\376\377\006\045\006\057\006\047\006\061\006\051\000\040\006\047\006\104\006\101\006\061\006\065}{section.2.6}% \LRE {٤٩}
\BOOKMARK [1][-]{section.2.7}{\376\377\006\056\006\067\006\051\000\040\006\047\006\104\006\047\006\063\006\052\006\057\006\047\006\105\006\051}{chapter.2}% \LRE {٥٠}
\BOOKMARK [2][-]{subsection.2.7.1}{\376\377\006\047\006\104\006\047\006\063\006\052\006\057\006\047\006\105\006\051\000\040\006\047\006\104\006\050\006\112\006\046\006\112\006\051}{section.2.7}% \LRE {٥١}
\BOOKMARK [2][-]{subsection.2.7.2}{\376\377\006\047\006\104\006\047\006\063\006\052\006\057\006\047\006\105\006\051\000\040\006\047\006\104\006\047\006\102\006\052\006\065\006\047\006\057\006\112\006\051}{section.2.7}% \LRE {٥٢}
\BOOKMARK [2][-]{subsection.2.7.3}{\376\377\006\047\006\104\006\047\006\063\006\052\006\057\006\047\006\105\006\051\000\040\006\047\006\104\006\047\006\054\006\052\006\105\006\047\006\071\006\112\006\051}{section.2.7}% \LRE {٥٣}
\BOOKMARK [2][-]{subsection.2.7.4}{\376\377\006\105\006\102\006\047\006\112\006\112\006\063\000\040\006\047\006\104\006\047\006\063\006\052\006\057\006\047\006\105\006\051\000\040\006\067\006\110\006\112\006\104\006\051\000\040\006\047\006\104\006\105\006\057\006\111}{section.2.7}% \LRE {٥٤}
\BOOKMARK [2][-]{subsection.2.7.5}{\376\377\006\047\006\104\006\052\006\055\006\063\006\112\006\106\000\040\006\047\006\104\006\105\006\063\006\052\006\105\006\061}{section.2.7}% \LRE {٥٥}
\BOOKMARK [1][-]{section.2.8}{\376\377\006\056\006\067\006\051\000\040\006\047\006\104\006\052\006\103\006\047\006\105\006\104\000\040\006\104\006\110\006\055\006\057\006\051\000\040\006\047\006\104\006\105\006\064\006\052\006\104}{chapter.2}% \LRE {٥٦}
\BOOKMARK [2][-]{subsection.2.8.1}{\376\377\006\106\006\070\006\061\006\051\000\040\006\071\006\047\006\105\006\051\000\040\006\071\006\104\006\111\000\040\006\047\006\104\006\052\006\103\006\047\006\105\006\104}{section.2.8}% \LRE {٥٧}
\BOOKMARK [2][-]{subsection.2.8.2}{\376\377\006\052\006\103\006\047\006\105\006\104\000\040\006\047\006\104\006\105\006\057\006\056\006\104\006\047\006\052}{section.2.8}% \LRE {٥٨}
\BOOKMARK [2][-]{subsection.2.8.3}{\376\377\006\052\006\103\006\047\006\105\006\104\000\040\006\047\006\104\006\105\006\056\006\061\006\054\006\047\006\052}{section.2.8}% \LRE {٥٩}
\BOOKMARK [2][-]{subsection.2.8.4}{\376\377\006\052\006\057\006\101\006\102\006\047\006\052\000\040\006\047\006\104\006\105\006\110\006\047\006\057\000\040\006\047\006\104\006\057\006\047\006\046\006\061\006\112\006\051}{section.2.8}% \LRE {٦٠}
\BOOKMARK [2][-]{subsection.2.8.5}{\376\377\006\045\006\057\006\047\006\061\006\051\000\040\006\047\006\104\006\052\006\103\006\047\006\105\006\104}{section.2.8}% \LRE {٦١}
\BOOKMARK [2][-]{subsection.2.8.6}{\376\377\006\052\006\106\006\101\006\112\006\060\000\040\006\047\006\104\006\052\006\103\006\047\006\105\006\104\000\040\006\047\006\104\006\105\006\061\006\055\006\104\006\112}{section.2.8}% \LRE {٦٢}
\BOOKMARK [0][-]{chapter.3}{\376\377\006\062\006\061\006\047\006\071\006\051\000\040\006\047\006\104\006\043\006\062\006\110\006\104\006\047}{}% \LRE {٦٣}
\BOOKMARK [1][-]{section.3.1}{\376\377\006\106\006\070\006\061\006\051\000\040\006\071\006\047\006\105\006\051\000\040\006\071\006\104\006\111\000\040\006\062\006\061\006\047\006\071\006\051\000\040\006\047\006\104\006\043\006\062\006\110\006\104\006\047}{chapter.3}% \LRE {٦٤}
\BOOKMARK [2][-]{subsection.3.1.1}{\376\377\006\105\006\102\006\057\006\105\006\051\000\040\006\071\006\106\000\040\006\047\006\104\006\043\006\062\006\110\006\104\006\047}{section.3.1}% \LRE {٦٥}
\BOOKMARK [2][-]{subsection.3.1.2}{\376\377\006\047\006\104\006\056\006\065\006\047\006\046\006\065\000\040\006\047\006\104\006\050\006\112\006\110\006\104\006\110\006\054\006\112\006\051}{section.3.1}% \LRE {٦٦}
\BOOKMARK [2][-]{subsection.3.1.3}{\376\377\006\052\006\102\006\057\006\112\006\061\006\047\006\052\000\040\006\047\006\104\006\045\006\106\006\052\006\047\006\054\006\112\006\051\000\040\006\110\006\047\006\104\006\072\006\104\006\051}{section.3.1}% \LRE {٦٧}
\BOOKMARK [2][-]{subsection.3.1.4}{\376\377\006\047\006\104\006\052\006\067\006\050\006\112\006\102\006\047\006\052\000\040\006\105\006\052\006\071\006\057\006\057\006\051\000\040\006\047\006\104\006\110\006\070\006\047\006\046\006\101}{section.3.1}% \LRE {٦٨}
\BOOKMARK [2][-]{subsection.3.1.5}{\376\377\006\047\006\104\006\052\006\103\006\047\006\105\006\104\000\040\006\105\006\071\000\040\006\047\006\104\006\110\006\055\006\057\006\047\006\052\000\040\006\047\006\104\006\043\006\056\006\061\006\111}{section.3.1}% \LRE {٦٩}
\BOOKMARK [2][-]{subsection.3.1.6}{\376\377\006\047\006\104\006\101\006\110\006\047\006\046\006\057\000\040\006\047\006\104\006\050\006\112\006\046\006\112\006\051}{section.3.1}% \LRE {٧٠}
\BOOKMARK [2][-]{subsection.3.1.7}{\376\377\006\047\006\104\006\043\006\107\006\105\006\112\006\051\000\040\006\047\006\104\006\047\006\063\006\052\006\061\006\047\006\052\006\112\006\054\006\112\006\051}{section.3.1}% \LRE {٧١}
\BOOKMARK [2][-]{subsection.3.1.8}{\376\377\006\052\006\101\006\047\006\065\006\112\006\104\000\040\006\047\006\104\006\105\006\064\006\061\006\110\006\071}{section.3.1}% \LRE {٧٢}
\BOOKMARK [2][-]{subsection.3.1.9}{\376\377\006\047\006\104\006\052\006\043\006\053\006\112\006\061\000\040\006\047\006\104\006\047\006\102\006\052\006\065\006\047\006\057\006\112\000\040\006\110\006\047\006\104\006\050\006\112\006\046\006\112}{section.3.1}% \LRE {٧٣}
\BOOKMARK [2][-]{subsection.3.1.10}{\376\377\006\047\006\104\006\052\006\103\006\047\006\105\006\104\000\040\006\105\006\071\000\040\006\047\006\104\006\063\006\112\006\047\006\063\006\047\006\052\000\040\006\047\006\104\006\110\006\067\006\106\006\112\006\051}{section.3.1}% \LRE {٧٤}
\BOOKMARK [1][-]{section.3.2}{\376\377\006\047\006\104\006\056\006\067\006\051\000\040\006\047\006\104\006\047\006\063\006\052\006\061\006\047\006\052\006\112\006\054\006\112\006\051\000\040\006\104\006\062\006\061\006\047\006\071\006\051\000\040\006\047\006\104\006\043\006\062\006\110\006\104\006\047}{chapter.3}% \LRE {٧٥}
\BOOKMARK [2][-]{subsection.3.2.1}{\376\377\006\047\006\104\006\061\006\044\006\112\006\051\000\040\006\110\006\047\006\104\006\061\006\063\006\047\006\104\006\051}{section.3.2}% \LRE {٧٦}
\BOOKMARK [2][-]{subsection.3.2.2}{\376\377\006\047\006\104\006\043\006\107\006\057\006\047\006\101\000\040\006\047\006\104\006\047\006\063\006\052\006\061\006\047\006\052\006\112\006\054\006\112\006\051}{section.3.2}% \LRE {٧٧}
\BOOKMARK [2][-]{subsection.3.2.3}{\376\377\006\047\006\104\006\052\006\110\006\047\006\101\006\102\000\040\006\105\006\071\000\040\006\047\006\104\006\047\006\063\006\052\006\061\006\047\006\052\006\112\006\054\006\112\006\047\006\052\000\040\006\047\006\104\006\110\006\067\006\106\006\112\006\051}{section.3.2}% \LRE {٧٨}
\BOOKMARK [2][-]{subsection.3.2.4}{\376\377\006\047\006\104\006\105\006\110\006\102\006\071\000\040\006\047\006\104\006\047\006\063\006\052\006\061\006\047\006\052\006\112\006\054\006\112}{section.3.2}% \LRE {٧٩}
\BOOKMARK [2][-]{subsection.3.2.5}{\376\377\006\047\006\063\006\052\006\061\006\047\006\052\006\112\006\054\006\112\006\051\000\040\006\047\006\104\006\052\006\106\006\101\006\112\006\060\000\040\006\047\006\104\006\105\006\061\006\055\006\104\006\112}{section.3.2}% \LRE {٨٠}
\BOOKMARK [2][-]{subsection.3.2.6}{\376\377\006\047\006\104\006\064\006\061\006\047\006\103\006\047\006\052\000\040\006\047\006\104\006\047\006\063\006\052\006\061\006\047\006\052\006\112\006\054\006\112\006\051}{section.3.2}% \LRE {٨١}
\BOOKMARK [2][-]{subsection.3.2.7}{\376\377\006\105\006\044\006\064\006\061\006\047\006\052\000\040\006\047\006\104\006\106\006\054\006\047\006\055}{section.3.2}% \LRE {٨٢}
\BOOKMARK [1][-]{section.3.3}{\376\377\006\056\006\067\006\051\000\040\006\052\006\064\006\072\006\112\006\104\000\040\006\062\006\061\006\047\006\071\006\051\000\040\006\047\006\104\006\043\006\062\006\110\006\104\006\047}{chapter.3}% \LRE {٨٣}
\BOOKMARK [2][-]{subsection.3.3.1}{\376\377\006\052\006\065\006\105\006\112\006\105\000\040\006\106\006\070\006\047\006\105\000\040\006\047\006\104\006\062\006\061\006\047\006\071\006\051}{section.3.3}% \LRE {٨٤}
\BOOKMARK [2][-]{subsection.3.3.2}{\376\377\006\050\006\061\006\110\006\052\006\110\006\103\006\110\006\104\006\047\006\052\000\040\006\047\006\104\006\062\006\061\006\047\006\071\006\051}{section.3.3}% \LRE {٨٥}
\BOOKMARK [2][-]{subsection.3.3.3}{\376\377\006\047\006\104\006\055\006\065\006\047\006\057\000\040\006\110\006\047\006\104\006\105\006\071\006\047\006\104\006\054\006\051}{section.3.3}% \LRE {٨٦}
\BOOKMARK [2][-]{subsection.3.3.4}{\376\377\006\052\006\103\006\047\006\105\006\104\000\040\006\045\006\106\006\052\006\047\006\054\000\040\006\047\006\104\006\057\006\112\006\062\006\104\000\040\006\047\006\104\006\055\006\112\006\110\006\112}{section.3.3}% \LRE {٨٧}
\BOOKMARK [2][-]{subsection.3.3.5}{\376\377\006\052\006\103\006\047\006\105\006\104\000\040\006\045\006\106\006\052\006\047\006\054\000\040\006\047\006\104\006\043\006\071\006\104\006\047\006\101}{section.3.3}% \LRE {٨٨}
\BOOKMARK [2][-]{subsection.3.3.6}{\376\377\006\052\006\103\006\047\006\105\006\104\000\040\006\052\006\055\006\063\006\112\006\106\000\040\006\047\006\104\006\052\006\061\006\050\006\051}{section.3.3}% \LRE {٨٩}
\BOOKMARK [2][-]{subsection.3.3.7}{\376\377\006\047\006\104\006\054\006\057\006\110\006\104\000\040\006\047\006\104\006\052\006\064\006\072\006\112\006\104\006\112}{section.3.3}% \LRE {٩٠}
\BOOKMARK [2][-]{subsection.3.3.8}{\376\377\006\106\006\070\006\047\006\105\000\040\006\105\006\061\006\047\006\102\006\050\006\051\000\040\006\047\006\104\006\054\006\110\006\057\006\051}{section.3.3}% \LRE {٩١}
\BOOKMARK [2][-]{subsection.3.3.9}{\376\377\006\047\006\104\006\052\006\110\006\070\006\112\006\101\000\040\006\110\006\047\006\104\006\052\006\057\006\061\006\112\006\050}{section.3.3}% \LRE {٩٢}
\BOOKMARK [1][-]{section.3.4}{\376\377\006\047\006\104\006\056\006\067\006\051\000\040\006\047\006\104\006\105\006\047\006\104\006\112\006\051\000\040\006\104\006\062\006\061\006\047\006\071\006\051\000\040\006\047\006\104\006\043\006\062\006\110\006\104\006\047}{chapter.3}% \LRE {٩٣}
\BOOKMARK [2][-]{subsection.3.4.1}{\376\377\006\105\006\052\006\067\006\104\006\050\006\047\006\052\000\040\006\047\006\104\006\047\006\063\006\052\006\053\006\105\006\047\006\061\000\040\006\047\006\104\006\061\006\043\006\063\006\105\006\047\006\104\006\112}{section.3.4}% \LRE {٩٤}
\BOOKMARK [2][-]{subsection.3.4.2}{\376\377\006\052\006\103\006\047\006\104\006\112\006\101\000\040\006\047\006\104\006\052\006\064\006\072\006\112\006\104}{section.3.4}% \LRE {٩٥}
\BOOKMARK [2][-]{subsection.3.4.3}{\376\377\006\052\006\110\006\102\006\071\006\047\006\052\000\040\006\047\006\104\006\045\006\112\006\061\006\047\006\057\006\047\006\052}{section.3.4}% \LRE {٩٦}
\BOOKMARK [2][-]{subsection.3.4.4}{\376\377\006\047\006\104\006\052\006\055\006\104\006\112\006\104\000\040\006\047\006\104\006\105\006\047\006\104\006\112}{section.3.4}% \LRE {٩٧}
\BOOKMARK [2][-]{subsection.3.4.5}{\376\377\006\047\006\063\006\052\006\061\006\047\006\052\006\112\006\054\006\112\006\051\000\040\006\047\006\104\006\052\006\105\006\110\006\112\006\104}{section.3.4}% \LRE {٩٨}
\BOOKMARK [2][-]{subsection.3.4.6}{\376\377\006\045\006\057\006\047\006\061\006\051\000\040\006\047\006\104\006\105\006\056\006\047\006\067\006\061\000\040\006\047\006\104\006\105\006\047\006\104\006\112\006\051}{section.3.4}% \LRE {٩٩}
\BOOKMARK [2][-]{subsection.3.4.7}{\376\377\006\047\006\104\006\105\006\061\006\047\006\102\006\050\006\051\000\040\006\110\006\047\006\104\006\052\006\055\006\103\006\105\000\040\006\047\006\104\006\105\006\047\006\104\006\112}{section.3.4}% \LRE {١٠٠}
\BOOKMARK [1][-]{section.3.5}{\376\377\006\105\006\052\006\067\006\104\006\050\006\047\006\052\000\040\006\047\006\104\006\105\006\110\006\047\006\061\006\057}{chapter.3}% \LRE {١٠١}
\BOOKMARK [2][-]{subsection.3.5.1}{\376\377\006\105\006\052\006\067\006\104\006\050\006\047\006\052\000\040\006\047\006\104\006\043\006\061\006\066}{section.3.5}% \LRE {١٠٢}
\BOOKMARK [2][-]{subsection.3.5.2}{\376\377\006\047\006\104\006\105\006\110\006\047\006\061\006\057\000\040\006\047\006\104\006\105\006\047\006\046\006\112\006\051}{section.3.5}% \LRE {١٠٣}
\BOOKMARK [2][-]{subsection.3.5.3}{\376\377\006\047\006\104\006\105\006\071\006\057\006\047\006\052\000\040\006\110\006\047\006\104\006\050\006\106\006\112\006\051\000\040\006\047\006\104\006\052\006\055\006\052\006\112\006\051}{section.3.5}% \LRE {١٠٤}
\BOOKMARK [2][-]{subsection.3.5.4}{\376\377\006\047\006\104\006\105\006\110\006\047\006\061\006\057\000\040\006\047\006\104\006\050\006\064\006\061\006\112\006\051}{section.3.5}% \LRE {١٠٥}
\BOOKMARK [1][-]{section.3.6}{\376\377\006\045\006\057\006\047\006\061\006\051\000\040\006\047\006\104\006\105\006\056\006\047\006\067\006\061}{chapter.3}% \LRE {١٠٦}
\BOOKMARK [2][-]{subsection.3.6.1}{\376\377\006\045\006\067\006\047\006\061\000\040\006\052\006\102\006\112\006\112\006\105\000\040\006\047\006\104\006\105\006\056\006\047\006\067\006\061}{section.3.6}% \LRE {١٠٧}
\BOOKMARK [2][-]{subsection.3.6.2}{\376\377\006\047\006\063\006\052\006\061\006\047\006\052\006\112\006\054\006\112\006\047\006\052\000\040\006\047\006\104\006\052\006\056\006\101\006\112\006\101}{section.3.6}% \LRE {١٠٨}
\BOOKMARK [2][-]{subsection.3.6.3}{\376\377\006\047\006\104\006\052\006\056\006\067\006\112\006\067\000\040\006\104\006\104\006\067\006\110\006\047\006\061\006\046}{section.3.6}% \LRE {١٠٩}
\BOOKMARK [2][-]{subsection.3.6.4}{\376\377\006\047\006\104\006\105\006\061\006\047\006\102\006\050\006\051\000\040\006\110\006\047\006\104\006\105\006\061\006\047\006\054\006\071\006\051}{section.3.6}% \LRE {١١٠}
\BOOKMARK [1][-]{section.3.7}{\376\377\006\056\006\067\006\051\000\040\006\047\006\104\006\047\006\063\006\052\006\057\006\047\006\105\006\051\000\040\006\104\006\062\006\061\006\047\006\071\006\051\000\040\006\047\006\104\006\043\006\062\006\110\006\104\006\047}{chapter.3}% \LRE {١١١}
\BOOKMARK [2][-]{subsection.3.7.1}{\376\377\006\061\006\044\006\112\006\051\000\040\006\110\006\105\006\050\006\047\006\057\006\046\000\040\006\047\006\104\006\047\006\063\006\052\006\057\006\047\006\105\006\051}{section.3.7}% \LRE {١١٢}
\BOOKMARK [2][-]{subsection.3.7.2}{\376\377\006\047\006\104\006\047\006\063\006\052\006\057\006\047\006\105\006\051\000\040\006\047\006\104\006\050\006\112\006\046\006\112\006\051}{section.3.7}% \LRE {١١٣}
\BOOKMARK [2][-]{subsection.3.7.3}{\376\377\006\047\006\104\006\047\006\063\006\052\006\057\006\047\006\105\006\051\000\040\006\047\006\104\006\047\006\054\006\052\006\105\006\047\006\071\006\112\006\051}{section.3.7}% \LRE {١١٤}
\BOOKMARK [2][-]{subsection.3.7.4}{\376\377\006\047\006\104\006\047\006\063\006\052\006\057\006\047\006\105\006\051\000\040\006\047\006\104\006\047\006\102\006\052\006\065\006\047\006\057\006\112\006\051}{section.3.7}% \LRE {١١٥}
\BOOKMARK [2][-]{subsection.3.7.5}{\376\377\006\047\006\104\006\055\006\110\006\103\006\105\006\051\000\040\006\110\006\047\006\104\006\045\006\057\006\047\006\061\006\051}{section.3.7}% \LRE {١١٦}
\BOOKMARK [2][-]{subsection.3.7.6}{\376\377\006\056\006\047\006\061\006\067\006\051\000\040\006\067\006\061\006\112\006\102\000\040\006\047\006\104\006\052\006\106\006\101\006\112\006\060}{section.3.7}% \LRE {١١٧}
\BOOKMARK [2][-]{subsection.3.7.7}{\376\377\006\045\006\057\006\047\006\061\006\051\000\040\006\047\006\104\006\105\006\056\006\047\006\067\006\061\000\040\006\110\006\047\006\104\006\105\006\061\006\110\006\106\006\051}{section.3.7}% \LRE {١١٨}
\BOOKMARK [1][-]{section.3.8}{\376\377\006\056\006\067\006\051\000\040\006\047\006\104\006\052\006\103\006\047\006\105\006\104\000\040\006\104\006\062\006\061\006\047\006\071\006\051\000\040\006\047\006\104\006\043\006\062\006\110\006\104\006\047}{chapter.3}% \LRE {١١٩}
\BOOKMARK [2][-]{subsection.3.8.1}{\376\377\006\047\006\104\006\052\006\103\006\047\006\105\006\104\000\040\006\047\006\104\006\105\006\061\006\055\006\104\006\112\000\040\000\050\0002\0000\0002\0006\000-\0002\0000\0003\0001\000\051}{section.3.8}% \LRE {١٢٠}
