\BOOKMARK [0][-]{chapter.1}{\376\377\000I\000n\000t\000r\000o\000d\000u\000c\000t\000i\000o\000n\000\040\000t\000o\000\040\000E\000l\000\040\000T\000o\000r\000\040\000C\000i\000r\000c\000u\000l\000a\000r\000\040\000E\000c\000o\000n\000o\000m\000y}{}% 1
\BOOKMARK [1][-]{section.1.1}{\376\377\000P\000r\000o\000j\000e\000c\000t\000\040\000O\000v\000e\000r\000v\000i\000e\000w}{chapter.1}% 2
\BOOKMARK [1][-]{section.1.2}{\376\377\000C\000i\000r\000c\000u\000l\000a\000r\000\040\000E\000c\000o\000n\000o\000m\000y\000\040\000F\000o\000u\000n\000d\000a\000t\000i\000o\000n}{chapter.1}% 3
\BOOKMARK [1][-]{section.1.3}{\376\377\000A\000z\000o\000l\000l\000a\000\040\000I\000n\000t\000e\000g\000r\000a\000t\000i\000o\000n\000\040\000i\000n\000\040\000t\000h\000e\000\040\000C\000i\000r\000c\000u\000l\000a\000r\000\040\000E\000c\000o\000n\000o\000m\000y}{chapter.1}% 4
\BOOKMARK [1][-]{section.1.4}{\376\377\000A\000l\000i\000g\000n\000m\000e\000n\000t\000\040\000w\000i\000t\000h\000\040\000E\000g\000y\000p\000t\000'\000s\000\040\000N\000a\000t\000i\000o\000n\000a\000l\000\040\000S\000t\000r\000a\000t\000e\000g\000i\000e\000s}{chapter.1}% 5
\BOOKMARK [1][-]{section.1.5}{\376\377\000E\000c\000o\000n\000o\000m\000i\000c\000\040\000a\000n\000d\000\040\000E\000n\000v\000i\000r\000o\000n\000m\000e\000n\000t\000a\000l\000\040\000I\000m\000p\000a\000c\000t}{chapter.1}% 6
\BOOKMARK [1][-]{section.1.6}{\376\377\000I\000n\000n\000o\000v\000a\000t\000i\000o\000n\000\040\000a\000n\000d\000\040\000R\000e\000p\000l\000i\000c\000a\000b\000i\000l\000i\000t\000y}{chapter.1}% 7
\BOOKMARK [0][-]{chapter.2}{\376\377\000N\000u\000r\000s\000e\000r\000y}{}% 8
\BOOKMARK [1][-]{section.2.1}{\376\377\000N\000u\000r\000s\000e\000r\000y\000\040\000U\000n\000i\000t\000\040\000O\000v\000e\000r\000v\000i\000e\000w}{chapter.2}% 9
\BOOKMARK [2][-]{subsection.2.1.1}{\376\377\000P\000u\000r\000p\000o\000s\000e\000\040\000a\000n\000d\000\040\000S\000c\000o\000p\000e}{section.2.1}% 10
\BOOKMARK [2][-]{subsection.2.1.2}{\376\377\000K\000e\000y\000\040\000F\000u\000n\000c\000t\000i\000o\000n\000s}{section.2.1}% 11
\BOOKMARK [2][-]{subsection.2.1.3}{\376\377\000C\000a\000p\000a\000c\000i\000t\000y\000\040\000a\000n\000d\000\040\000I\000n\000f\000r\000a\000s\000t\000r\000u\000c\000t\000u\000r\000e}{section.2.1}% 12
\BOOKMARK [2][-]{subsection.2.1.4}{\376\377\000I\000n\000t\000e\000g\000r\000a\000t\000i\000o\000n\000\040\000w\000i\000t\000h\000\040\000O\000t\000h\000e\000r\000\040\000U\000n\000i\000t\000s}{section.2.1}% 13
\BOOKMARK [2][-]{subsection.2.1.5}{\376\377\000K\000e\000y\000\040\000S\000u\000c\000c\000e\000s\000s\000\040\000M\000e\000t\000r\000i\000c\000s}{section.2.1}% 14
\BOOKMARK [1][-]{section.2.2}{\376\377\000S\000t\000r\000a\000t\000e\000g\000i\000c\000\040\000P\000l\000a\000n\000\040\000f\000o\000r\000\040\000N\000u\000r\000s\000e\000r\000y\000\040\000U\000n\000i\000t}{chapter.2}% 15
\BOOKMARK [2][-]{subsection.2.2.1}{\376\377\000V\000i\000s\000i\000o\000n\000\040\000a\000n\000d\000\040\000M\000i\000s\000s\000i\000o\000n}{section.2.2}% 16
\BOOKMARK [2][-]{subsection.2.2.2}{\376\377\000S\000t\000r\000a\000t\000e\000g\000i\000c\000\040\000O\000b\000j\000e\000c\000t\000i\000v\000e\000s}{section.2.2}% 17
\BOOKMARK [2][-]{subsection.2.2.3}{\376\377\000S\000t\000r\000a\000t\000e\000g\000i\000c\000\040\000A\000n\000a\000l\000y\000s\000i\000s}{section.2.2}% 18
\BOOKMARK [2][-]{subsection.2.2.4}{\376\377\000S\000t\000r\000a\000t\000e\000g\000i\000c\000\040\000I\000m\000p\000l\000e\000m\000e\000n\000t\000a\000t\000i\000o\000n\000\040\000P\000l\000a\000n}{section.2.2}% 19
\BOOKMARK [2][-]{subsection.2.2.5}{\376\377\000S\000t\000r\000a\000t\000e\000g\000i\000c\000\040\000P\000e\000r\000f\000o\000r\000m\000a\000n\000c\000e\000\040\000I\000n\000d\000i\000c\000a\000t\000o\000r\000s}{section.2.2}% 20
\BOOKMARK [2][-]{subsection.2.2.6}{\376\377\000S\000t\000r\000a\000t\000e\000g\000i\000c\000\040\000P\000a\000r\000t\000n\000e\000r\000s\000h\000i\000p\000s}{section.2.2}% 21
\BOOKMARK [1][-]{section.2.3}{\376\377\000O\000p\000e\000r\000a\000t\000i\000o\000n\000a\000l\000\040\000P\000l\000a\000n\000\040\000f\000o\000r\000\040\000N\000u\000r\000s\000e\000r\000y\000\040\000U\000n\000i\000t}{chapter.2}% 22
\BOOKMARK [2][-]{subsection.2.3.1}{\376\377\000P\000r\000o\000d\000u\000c\000t\000i\000o\000n\000\040\000O\000p\000e\000r\000a\000t\000i\000o\000n\000s}{section.2.3}% 23
\BOOKMARK [2][-]{subsection.2.3.2}{\376\377\000F\000a\000c\000i\000l\000i\000t\000y\000\040\000M\000a\000n\000a\000g\000e\000m\000e\000n\000t}{section.2.3}% 24
\BOOKMARK [2][-]{subsection.2.3.3}{\376\377\000P\000l\000a\000n\000t\000\040\000H\000e\000a\000l\000t\000h\000\040\000M\000a\000n\000a\000g\000e\000m\000e\000n\000t}{section.2.3}% 25
\BOOKMARK [2][-]{subsection.2.3.4}{\376\377\000R\000e\000s\000o\000u\000r\000c\000e\000\040\000M\000a\000n\000a\000g\000e\000m\000e\000n\000t}{section.2.3}% 26
\BOOKMARK [2][-]{subsection.2.3.5}{\376\377\000R\000e\000s\000e\000a\000r\000c\000h\000\040\000a\000n\000d\000\040\000D\000e\000v\000e\000l\000o\000p\000m\000e\000n\000t\000\040\000A\000c\000t\000i\000v\000i\000t\000i\000e\000s}{section.2.3}% 27
\BOOKMARK [2][-]{subsection.2.3.6}{\376\377\000Q\000u\000a\000l\000i\000t\000y\000\040\000A\000s\000s\000u\000r\000a\000n\000c\000e}{section.2.3}% 28
\BOOKMARK [1][-]{section.2.4}{\376\377\000F\000i\000n\000a\000n\000c\000i\000a\000l\000\040\000P\000l\000a\000n\000\040\000f\000o\000r\000\040\000N\000u\000r\000s\000e\000r\000y\000\040\000U\000n\000i\000t}{chapter.2}% 29
\BOOKMARK [2][-]{subsection.2.4.1}{\376\377\000C\000a\000p\000i\000t\000a\000l\000\040\000I\000n\000v\000e\000s\000t\000m\000e\000n\000t\000\040\000R\000e\000q\000u\000i\000r\000e\000m\000e\000n\000t\000s}{section.2.4}% 30
\BOOKMARK [2][-]{subsection.2.4.2}{\376\377\000O\000p\000e\000r\000a\000t\000i\000n\000g\000\040\000C\000o\000s\000t\000s}{section.2.4}% 31
\BOOKMARK [2][-]{subsection.2.4.3}{\376\377\000R\000e\000v\000e\000n\000u\000e\000\040\000P\000r\000o\000j\000e\000c\000t\000i\000o\000n\000s}{section.2.4}% 32
\BOOKMARK [2][-]{subsection.2.4.4}{\376\377\000F\000i\000n\000a\000n\000c\000i\000a\000l\000\040\000A\000n\000a\000l\000y\000s\000i\000s}{section.2.4}% 33
\BOOKMARK [2][-]{subsection.2.4.5}{\376\377\000F\000u\000n\000d\000i\000n\000g\000\040\000S\000t\000r\000a\000t\000e\000g\000y}{section.2.4}% 34
\BOOKMARK [2][-]{subsection.2.4.6}{\376\377\000R\000i\000s\000k\000\040\000M\000a\000n\000a\000g\000e\000m\000e\000n\000t}{section.2.4}% 35
\BOOKMARK [1][-]{section.2.5}{\376\377\000R\000e\000s\000o\000u\000r\000c\000e\000\040\000R\000e\000q\000u\000i\000r\000e\000m\000e\000n\000t\000s\000\040\000f\000o\000r\000\040\000N\000u\000r\000s\000e\000r\000y\000\040\000U\000n\000i\000t}{chapter.2}% 36
\BOOKMARK [2][-]{subsection.2.5.1}{\376\377\000L\000a\000n\000d\000\040\000a\000n\000d\000\040\000I\000n\000f\000r\000a\000s\000t\000r\000u\000c\000t\000u\000r\000e\000\040\000R\000e\000q\000u\000i\000r\000e\000m\000e\000n\000t\000s}{section.2.5}% 37
\BOOKMARK [2][-]{subsection.2.5.2}{\376\377\000E\000q\000u\000i\000p\000m\000e\000n\000t\000\040\000a\000n\000d\000\040\000T\000e\000c\000h\000n\000o\000l\000o\000g\000y\000\040\000R\000e\000q\000u\000i\000r\000e\000m\000e\000n\000t\000s}{section.2.5}% 38
\BOOKMARK [2][-]{subsection.2.5.3}{\376\377\000H\000u\000m\000a\000n\000\040\000R\000e\000s\000o\000u\000r\000c\000e\000\040\000R\000e\000q\000u\000i\000r\000e\000m\000e\000n\000t\000s}{section.2.5}% 39
\BOOKMARK [2][-]{subsection.2.5.4}{\376\377\000M\000a\000t\000e\000r\000i\000a\000l\000\040\000a\000n\000d\000\040\000S\000u\000p\000p\000l\000y\000\040\000R\000e\000q\000u\000i\000r\000e\000m\000e\000n\000t\000s}{section.2.5}% 40
\BOOKMARK [2][-]{subsection.2.5.5}{\376\377\000U\000t\000i\000l\000i\000t\000y\000\040\000R\000e\000q\000u\000i\000r\000e\000m\000e\000n\000t\000s}{section.2.5}% 41
\BOOKMARK [2][-]{subsection.2.5.6}{\376\377\000P\000h\000a\000s\000e\000d\000\040\000R\000e\000s\000o\000u\000r\000c\000e\000\040\000A\000c\000q\000u\000i\000s\000i\000t\000i\000o\000n}{section.2.5}% 42
\BOOKMARK [1][-]{section.2.6}{\376\377\000R\000i\000s\000k\000\040\000M\000a\000n\000a\000g\000e\000m\000e\000n\000t\000\040\000P\000l\000a\000n\000\040\000f\000o\000r\000\040\000N\000u\000r\000s\000e\000r\000y\000\040\000U\000n\000i\000t}{chapter.2}% 43
\BOOKMARK [2][-]{subsection.2.6.1}{\376\377\000R\000i\000s\000k\000\040\000M\000a\000n\000a\000g\000e\000m\000e\000n\000t\000\040\000A\000p\000p\000r\000o\000a\000c\000h}{section.2.6}% 44
\BOOKMARK [2][-]{subsection.2.6.2}{\376\377\000R\000i\000s\000k\000\040\000I\000d\000e\000n\000t\000i\000f\000i\000c\000a\000t\000i\000o\000n\000\040\000a\000n\000d\000\040\000A\000s\000s\000e\000s\000s\000m\000e\000n\000t}{section.2.6}% 45
\BOOKMARK [2][-]{subsection.2.6.3}{\376\377\000R\000i\000s\000k\000\040\000R\000e\000s\000p\000o\000n\000s\000e\000\040\000S\000t\000r\000a\000t\000e\000g\000i\000e\000s}{section.2.6}% 46
\BOOKMARK [2][-]{subsection.2.6.4}{\376\377\000C\000o\000n\000t\000i\000n\000g\000e\000n\000c\000y\000\040\000P\000l\000a\000n\000n\000i\000n\000g}{section.2.6}% 47
\BOOKMARK [2][-]{subsection.2.6.5}{\376\377\000R\000i\000s\000k\000\040\000M\000o\000n\000i\000t\000o\000r\000i\000n\000g\000\040\000a\000n\000d\000\040\000C\000o\000n\000t\000r\000o\000l}{section.2.6}% 48
\BOOKMARK [2][-]{subsection.2.6.6}{\376\377\000O\000p\000p\000o\000r\000t\000u\000n\000i\000t\000y\000\040\000M\000a\000n\000a\000g\000e\000m\000e\000n\000t}{section.2.6}% 49
\BOOKMARK [1][-]{section.2.7}{\376\377\000S\000u\000s\000t\000a\000i\000n\000a\000b\000i\000l\000i\000t\000y\000\040\000P\000l\000a\000n}{chapter.2}% 50
\BOOKMARK [2][-]{subsection.2.7.1}{\376\377\000E\000n\000v\000i\000r\000o\000n\000m\000e\000n\000t\000a\000l\000\040\000S\000u\000s\000t\000a\000i\000n\000a\000b\000i\000l\000i\000t\000y}{section.2.7}% 51
\BOOKMARK [2][-]{subsection.2.7.2}{\376\377\000E\000c\000o\000n\000o\000m\000i\000c\000\040\000S\000u\000s\000t\000a\000i\000n\000a\000b\000i\000l\000i\000t\000y}{section.2.7}% 52
\BOOKMARK [2][-]{subsection.2.7.3}{\376\377\000S\000o\000c\000i\000a\000l\000\040\000S\000u\000s\000t\000a\000i\000n\000a\000b\000i\000l\000i\000t\000y}{section.2.7}% 53
\BOOKMARK [2][-]{subsection.2.7.4}{\376\377\000L\000o\000n\000g\000-\000t\000e\000r\000m\000\040\000S\000u\000s\000t\000a\000i\000n\000a\000b\000i\000l\000i\000t\000y\000\040\000M\000e\000t\000r\000i\000c\000s}{section.2.7}% 54
\BOOKMARK [2][-]{subsection.2.7.5}{\376\377\000C\000o\000n\000t\000i\000n\000u\000o\000u\000s\000\040\000I\000m\000p\000r\000o\000v\000e\000m\000e\000n\000t}{section.2.7}% 55
\BOOKMARK [1][-]{section.2.8}{\376\377\000I\000n\000t\000e\000g\000r\000a\000t\000i\000o\000n\000\040\000P\000l\000a\000n\000\040\000f\000o\000r\000\040\000N\000u\000r\000s\000e\000r\000y\000\040\000U\000n\000i\000t}{chapter.2}% 56
\BOOKMARK [2][-]{subsection.2.8.1}{\376\377\000I\000n\000t\000e\000g\000r\000a\000t\000i\000o\000n\000\040\000O\000v\000e\000r\000v\000i\000e\000w}{section.2.8}% 57
\BOOKMARK [2][-]{subsection.2.8.2}{\376\377\000I\000n\000p\000u\000t\000\040\000I\000n\000t\000e\000g\000r\000a\000t\000i\000o\000n}{section.2.8}% 58
\BOOKMARK [2][-]{subsection.2.8.3}{\376\377\000O\000u\000t\000p\000u\000t\000\040\000I\000n\000t\000e\000g\000r\000a\000t\000i\000o\000n}{section.2.8}% 59
\BOOKMARK [2][-]{subsection.2.8.4}{\376\377\000C\000i\000r\000c\000u\000l\000a\000r\000\040\000M\000a\000t\000e\000r\000i\000a\000l\000\040\000F\000l\000o\000w\000s}{section.2.8}% 60
\BOOKMARK [2][-]{subsection.2.8.5}{\376\377\000I\000n\000t\000e\000g\000r\000a\000t\000i\000o\000n\000\040\000M\000a\000n\000a\000g\000e\000m\000e\000n\000t}{section.2.8}% 61
\BOOKMARK [2][-]{subsection.2.8.6}{\376\377\000P\000h\000a\000s\000e\000d\000\040\000I\000n\000t\000e\000g\000r\000a\000t\000i\000o\000n\000\040\000I\000m\000p\000l\000e\000m\000e\000n\000t\000a\000t\000i\000o\000n}{section.2.8}% 62
\BOOKMARK [0][-]{chapter.3}{\376\377\000A\000z\000o\000l\000l\000a\000\040\000F\000a\000r\000m\000i\000n\000g}{}% 63
\BOOKMARK [1][-]{section.3.1}{\376\377\000A\000z\000o\000l\000l\000a\000\040\000F\000a\000r\000m\000i\000n\000g\000\040\000O\000v\000e\000r\000v\000i\000e\000w}{chapter.3}% 64
\BOOKMARK [2][-]{subsection.3.1.1}{\376\377\000I\000n\000t\000r\000o\000d\000u\000c\000t\000i\000o\000n\000\040\000t\000o\000\040\000A\000z\000o\000l\000l\000a}{section.3.1}% 65
\BOOKMARK [2][-]{subsection.3.1.2}{\376\377\000B\000i\000o\000l\000o\000g\000i\000c\000a\000l\000\040\000C\000h\000a\000r\000a\000c\000t\000e\000r\000i\000s\000t\000i\000c\000s}{section.3.1}% 66
\BOOKMARK [2][-]{subsection.3.1.3}{\376\377\000P\000r\000o\000d\000u\000c\000t\000i\000v\000i\000t\000y\000\040\000a\000n\000d\000\040\000Y\000i\000e\000l\000d\000\040\000E\000s\000t\000i\000m\000a\000t\000e\000s}{section.3.1}% 67
\BOOKMARK [2][-]{subsection.3.1.4}{\376\377\000M\000u\000l\000t\000i\000-\000F\000u\000n\000c\000t\000i\000o\000n\000a\000l\000\040\000A\000p\000p\000l\000i\000c\000a\000t\000i\000o\000n\000s}{section.3.1}% 68
\BOOKMARK [2][-]{subsection.3.1.5}{\376\377\000I\000n\000t\000e\000g\000r\000a\000t\000i\000o\000n\000\040\000w\000i\000t\000h\000\040\000O\000t\000h\000e\000r\000\040\000U\000n\000i\000t\000s}{section.3.1}% 69
\BOOKMARK [2][-]{subsection.3.1.6}{\376\377\000E\000n\000v\000i\000r\000o\000n\000m\000e\000n\000t\000a\000l\000\040\000B\000e\000n\000e\000f\000i\000t\000s}{section.3.1}% 70
\BOOKMARK [2][-]{subsection.3.1.7}{\376\377\000S\000t\000r\000a\000t\000e\000g\000i\000c\000\040\000I\000m\000p\000o\000r\000t\000a\000n\000c\000e}{section.3.1}% 71
\BOOKMARK [2][-]{subsection.3.1.8}{\376\377\000P\000r\000o\000j\000e\000c\000t\000\040\000D\000e\000t\000a\000i\000l\000s}{section.3.1}% 72
\BOOKMARK [2][-]{subsection.3.1.9}{\376\377\000E\000c\000o\000n\000o\000m\000i\000c\000\040\000a\000n\000d\000\040\000E\000n\000v\000i\000r\000o\000n\000m\000e\000n\000t\000a\000l\000\040\000I\000m\000p\000a\000c\000t}{section.3.1}% 73
\BOOKMARK [2][-]{subsection.3.1.10}{\376\377\000I\000n\000t\000e\000g\000r\000a\000t\000i\000o\000n\000\040\000w\000i\000t\000h\000\040\000N\000a\000t\000i\000o\000n\000a\000l\000\040\000P\000o\000l\000i\000c\000i\000e\000s}{section.3.1}% 74
\BOOKMARK [1][-]{section.3.2}{\376\377\000S\000t\000r\000a\000t\000e\000g\000i\000c\000\040\000P\000l\000a\000n\000\040\000f\000o\000r\000\040\000A\000z\000o\000l\000l\000a\000\040\000F\000a\000r\000m\000i\000n\000g}{chapter.3}% 75
\BOOKMARK [2][-]{subsection.3.2.1}{\376\377\000P\000h\000a\000s\000e\000d\000\040\000I\000m\000p\000l\000e\000m\000e\000n\000t\000a\000t\000i\000o\000n\000\040\000\050\0002\0000\0002\0006\000-\0002\0000\0003\0001\000\051}{section.3.2}% 76
\BOOKMARK [1][-]{section.3.3}{\376\377\006\047\006\104\006\056\006\067\006\051\000\040\006\047\006\104\006\047\006\063\006\052\006\061\006\047\006\052\006\112\006\054\006\112\006\051\000\040\006\104\006\062\006\061\006\047\006\071\006\051\000\040\006\047\006\104\006\043\006\062\006\110\006\104\006\047}{chapter.3}% 77
\BOOKMARK [2][-]{subsection.3.3.1}{\376\377\006\047\006\104\006\052\006\106\006\101\006\112\006\060\000\040\006\047\006\104\006\105\006\061\006\055\006\104\006\112\000\040\000\050\0002\0000\0002\0006\000-\0002\0000\0003\0001\000\051}{section.3.3}% 78
\BOOKMARK [2][-]{subsection.3.3.2}{\376\377\000V\000i\000s\000i\000o\000n\000\040\000a\000n\000d\000\040\000M\000i\000s\000s\000i\000o\000n}{section.3.3}% 79
\BOOKMARK [2][-]{subsection.3.3.3}{\376\377\000S\000t\000r\000a\000t\000e\000g\000i\000c\000\040\000O\000b\000j\000e\000c\000t\000i\000v\000e\000s}{section.3.3}% 80
\BOOKMARK [2][-]{subsection.3.3.4}{\376\377\000A\000l\000i\000g\000n\000m\000e\000n\000t\000\040\000w\000i\000t\000h\000\040\000N\000a\000t\000i\000o\000n\000a\000l\000\040\000S\000t\000r\000a\000t\000e\000g\000i\000e\000s}{section.3.3}% 81
\BOOKMARK [2][-]{subsection.3.3.5}{\376\377\000S\000t\000r\000a\000t\000e\000g\000i\000c\000\040\000P\000o\000s\000i\000t\000i\000o\000n\000i\000n\000g}{section.3.3}% 82
\BOOKMARK [2][-]{subsection.3.3.6}{\376\377\000S\000t\000r\000a\000t\000e\000g\000i\000c\000\040\000P\000a\000r\000t\000n\000e\000r\000s\000h\000i\000p\000s}{section.3.3}% 83
\BOOKMARK [2][-]{subsection.3.3.7}{\376\377\000S\000u\000c\000c\000e\000s\000s\000\040\000M\000e\000t\000r\000i\000c\000s}{section.3.3}% 84
\BOOKMARK [1][-]{section.3.4}{\376\377\000A\000z\000o\000l\000l\000a\000\040\000F\000a\000r\000m\000i\000n\000g\000\040\000O\000p\000e\000r\000a\000t\000i\000o\000n\000a\000l\000\040\000P\000l\000a\000n}{chapter.3}% 85
\BOOKMARK [2][-]{subsection.3.4.1}{\376\377\000C\000u\000l\000t\000i\000v\000a\000t\000i\000o\000n\000\040\000S\000y\000s\000t\000e\000m\000\040\000D\000e\000s\000i\000g\000n}{section.3.4}% 86
\BOOKMARK [2][-]{subsection.3.4.2}{\376\377\000C\000u\000l\000t\000i\000v\000a\000t\000i\000o\000n\000\040\000P\000r\000o\000t\000o\000c\000o\000l\000s}{section.3.4}% 87
\BOOKMARK [2][-]{subsection.3.4.3}{\376\377\000H\000a\000r\000v\000e\000s\000t\000i\000n\000g\000\040\000a\000n\000d\000\040\000P\000r\000o\000c\000e\000s\000s\000i\000n\000g}{section.3.4}% 88
\BOOKMARK [2][-]{subsection.3.4.4}{\376\377\000B\000i\000o\000d\000i\000e\000s\000e\000l\000\040\000P\000r\000o\000d\000u\000c\000t\000i\000o\000n\000\040\000I\000n\000t\000e\000g\000r\000a\000t\000i\000o\000n}{section.3.4}% 89
\BOOKMARK [2][-]{subsection.3.4.5}{\376\377\000F\000e\000e\000d\000\040\000P\000r\000o\000d\000u\000c\000t\000i\000o\000n\000\040\000I\000n\000t\000e\000g\000r\000a\000t\000i\000o\000n}{section.3.4}% 90
\BOOKMARK [2][-]{subsection.3.4.6}{\376\377\000S\000o\000i\000l\000\040\000A\000m\000e\000n\000d\000m\000e\000n\000t\000\040\000I\000n\000t\000e\000g\000r\000a\000t\000i\000o\000n}{section.3.4}% 91
\BOOKMARK [2][-]{subsection.3.4.7}{\376\377\000O\000p\000e\000r\000a\000t\000i\000o\000n\000a\000l\000\040\000S\000c\000h\000e\000d\000u\000l\000e}{section.3.4}% 92
\BOOKMARK [2][-]{subsection.3.4.8}{\376\377\000Q\000u\000a\000l\000i\000t\000y\000\040\000C\000o\000n\000t\000r\000o\000l\000\040\000S\000y\000s\000t\000e\000m}{section.3.4}% 93
\BOOKMARK [2][-]{subsection.3.4.9}{\376\377\000S\000t\000a\000f\000f\000i\000n\000g\000\040\000a\000n\000d\000\040\000T\000r\000a\000i\000n\000i\000n\000g}{section.3.4}% 94
\BOOKMARK [1][-]{section.3.5}{\376\377\000A\000z\000o\000l\000l\000a\000\040\000F\000a\000r\000m\000i\000n\000g\000\040\000F\000i\000n\000a\000n\000c\000i\000a\000l\000\040\000P\000l\000a\000n}{chapter.3}% 95
\BOOKMARK [2][-]{subsection.3.5.1}{\376\377\000C\000a\000p\000i\000t\000a\000l\000\040\000I\000n\000v\000e\000s\000t\000m\000e\000n\000t\000\040\000R\000e\000q\000u\000i\000r\000e\000m\000e\000n\000t\000s}{section.3.5}% 96
\BOOKMARK [2][-]{subsection.3.5.2}{\376\377\000O\000p\000e\000r\000a\000t\000i\000n\000g\000\040\000C\000o\000s\000t\000s}{section.3.5}% 97
\BOOKMARK [2][-]{subsection.3.5.3}{\376\377\000R\000e\000v\000e\000n\000u\000e\000\040\000P\000r\000o\000j\000e\000c\000t\000i\000o\000n\000s}{section.3.5}% 98
\BOOKMARK [2][-]{subsection.3.5.4}{\376\377\000F\000i\000n\000a\000n\000c\000i\000a\000l\000\040\000A\000n\000a\000l\000y\000s\000i\000s}{section.3.5}% 99
\BOOKMARK [2][-]{subsection.3.5.5}{\376\377\000F\000u\000n\000d\000i\000n\000g\000\040\000S\000t\000r\000a\000t\000e\000g\000y}{section.3.5}% 100
\BOOKMARK [2][-]{subsection.3.5.6}{\376\377\000F\000i\000n\000a\000n\000c\000i\000a\000l\000\040\000R\000i\000s\000k\000\040\000M\000a\000n\000a\000g\000e\000m\000e\000n\000t}{section.3.5}% 101
\BOOKMARK [2][-]{subsection.3.5.7}{\376\377\000F\000i\000n\000a\000n\000c\000i\000a\000l\000\040\000M\000o\000n\000i\000t\000o\000r\000i\000n\000g\000\040\000a\000n\000d\000\040\000C\000o\000n\000t\000r\000o\000l}{section.3.5}% 102
\BOOKMARK [1][-]{section.3.6}{\376\377\000R\000e\000s\000o\000u\000r\000c\000e\000\040\000R\000e\000q\000u\000i\000r\000e\000m\000e\000n\000t\000s}{chapter.3}% 103
\BOOKMARK [2][-]{subsection.3.6.1}{\376\377\000L\000a\000n\000d\000\040\000R\000e\000q\000u\000i\000r\000e\000m\000e\000n\000t\000s}{section.3.6}% 104
\BOOKMARK [2][-]{subsection.3.6.2}{\376\377\000W\000a\000t\000e\000r\000\040\000R\000e\000s\000o\000u\000r\000c\000e\000s}{section.3.6}% 105
\BOOKMARK [2][-]{subsection.3.6.3}{\376\377\000E\000q\000u\000i\000p\000m\000e\000n\000t\000\040\000a\000n\000d\000\040\000I\000n\000f\000r\000a\000s\000t\000r\000u\000c\000t\000u\000r\000e}{section.3.6}% 106
\BOOKMARK [2][-]{subsection.3.6.4}{\376\377\000H\000u\000m\000a\000n\000\040\000R\000e\000s\000o\000u\000r\000c\000e\000s}{section.3.6}% 107
\BOOKMARK [1][-]{section.3.7}{\376\377\000R\000i\000s\000k\000\040\000M\000a\000n\000a\000g\000e\000m\000e\000n\000t}{chapter.3}% 108
\BOOKMARK [2][-]{subsection.3.7.1}{\376\377\000R\000i\000s\000k\000\040\000A\000s\000s\000e\000s\000s\000m\000e\000n\000t\000\040\000F\000r\000a\000m\000e\000w\000o\000r\000k}{section.3.7}% 109
\BOOKMARK [2][-]{subsection.3.7.2}{\376\377\000M\000i\000t\000i\000g\000a\000t\000i\000o\000n\000\040\000S\000t\000r\000a\000t\000e\000g\000i\000e\000s}{section.3.7}% 110
\BOOKMARK [2][-]{subsection.3.7.3}{\376\377\000C\000o\000n\000t\000i\000n\000g\000e\000n\000c\000y\000\040\000P\000l\000a\000n\000n\000i\000n\000g}{section.3.7}% 111
\BOOKMARK [2][-]{subsection.3.7.4}{\376\377\000M\000o\000n\000i\000t\000o\000r\000i\000n\000g\000\040\000a\000n\000d\000\040\000R\000e\000v\000i\000e\000w}{section.3.7}% 112
\BOOKMARK [1][-]{section.3.8}{\376\377\000A\000z\000o\000l\000l\000a\000\040\000F\000a\000r\000m\000i\000n\000g\000\040\000S\000u\000s\000t\000a\000i\000n\000a\000b\000i\000l\000i\000t\000y\000\040\000P\000l\000a\000n}{chapter.3}% 113
\BOOKMARK [2][-]{subsection.3.8.1}{\376\377\000S\000u\000s\000t\000a\000i\000n\000a\000b\000i\000l\000i\000t\000y\000\040\000V\000i\000s\000i\000o\000n\000\040\000a\000n\000d\000\040\000P\000r\000i\000n\000c\000i\000p\000l\000e\000s}{section.3.8}% 114
\BOOKMARK [2][-]{subsection.3.8.2}{\376\377\000E\000n\000v\000i\000r\000o\000n\000m\000e\000n\000t\000a\000l\000\040\000S\000u\000s\000t\000a\000i\000n\000a\000b\000i\000l\000i\000t\000y}{section.3.8}% 115
\BOOKMARK [2][-]{subsection.3.8.3}{\376\377\000S\000o\000c\000i\000a\000l\000\040\000S\000u\000s\000t\000a\000i\000n\000a\000b\000i\000l\000i\000t\000y}{section.3.8}% 116
\BOOKMARK [2][-]{subsection.3.8.4}{\376\377\000E\000c\000o\000n\000o\000m\000i\000c\000\040\000S\000u\000s\000t\000a\000i\000n\000a\000b\000i\000l\000i\000t\000y}{section.3.8}% 117
\BOOKMARK [2][-]{subsection.3.8.5}{\376\377\000G\000o\000v\000e\000r\000n\000a\000n\000c\000e\000\040\000a\000n\000d\000\040\000M\000a\000n\000a\000g\000e\000m\000e\000n\000t}{section.3.8}% 118
\BOOKMARK [2][-]{subsection.3.8.6}{\376\377\000I\000m\000p\000l\000e\000m\000e\000n\000t\000a\000t\000i\000o\000n\000\040\000R\000o\000a\000d\000m\000a\000p}{section.3.8}% 119
\BOOKMARK [2][-]{subsection.3.8.7}{\376\377\000R\000i\000s\000k\000\040\000M\000a\000n\000a\000g\000e\000m\000e\000n\000t\000\040\000a\000n\000d\000\040\000R\000e\000s\000i\000l\000i\000e\000n\000c\000e}{section.3.8}% 120
\BOOKMARK [1][-]{section.3.9}{\376\377\000I\000n\000t\000e\000g\000r\000a\000t\000i\000o\000n\000\040\000P\000l\000a\000n\000\040\000f\000o\000r\000\040\000A\000z\000o\000l\000l\000a\000\040\000F\000a\000r\000m\000i\000n\000g}{chapter.3}% 121
\BOOKMARK [2][-]{subsection.3.9.1}{\376\377\000P\000h\000a\000s\000e\000d\000\040\000I\000n\000t\000e\000g\000r\000a\000t\000i\000o\000n\000\040\000\050\0002\0000\0002\0006\000-\0002\0000\0003\0001\000\051}{section.3.9}% 122
