This is XeTeX, Version 3.141592653-2.6-0.999997 (TeX Live 2025) (preloaded format=xelatex)
 restricted \write18 enabled.
entering extended mode
(./main_ar.tex
LaTeX2e <2024-11-01> patch level 2
L3 programming layer <2025-01-18>
(/usr/local/texlive/2025/texmf-dist/tex/latex/base/report.cls
Document Class: report 2024/06/29 v1.4n Standard LaTeX document class
(/usr/local/texlive/2025/texmf-dist/tex/latex/base/size12.clo))
(/usr/local/texlive/2025/texmf-dist/tex/latex/fontspec/fontspec.sty
(/usr/local/texlive/2025/texmf-dist/tex/latex/l3packages/xparse/xparse.sty
(/usr/local/texlive/2025/texmf-dist/tex/latex/l3kernel/expl3.sty
(/usr/local/texlive/2025/texmf-dist/tex/latex/l3backend/l3backend-xetex.def)))
(/usr/local/texlive/2025/texmf-dist/tex/latex/fontspec/fontspec-xetex.sty
(/usr/local/texlive/2025/texmf-dist/tex/latex/base/fontenc.sty)
(/usr/local/texlive/2025/texmf-dist/tex/latex/fontspec/fontspec.cfg)))
(/usr/local/texlive/2025/texmf-dist/tex/latex/polyglossia/polyglossia.sty
(/usr/local/texlive/2025/texmf-dist/tex/latex/etoolbox/etoolbox.sty)
(/usr/local/texlive/2025/texmf-dist/tex/generic/iftex/iftex.sty)
(/usr/local/texlive/2025/texmf-dist/tex/latex/polyglossia/gloss-latex.ldf))
(/usr/local/texlive/2025/texmf-dist/tex/latex/polyglossia/gloss-arabic.ldf
(/usr/local/texlive/2025/texmf-dist/tex/xelatex/bidi/bidi.sty
****************************************************
* 
* bidi package (Bidirectional typesetting in
* plain TeX and LaTeX, using XeTeX engine)
* 
* Description: A convenient interface for
* typesetting bidirectional texts in plain TeX
* and LaTeX. The package includes adaptations
* for use with many other commonly-used packages.
* 
* Copyright (c) 2007--2025 Vafa Khalighi
* Copyright (c) 2018--2020 bidi-tex GitHub organization
* 
* v25.2.2 (Release Maryam Mirzakhani), 2025/02/02
* 
* License: LaTeX Project Public License, version
* 1.3c or higher (your choice)
* 
* Location on CTAN: /macros/xetex/latex/bidi
* 
* Issue tracker: https://github.com/xepersian/bidi/issues
* 
* Discussions: https://github.com/xepersian/bidi/discussions
* 
* Primary author of bidi package: Vafa Khalighi.
* 
****************************************************
(/usr/local/texlive/2025/texmf-dist/tex/xelatex/bidi/biditools.sty)
(/usr/local/texlive/2025/texmf-dist/tex/latex/zref/zref-abspage.sty
(/usr/local/texlive/2025/texmf-dist/tex/latex/zref/zref-base.sty
(/usr/local/texlive/2025/texmf-dist/tex/generic/ltxcmds/ltxcmds.sty)
(/usr/local/texlive/2025/texmf-dist/tex/generic/infwarerr/infwarerr.sty)
(/usr/local/texlive/2025/texmf-dist/tex/latex/kvsetkeys/kvsetkeys.sty)
(/usr/local/texlive/2025/texmf-dist/tex/generic/kvdefinekeys/kvdefinekeys.sty)
(/usr/local/texlive/2025/texmf-dist/tex/generic/pdftexcmds/pdftexcmds.sty)
(/usr/local/texlive/2025/texmf-dist/tex/generic/etexcmds/etexcmds.sty)
(/usr/local/texlive/2025/texmf-dist/tex/latex/auxhook/auxhook.sty)))
(/usr/local/texlive/2025/texmf-dist/tex/xelatex/bidi/latex-xetex-bidi.def
(/usr/local/texlive/2025/texmf-dist/tex/xelatex/bidi/footnote-xetex-bidi.def)))
 (/usr/local/texlive/2025/texmf-dist/tex/latex/polyglossia/arabicnumbers.sty)
(/usr/local/texlive/2025/texmf-dist/tex/latex/polyglossia/hijrical.sty
(/usr/local/texlive/2025/texmf-dist/tex/latex/tools/calc.sty)
(/usr/local/texlive/2025/texmf-dist/tex/latex/polyglossia/cal-util.def)))
(/usr/local/texlive/2025/texmf-dist/tex/latex/polyglossia/gloss-english.ldf)
(/usr/local/texlive/2025/texmf-dist/tex/latex/graphics/graphicx.sty
(/usr/local/texlive/2025/texmf-dist/tex/latex/graphics/keyval.sty)
(/usr/local/texlive/2025/texmf-dist/tex/latex/graphics/graphics.sty
(/usr/local/texlive/2025/texmf-dist/tex/latex/graphics/trig.sty)
(/usr/local/texlive/2025/texmf-dist/tex/latex/graphics-cfg/graphics.cfg)
(/usr/local/texlive/2025/texmf-dist/tex/latex/graphics-def/xetex.def)))
(/usr/local/texlive/2025/texmf-dist/tex/xelatex/bidi/graphicx-xetex-bidi.def)
(/usr/local/texlive/2025/texmf-dist/tex/latex/amsmath/amsmath.sty
For additional information on amsmath, use the `?' option.
(/usr/local/texlive/2025/texmf-dist/tex/latex/amsmath/amstext.sty
(/usr/local/texlive/2025/texmf-dist/tex/latex/amsmath/amsgen.sty))
(/usr/local/texlive/2025/texmf-dist/tex/xelatex/bidi/amstext-xetex-bidi.def)
(/usr/local/texlive/2025/texmf-dist/tex/latex/amsmath/amsbsy.sty)
(/usr/local/texlive/2025/texmf-dist/tex/latex/amsmath/amsopn.sty))
(/usr/local/texlive/2025/texmf-dist/tex/xelatex/bidi/amsmath-xetex-bidi.def)
(/usr/local/texlive/2025/texmf-dist/tex/latex/booktabs/booktabs.sty)
(/usr/local/texlive/2025/texmf-dist/tex/latex/float/float.sty)
(/usr/local/texlive/2025/texmf-dist/tex/xelatex/bidi/float-xetex-bidi.def)
(/usr/local/texlive/2025/texmf-dist/tex/latex/geometry/geometry.sty
(/usr/local/texlive/2025/texmf-dist/tex/generic/iftex/ifvtex.sty))
(/usr/local/texlive/2025/texmf-dist/tex/xelatex/bidi/geometry-xetex-bidi.def)
(/usr/local/texlive/2025/texmf-dist/tex/latex/microtype/microtype.sty
(/usr/local/texlive/2025/texmf-dist/tex/latex/microtype/microtype-xetex.def)
(/usr/local/texlive/2025/texmf-dist/tex/latex/microtype/microtype.cfg
Missing character: There is no ‏ (U+200F) in font [lmroman12-regular]:mapping=t
ex-text;!
Missing character: There is no ‏ (U+200F) in font [lmroman12-regular]:mapping=t
ex-text;!
Missing character: There is no ‏ (U+200F) in font [lmroman12-regular]:mapping=t
ex-text;!
Missing character: There is no ‏ (U+200F) in font [lmroman12-regular]:mapping=t
ex-text;!
Missing character: There is no ‏ (U+200F) in font [lmroman12-regular]:mapping=t
ex-text;!
Missing character: There is no ‏ (U+200F) in font [lmroman12-regular]:mapping=t
ex-text;!
Missing character: There is no ‏ (U+200F) in font [lmroman12-regular]:mapping=t
ex-text;!
Missing character: There is no ‏ (U+200F) in font [lmroman12-regular]:mapping=t
ex-text;!
Missing character: There is no ‏ (U+200F) in font [lmroman12-regular]:mapping=t
ex-text;!
Missing character: There is no ‏ (U+200F) in font [lmroman12-regular]:mapping=t
ex-text;!
Missing character: There is no ‏ (U+200F) in font [lmroman12-regular]:mapping=t
ex-text;!
Missing character: There is no ‏ (U+200F) in font [lmroman12-regular]:mapping=t
ex-text;!
Missing character: There is no ‏ (U+200F) in font [lmroman12-regular]:mapping=t
ex-text;!
Missing character: There is no ‏ (U+200F) in font [lmroman12-regular]:mapping=t
ex-text;!
Missing character: There is no ‏ (U+200F) in font [lmroman12-regular]:mapping=t
ex-text;!
Missing character: There is no ‏ (U+200F) in font [lmroman12-regular]:mapping=t
ex-text;!
Missing character: There is no ‏ (U+200F) in font [lmroman12-regular]:mapping=t
ex-text;!
Missing character: There is no ‏ (U+200F) in font [lmroman12-regular]:mapping=t
ex-text;!
Missing character: There is no ‏ (U+200F) in font [lmroman12-regular]:mapping=t
ex-text;!
Missing character: There is no ‏ (U+200F) in font [lmroman12-regular]:mapping=t
ex-text;!
Missing character: There is no ‏ (U+200F) in font [lmroman12-regular]:mapping=t
ex-text;!
Missing character: There is no ‏ (U+200F) in font [lmroman12-regular]:mapping=t
ex-text;!
Missing character: There is no ‏ (U+200F) in font [lmroman12-regular]:mapping=t
ex-text;!
Missing character: There is no ‏ (U+200F) in font [lmroman12-regular]:mapping=t
ex-text;!
Missing character: There is no ‏ (U+200F) in font [lmroman12-regular]:mapping=t
ex-text;!
)) (/usr/local/texlive/2025/texmf-dist/tex/latex/hyperref/hyperref.sty
(/usr/local/texlive/2025/texmf-dist/tex/generic/pdfescape/pdfescape.sty)
(/usr/local/texlive/2025/texmf-dist/tex/latex/hycolor/hycolor.sty)
(/usr/local/texlive/2025/texmf-dist/tex/latex/hyperref/nameref.sty
(/usr/local/texlive/2025/texmf-dist/tex/latex/refcount/refcount.sty)
(/usr/local/texlive/2025/texmf-dist/tex/generic/gettitlestring/gettitlestring.s
ty (/usr/local/texlive/2025/texmf-dist/tex/latex/kvoptions/kvoptions.sty)))
(/usr/local/texlive/2025/texmf-dist/tex/generic/stringenc/stringenc.sty)
(/usr/local/texlive/2025/texmf-dist/tex/latex/hyperref/pd1enc.def)
(/usr/local/texlive/2025/texmf-dist/tex/generic/intcalc/intcalc.sty)
(/usr/local/texlive/2025/texmf-dist/tex/latex/hyperref/puenc.def)
(/usr/local/texlive/2025/texmf-dist/tex/latex/url/url.sty)
(/usr/local/texlive/2025/texmf-dist/tex/generic/bitset/bitset.sty
(/usr/local/texlive/2025/texmf-dist/tex/generic/bigintcalc/bigintcalc.sty))
(/usr/local/texlive/2025/texmf-dist/tex/latex/base/atbegshi-ltx.sty))
(/usr/local/texlive/2025/texmf-dist/tex/latex/hyperref/hxetex.def
(/usr/local/texlive/2025/texmf-dist/tex/latex/rerunfilecheck/rerunfilecheck.sty
(/usr/local/texlive/2025/texmf-dist/tex/latex/base/atveryend-ltx.sty)
(/usr/local/texlive/2025/texmf-dist/tex/generic/uniquecounter/uniquecounter.sty
)))
(/usr/local/texlive/2025/texmf-dist/tex/xelatex/bidi/hyperref-xetex-bidi.def)
(/usr/local/texlive/2025/texmf-dist/tex/latex/bookmark/bookmark.sty
(/usr/local/texlive/2025/texmf-dist/tex/latex/bookmark/bkm-dvipdfm.def))
(/usr/local/texlive/2025/texmf-dist/tex/latex/tocloft/tocloft.sty)
(/usr/local/texlive/2025/texmf-dist/tex/xelatex/bidi/tocloft-xetex-bidi.def)
(/usr/local/texlive/2025/texmf-dist/tex/xelatex/bidi/report-xetex-bidi.def)
(/usr/local/texlive/2025/texmf-dist/tex/xelatex/bidi/float-xetex-bidi.def)
No file main_ar.aux.
*geometry* driver: auto-detecting
*geometry* detected driver: xetex

(/usr/local/texlive/2025/texmf-dist/tex/latex/microtype/mt-LatinModernRoman.cfg
) (/usr/local/texlive/2025/texmf-dist/tex/latex/graphics/color.sty
(/usr/local/texlive/2025/texmf-dist/tex/latex/graphics-cfg/color.cfg)
(/usr/local/texlive/2025/texmf-dist/tex/latex/graphics/mathcolor.ltx))
(/usr/local/texlive/2025/texmf-dist/tex/xelatex/bidi/color-xetex-bidi.def)

Package hyperref Warning: Rerun to get /PageLabels entry.

(./missing_labels.tex)
(/usr/local/texlive/2025/texmf-dist/tex/latex/microtype/mt-cmr.cfg)
[1]
No file main_ar.toc.

[1]
باب \LRE {١}.
(./shared_documents/site_master_plan_ar.tex
[2])
[3]
باب \LRE {٢}.
(./units/nursery/overview_ar.tex
[4]) (./units/nursery/strategic_plan_ar.tex
[5]
[6]
[7]
[8]
[9]) (./units/nursery/operational_plan_ar.tex
[10]
[11]
[12]
[13]) (./units/nursery/financial_plan_ar.tex
[14]
Underfull \hbox (badness 10000) in paragraph at lines 70--70
[][]\TU/Amiri(0)/b/n/12 إجمالي تكاليف[]

[15]
Underfull \hbox (badness 10000) in paragraph at lines 124--124
[][][]\TU/Amiri(0)/b/n/12 تكلفة الاقتصاد[][]

[16]
[17]
Underfull \hbox (badness 10000) in paragraph at lines 220--220
[][]\TU/Amiri(0)/b/n/12 إجمالي[]

Underfull \hbox (badness 10000) in paragraph at lines 220--220
[]\TU/Amiri(0)/b/n/12 الإيرادات[]

[18]
Underfull \hbox (badness 10000) in paragraph at lines 267--267
[][]\TU/Amiri(0)/m/n/12 الاستثمار[]

Underfull \hbox (badness 10000) in paragraph at lines 269--269
[][]\TU/Amiri(0)/m/n/12 صافي التدفق[]

Underfull \hbox (badness 10000) in paragraph at lines 270--270
[][]\TU/Amiri(0)/m/n/12 التدفق النقدي[]

LaTeX Warning: Reference `sec:circular_economy_benefits_ar' on page \LRE {١٩} u
ndefined on input line 283.


[19]) (./units/nursery/resource_requirements_ar.tex
[20]
[21]
[22]
[23]
[24]
[25]
[26]
[27]) (./units/nursery/risk_management_ar.tex
[28]
Underfull \hbox (badness 10000) in paragraph at lines 16--16
[][]\TU/Amiri(0)/m/n/12 العواصف الرملية والرياح[]

Underfull \hbox (badness 2564) in paragraph at lines 18--18
[][]\TU/Amiri(0)/m/n/12 انقطاع أو تلوث إمدادات[]

Overfull \hbox (31.5472pt too wide) in paragraph at lines 12--27
 [][][][] 

Underfull \hbox (badness 1968) in paragraph at lines 38--38
[][]\TU/Amiri(0)/m/n/12 أعطال في الأنظمة الحرجة[]

Underfull \hbox (badness 10000) in paragraph at lines 42--42
[][]\TU/Amiri(0)/m/n/12 معدلات نجاح منخفضة[]

Underfull \hbox (badness 2368) in paragraph at lines 42--42
[]\TU/Amiri(0)/m/n/12 في تقنيات إكثار الأصناف[]

Overfull \hbox (31.5472pt too wide) in paragraph at lines 34--49
 [][][][] 

LaTeX Warning: `h' float specifier changed to `ht'.


Underfull \hbox (badness 10000) in paragraph at lines 66--66
[][]\TU/Amiri(0)/m/n/12 المنافسة على الموارد مع[]

Overfull \hbox (31.5472pt too wide) in paragraph at lines 56--71
 [][][][] 

LaTeX Warning: `h' float specifier changed to `ht'.


Underfull \hbox (badness 2772) in paragraph at lines 84--84
[][]\TU/Amiri(0)/m/n/12 تطور متطلبات الجودة من[]

Overfull \hbox (31.5472pt too wide) in paragraph at lines 78--93
 [][][][] 

LaTeX Warning: `h' float specifier changed to `ht'.


[29]
[30]
[31]
[32]
[33]
[34]
[35]) (./units/nursery/sustainability_plan_ar.tex
[36]) (./units/nursery/integration_plan_ar.tex
[37]
[38]
[39]
[40]
[41])
[42]
باب \LRE {٣}.
(./units/azolla_farming/overview_ar.tex
[43]
[44]) (./units/azolla_farming/strategic_plan_ar.tex
[45]
[46]
[47]) (./units/azolla_farming/operational_plan_ar.tex
[48]
[49]
[50]
[51]
[52]) (./units/azolla_farming/financial_plan_ar.tex
[53]
[54]
[55]
[56]
[57]
[58]) (./units/azolla_farming/resource_requirements_ar.tex
[59]) (./units/azolla_farming/risk_management_ar.tex

LaTeX Warning: Reference `sec:unified_risk_management_ar' on page \LRE {٦٠} und
efined on input line 5.


LaTeX Warning: Reference `sec:risk_categories_ar' on page \LRE {٦٠} undefined o
n input line 9.


Underfull \hbox (badness 10000) in paragraph at lines 19--19
[][][]\TU/Amiri(0)/m/n/12 الظروف المناخية[][]

Underfull \hbox (badness 10000) in paragraph at lines 19--19
[][]\TU/Amiri(0)/m/n/12 خارج نطاق النمو[][]

Underfull \hbox (badness 1057) in paragraph at lines 19--20
[][]\TU/Amiri(0)/m/n/12 ذات درجة الحرارة المتحكم[][]

Underfull \hbox (badness 1571) in paragraph at lines 23--23
[][][]\TU/Amiri(0)/m/n/12 الحشرات والفطريات[][]

Underfull \hbox (badness 1158) in paragraph at lines 23--23
[][]\TU/Amiri(0)/m/n/12 أو الكائنات الأخرى[][]

Underfull \hbox (badness 10000) in paragraph at lines 23--24
[][][]\TU/Amiri(0)/m/n/12 الإدارة المتكاملة للآفات؛[][]

Underfull \hbox (badness 10000) in paragraph at lines 23--24
[][]\TU/Amiri(0)/m/n/12 بروتوكولات العزل؛ تطوير[][]

Underfull \hbox (badness 2894) in paragraph at lines 25--25
[][][]\TU/Amiri(0)/m/n/12 نمو الطحالب المفرط[][]

Underfull \hbox (badness 1975) in paragraph at lines 25--25
[][]\TU/Amiri(0)/m/n/12 المنافس للأزولا على[][]

Underfull \hbox (badness 10000) in paragraph at lines 25--26
[][][]\TU/Amiri(0)/m/n/12 إدارة متوازنة للمغذيات؛[][]

Overfull \hbox (3.09444pt too wide) in paragraph at lines 15--28
 [][][][] 

Underfull \hbox (badness 10000) in paragraph at lines 39--39
[][][]\TU/Amiri(0)/m/n/12 نقص إنتاج الكتلة[][]

Underfull \hbox (badness 10000) in paragraph at lines 39--39
[][][]\TU/Amiri(0)/m/n/12 عدم تلبية كميات[][]

Underfull \hbox (badness 10000) in paragraph at lines 39--40
[][][]\TU/Amiri(0)/m/n/12 احتياطي مساحة الزراعة؛[][]

Underfull \hbox (badness 10000) in paragraph at lines 41--42
[][][]\TU/Amiri(0)/m/n/12 أنظمة معدات احتياطية؛[][]

Underfull \hbox (badness 3514) in paragraph at lines 43--44
[][][]\TU/Amiri(0)/m/n/12 بروتوكولات نظافة صارمة؛[][]

Underfull \hbox (badness 10000) in paragraph at lines 43--44
[][]\TU/Amiri(0)/m/n/12 تدريب الموظفين؛ أنظمة[][]

Underfull \hbox (badness 4391) in paragraph at lines 45--45
[][][]\TU/Amiri(0)/m/n/12 الانحراف الجيني أو[][]

Underfull \hbox (badness 10000) in paragraph at lines 45--45
[][]\TU/Amiri(0)/m/n/12 فقدان الخصائص[][]

Underfull \hbox (badness 10000) in paragraph at lines 45--46
[][][]\TU/Amiri(0)/m/n/12 بنك السلالات؛ التجديد[][]

Overfull \hbox (3.09444pt too wide) in paragraph at lines 35--48
 [][][][] 

LaTeX Warning: `h' float specifier changed to `ht'.


Underfull \hbox (badness 10000) in paragraph at lines 59--59
[][][]\TU/Amiri(0)/m/n/12 ملفات تعريف[][]

Underfull \hbox (badness 10000) in paragraph at lines 59--59
[][]\TU/Amiri(0)/m/n/12 المغذيات دون[][]

Underfull \hbox (badness 1762) in paragraph at lines 59--59
[][]\TU/Amiri(0)/m/n/12 المستوى الأمثل تؤثر[][]

Underfull \hbox (badness 10000) in paragraph at lines 59--60
[][][]\TU/Amiri(0)/m/n/12 اختبار المغذيات بانتظام؛[][]

Underfull \hbox (badness 1418) in paragraph at lines 61--62
[][][]\TU/Amiri(0)/m/n/12 شبكات استشعار احتياطية؛[][]

Underfull \hbox (badness 7326) in paragraph at lines 63--63
[][][]\TU/Amiri(0)/m/n/12 تعطل أنظمة توزيع[][]

Underfull \hbox (badness 5403) in paragraph at lines 63--64
[][][]\TU/Amiri(0)/m/n/12 مضخات احتياطية وأنظمة[][]

Underfull \hbox (badness 10000) in paragraph at lines 63--64
[][]\TU/Amiri(0)/m/n/12 توزيع؛ ترتيبات إمدادات[][]

Overfull \hbox (3.09444pt too wide) in paragraph at lines 55--66
 [][][][] 

LaTeX Warning: `h' float specifier changed to `ht'.


Underfull \hbox (badness 1852) in paragraph at lines 79--79
[][][]\TU/Amiri(0)/m/n/12 القدرة الإنتاجية غير[][]

Underfull \hbox (badness 10000) in paragraph at lines 79--80
[][]\TU/Amiri(0)/m/n/12 المخزون الاحتياطي؛ قدرة[][]

Underfull \hbox (badness 10000) in paragraph at lines 81--81
[][][]\TU/Amiri(0)/m/n/12 انقطاع في تدفق[][]

Underfull \hbox (badness 10000) in paragraph at lines 81--81
[][]\TU/Amiri(0)/m/n/12 الثروة الحيوانية[][]

Underfull \hbox (badness 10000) in paragraph at lines 81--82
[][][]\TU/Amiri(0)/m/n/12 تخزين المغذيات؛ مصادر[][]

Underfull \hbox (badness 4328) in paragraph at lines 81--82
[][]\TU/Amiri(0)/m/n/12 تجارية احتياطية؛ تركيبات[][]

Underfull \hbox (badness 6380) in paragraph at lines 83--83
[][]\TU/Amiri(0)/m/n/12 المتكاملة من وحدة[][]

Underfull \hbox (badness 2680) in paragraph at lines 83--84
[][]\TU/Amiri(0)/m/n/12 المياه البديلة؛ تحسين إعادة[][]

Overfull \hbox (3.09444pt too wide) in paragraph at lines 75--86
 [][][][] 

[60]

LaTeX Warning: `h' float specifier changed to `ht'.


LaTeX Warning: Reference `sec:risk_assessment_methodology_ar' on page \LRE {٦١}
 undefined on input line 91.


[61]

LaTeX Warning: Reference `sec:risk_monitoring_ar' on page \LRE {٦٢} undefined o
n input line 120.


[62]

LaTeX Warning: Reference `sec:risk_responsibilities_ar' on page \LRE {٦٣} undef
ined on input line 149.

) (./units/azolla_farming/sustainability_plan_ar.tex
[63]
[64]
[65]
[66]
[67]
[68]
[69]
[70]) (./units/azolla_farming/integration_plan_ar.tex
[71]
[72]
[73]

LaTeX Warning: Reference `sec:biodiesel_processing' on page \LRE {٧٤} undefined
 on input line 137.


LaTeX Warning: Reference `sec:livestock_feed_requirements' on page \LRE {٧٤} un
defined on input line 139.


LaTeX Warning: Reference `sec:vermicomposting_inputs' on page \LRE {٧٤} undefin
ed on input line 141.


LaTeX Warning: Reference `sec:biochar_production' on page \LRE {٧٤} undefined o
n input line 145.


LaTeX Warning: Reference `sec:fermentation_inputs' on page \LRE {٧٤} undefined 
on input line 147.


LaTeX Warning: Reference `sec:irrigation_water_sources' on page \LRE {٧٤} undef
ined on input line 149.


LaTeX Warning: Reference `sec:carbon_accounting' on page \LRE {٧٤} undefined on
 input line 151.


LaTeX Warning: Reference `sec:water_treatment_outputs' on page \LRE {٧٤} undefi
ned on input line 168.


LaTeX Warning: Reference `sec:biodiesel_feedstock' on page \LRE {٧٤} undefined 
on input line 170.


LaTeX Warning: Reference `sec:livestock_nutrition' on page \LRE {٧٤} undefined 
on input line 172.


LaTeX Warning: Reference `sec:biochar_inputs' on page \LRE {٧٤} undefined on in
put line 174.


LaTeX Warning: Reference `sec:vermicomposting_feedstock' on page \LRE {٧٤} unde
fined on input line 176.

)
[74]
باب \LRE {٤}.
(./units/biodiesel_production/overview_ar.tex
[75]
[76]
[77]) (./units/biodiesel_production/strategic_plan_ar.tex
[78]
[79]
[80]
[81]
[82]) (./units/biodiesel_production/operational_plan_ar.tex
[83]
[84]
[85]
[86]
[87]
[88]
[89]
[90]
[91]
[92]
[93]
[94]

LaTeX Warning: Reference `sec:glycerin_feed_supplement' on page \LRE {٩٥} undef
ined on input line 582.


Underfull \hbox (badness 4492) in paragraph at lines 582--582
[][]\TU/Amiri(0)/m/n/12 وحدة إدارة الماشية[]

LaTeX Warning: Reference `sec:vermicomposting_feedstock' on page \LRE {٩٥} unde
fined on input line 584.


Underfull \hbox (badness 6825) in paragraph at lines 584--585
[]\TU/Amiri(0)/m/n/12 400 كجم، أيام الأربعاء[]

LaTeX Warning: Reference `sec:biogas_feedstock' on page \LRE {٩٥} undefined on 
input line 586.


Underfull \hbox (badness 10000) in paragraph at lines 586--586
[][]\TU/Amiri(0)/m/n/12 إنتاج الغاز الحيوي[]

Underfull \hbox (badness 3907) in paragraph at lines 586--587
[][]\TU/Amiri(0)/m/n/12 إضافة يومية بمعدل: 22[]

[95]

LaTeX Warning: Reference `tab:glycerin_utilization' on page \LRE {٩٦} undefined
 on input line 647.


[96]

LaTeX Warning: Reference `sec:biochar_inputs' on page \LRE {٩٧} undefined on in
put line 661.


[97]
Underfull \hbox (badness 10000) in paragraph at lines 716--716
[][]\TU/Amiri(0)/b/n/12 التخصيص[]

LaTeX Warning: Reference `sec:date_palm_soil_amendment' on page \LRE {٩٨} undef
ined on input line 718.


Underfull \hbox (badness 10000) in paragraph at lines 718--718
[][]\TU/Amiri(0)/m/n/12 25% (15[]

LaTeX Warning: Reference `sec:olive_soil_amendment' on page \LRE {٩٨} undefined
 on input line 720.


Underfull \hbox (badness 10000) in paragraph at lines 720--720
[][]\TU/Amiri(0)/m/n/12 20% (12[]

LaTeX Warning: Reference `sec:nursery_substrate' on page \LRE {٩٨} undefined on
 input line 722.


Underfull \hbox (badness 1112) in paragraph at lines 722--723
[][]\TU/Amiri(0)/m/n/12 إدراج على مدار العام في وسائط[]

Underfull \hbox (badness 7888) in paragraph at lines 722--723
[]\TU/Amiri(0)/m/n/12 الزراعة؛ معدلات أعلى (15%)[]

LaTeX Warning: Reference `sec:biochar_in_vermicompost' on page \LRE {٩٨} undefi
ned on input line 724.


Underfull \hbox (badness 10000) in paragraph at lines 724--724
[][]\TU/Amiri(0)/m/n/12 25% (15[]

LaTeX Warning: Reference `sec:biochar_in_azolla' on page \LRE {٩٨} undefined on
 input line 726.


Underfull \hbox (badness 10000) in paragraph at lines 728--728
[][]\TU/Amiri(0)/m/n/12 1-‏2 طن لكل[]

LaTeX Warning: Reference `sec:date_palm_soil_amendment' on page \LRE {٩٨} undef
ined on input line 735.


LaTeX Warning: Reference `sec:olive_soil_amendment' on page \LRE {٩٨} undefined
 on input line 743.


LaTeX Warning: Reference `sec:nursery_substrate' on page \LRE {٩٨} undefined on
 input line 751.


[98]

LaTeX Warning: Reference `sec:biochar_in_vermicompost' on page \LRE {٩٩} undefi
ned on input line 759.


[99]
[100]
[101]) (./units/biodiesel_production/financial_plan_ar.tex
[102]
[103]
[104]) (./units/biodiesel_production/resource_requirements_ar.tex
[105]
[106]
[107]
[108]) (./units/biodiesel_production/risk_management_ar.tex
[109]
[110]
[111]
[112]) (./units/biodiesel_production/sustainability_plan_ar.tex
[113]
[114]
[115]
[116]) (./units/biodiesel_production/integration_plan_ar.tex
[117]
[118]
[119]
[120]
[121])
[122]
باب \LRE {٥}.
(./units/livestock_management/overview_ar.tex
[123]
[124]
[125]
[126]) (./units/livestock_management/strategic_plan_ar.tex)
(./units/livestock_management/operational_plan_ar.tex
[127]
[128]
[129]
Underfull \hbox (badness 10000) in paragraph at lines 202--202
[][]\TU/Amiri(0)/m/n/12 2,100-‏2,200 كيلو[]

Underfull \hbox (badness 10000) in paragraph at lines 211--211
[][]\TU/Amiri(0)/m/n/12 120-‏150 وحدة[]

[130]

LaTeX Warning: Reference `sec:azolla_farming_unit' on page \LRE {١٣١} undefined
 on input line 226.


[131]

LaTeX Warning: Reference `sec:azolla_production_records' on page \LRE {١٣٢} und
efined on input line 240.


LaTeX Warning: Reference `sec:emergency_feed' on page \LRE {١٣٢} undefined on i
nput line 259.


Underfull \hbox (badness 10000) in paragraph at lines 273--273
[][]\TU/Amiri(0)/b/n/12 معدل إدماج[]

Underfull \hbox (badness 10000) in paragraph at lines 275--275
[][]\TU/Amiri(0)/m/n/12 مجففة ومطحونة[]

Underfull \hbox (badness 2277) in paragraph at lines 275--276
[][]\TU/Amiri(0)/m/n/12 خلط جيد مع علف البادئ؛[]

Underfull \hbox (badness 10000) in paragraph at lines 277--277
[][]\TU/Amiri(0)/m/n/12 10-‏15% من[]

Underfull \hbox (badness 10000) in paragraph at lines 279--279
[][]\TU/Amiri(0)/m/n/12 الدجاج البياض (16+[]

Underfull \hbox (badness 10000) in paragraph at lines 279--279
[][]\TU/Amiri(0)/m/n/12 15-‏20% من[]

Underfull \hbox (badness 10000) in paragraph at lines 281--281
[][]\TU/Amiri(0)/m/n/12 5% من النظام[]

Underfull \hbox (badness 10000) in paragraph at lines 281--281
[][]\TU/Amiri(0)/m/n/12 مجففة ومطحونة[]

Underfull \hbox (badness 10000) in paragraph at lines 283--283
[][]\TU/Amiri(0)/m/n/12 10-‏15% من[]

Underfull \hbox (badness 10000) in paragraph at lines 285--285
[][]\TU/Amiri(0)/m/n/12 20-‏30% من[]

LaTeX Warning: `h' float specifier changed to `ht'.


[132]
Overfull \hbox (204.6719pt too wide) in paragraph at lines 320--335
 [][][][] 

LaTeX Warning: `h' float specifier changed to `ht'.


[133]

LaTeX Warning: Reference `sec:azolla_production_team' on page \LRE {١٣٤} undefi
ned on input line 370.


[134]

LaTeX Warning: Reference `sec:glycerin_feed_supplement' on page \LRE {١٣٥} unde
fined on input line 386.


[135]
[136]) (./units/livestock_management/financial_plan_ar.tex
[137]
[138]
[139]
[140]
[141]
[142]
[143]) (./units/livestock_management/resource_requirements_ar.tex
[144]
[145]
[146]
[147]) (./units/livestock_management/risk_management_ar.tex
[148]
[149]
[150]
[151]) (./units/livestock_management/sustainability_plan_ar.tex
[152]
[153]
[154]
[155]) (./units/livestock_management/integration_plan_ar.tex
[156]
[157]
[158])
[159]
باب \LRE {٦}.
(./units/vermicomposting_biochar/overview_ar.tex
[160]
[161]
[162]
Overfull \hbox (95.44794pt too wide) in paragraph at lines 138--155
 [][][][] 

LaTeX Warning: `h' float specifier changed to `ht'.


LaTeX Warning: Reference `sec:biodiesel_integration' on page \LRE {١٦٣} undefin
ed on input line 160.


[163]
[164]) (./units/vermicomposting_biochar/strategic_plan_ar.tex)
(./units/vermicomposting_biochar/operational_plan_ar.tex)
(./units/vermicomposting_biochar/financial_plan_ar.tex)
(./units/vermicomposting_biochar/resource_requirements_ar.tex)
(./units/vermicomposting_biochar/risk_management_ar.tex)
(./units/vermicomposting_biochar/sustainability_plan_ar.tex)
(./units/vermicomposting_biochar/integration_plan_ar.tex)
[165]
باب \LRE {٧}.
(./units/date_palm_cultivation/overview_ar.tex
[166]) (./units/date_palm_cultivation/strategic_plan_ar.tex
[167]
[168]
[169]) (./units/date_palm_cultivation/operational_plan_ar.tex
[170]

LaTeX Warning: Reference `sec:nursery_palm_integration' on page \LRE {١٧١} unde
fined on input line 40.


[171]
[172]
[173]
[174]
[175]) (./units/date_palm_cultivation/financial_plan_ar.tex
[176]
[177]
[178]) (./units/date_palm_cultivation/resource_requirements_ar.tex
[179]
[180]
[181]
[182]) (./units/date_palm_cultivation/risk_management_ar.tex)
(./units/date_palm_cultivation/sustainability_plan_ar.tex)
(./units/date_palm_cultivation/integration_plan_ar.tex
[183]
[184]
[185])
[186]
باب \LRE {٨}.
(./units/acacia_cultivation/overview_ar.tex
[187]) (./units/acacia_cultivation/strategic_plan_ar.tex
[188]
[189]
[190]) (./units/acacia_cultivation/operational_plan_ar.tex
[191]
[192]
[193]
[194]
[195]
[196]) (./units/acacia_cultivation/financial_plan_ar.tex
[197]
[198]
[199]
[200]
[201]
[202]) (./units/acacia_cultivation/resource_requirements_ar.tex
[203]
[204]
[205]
[206]
[207]) (./units/acacia_cultivation/risk_management_ar.tex)
(./units/acacia_cultivation/sustainability_plan_ar.tex)
(./units/acacia_cultivation/integration_plan_ar.tex
[208]
[209]
[210]
[211]
[212]
[213]
[214])
[215]
باب \LRE {٩}.
(./units/olive_cultivation/overview_ar.tex
[216]
[217]) (./units/olive_cultivation/strategic_plan_ar.tex
[218]
[219]
[220]
[221]) (./units/olive_cultivation/operational_plan_ar.tex
[222]

LaTeX Warning: Reference `sec:nursery_olive_integration' on page \LRE {٢٢٣} und
efined on input line 47.


[223]
[224]
[225]
[226]
[227]
[228]) (./units/olive_cultivation/financial_plan_ar.tex
[229]
[230]
Underfull \hbox (badness 10000) in paragraph at lines 84--84
[][]\TU/Amiri(0)/m/n/12 120,000[]

Underfull \hbox (badness 10000) in paragraph at lines 84--84
[][]\TU/Amiri(0)/m/n/12 105,000[]

Underfull \hbox (badness 10000) in paragraph at lines 85--86
[][]\TU/Amiri(0)/m/n/12 المدخلات[]

Underfull \hbox (badness 10000) in paragraph at lines 90--90
[][]\TU/Amiri(0)/m/n/12 300,000[]

Underfull \hbox (badness 10000) in paragraph at lines 90--90
[][]\TU/Amiri(0)/m/n/12 262,500[]

Underfull \hbox (badness 10000) in paragraph at lines 90--90
[][]\TU/Amiri(0)/m/n/12 225,000[]

Underfull \hbox (badness 10000) in paragraph at lines 90--90
[][]\TU/Amiri(0)/m/n/12 187,500[]

Underfull \hbox (badness 10000) in paragraph at lines 90--90
[][]\TU/Amiri(0)/m/n/12 150,000[]

Underfull \hbox (badness 10000) in paragraph at lines 90--91
[][]\TU/Amiri(0)/b/n/12 إجمالي تكاليف[]

[231]
Underfull \hbox (badness 10000) in paragraph at lines 143--144
[][]\TU/Amiri(0)/b/n/12 مصدر[]

Underfull \hbox (badness 10000) in paragraph at lines 145--145
[][]\TU/Amiri(0)/m/n/12 450,000[]

Underfull \hbox (badness 10000) in paragraph at lines 145--145
[][]\TU/Amiri(0)/m/n/12 300,000[]

Underfull \hbox (badness 10000) in paragraph at lines 145--145
[][]\TU/Amiri(0)/m/n/12 150,000[]

Underfull \hbox (badness 10000) in paragraph at lines 145--146
[][]\TU/Amiri(0)/m/n/12 مبيعات زيت[]

Underfull \hbox (badness 10000) in paragraph at lines 146--146
[][]\TU/Amiri(0)/m/n/12 100,000[]

Underfull \hbox (badness 1430) in paragraph at lines 146--147
[][]\TU/Amiri(0)/m/n/12 منتجات الزراعة[]

Underfull \hbox (badness 5105) in paragraph at lines 148--149
[][]\TU/Amiri(0)/m/n/12 خدمات النظام[]

Underfull \hbox (badness 10000) in paragraph at lines 150--150
[][]\TU/Amiri(0)/m/n/12 650,000[]

Underfull \hbox (badness 10000) in paragraph at lines 150--150
[][]\TU/Amiri(0)/m/n/12 455,000[]

Underfull \hbox (badness 10000) in paragraph at lines 150--150
[][]\TU/Amiri(0)/m/n/12 260,000[]

Underfull \hbox (badness 10000) in paragraph at lines 150--150
[][]\TU/Amiri(0)/m/n/12 115,000[]

Underfull \hbox (badness 10000) in paragraph at lines 150--151
[][]\TU/Amiri(0)/b/n/12 إجمالي[]

Underfull \hbox (badness 10000) in paragraph at lines 150--151
[]\TU/Amiri(0)/b/n/12 الإيرادات[]

LaTeX Warning: `h' float specifier changed to `ht'.


[232]
Underfull \hbox (badness 10000) in paragraph at lines 195--195
[][]\TU/Amiri(0)/m/n/12 650,000[]

Underfull \hbox (badness 10000) in paragraph at lines 195--195
[][]\TU/Amiri(0)/m/n/12 455,000[]

Underfull \hbox (badness 10000) in paragraph at lines 195--195
[][]\TU/Amiri(0)/m/n/12 260,000[]

Underfull \hbox (badness 10000) in paragraph at lines 195--195
[][]\TU/Amiri(0)/m/n/12 115,000[]

Underfull \hbox (badness 10000) in paragraph at lines 196--196
[][]\TU/Amiri(0)/m/n/12 300,000[]

Underfull \hbox (badness 10000) in paragraph at lines 196--196
[][]\TU/Amiri(0)/m/n/12 262,500[]

Underfull \hbox (badness 10000) in paragraph at lines 196--196
[][]\TU/Amiri(0)/m/n/12 225,000[]

Underfull \hbox (badness 10000) in paragraph at lines 196--196
[][]\TU/Amiri(0)/m/n/12 187,500[]

Underfull \hbox (badness 10000) in paragraph at lines 196--196
[][]\TU/Amiri(0)/m/n/12 150,000[]

Underfull \hbox (badness 10000) in paragraph at lines 196--197
[][]\TU/Amiri(0)/m/n/12 إجمالي تكاليف[]

Underfull \hbox (badness 10000) in paragraph at lines 197--197
[][]\TU/Amiri(0)/m/n/12 120,000[]

Underfull \hbox (badness 10000) in paragraph at lines 197--197
[][]\TU/Amiri(0)/m/n/12 150,000[]

Underfull \hbox (badness 10000) in paragraph at lines 197--197
[][]\TU/Amiri(0)/m/n/12 172,500[]

Underfull \hbox (badness 10000) in paragraph at lines 197--197
[][]\TU/Amiri(0)/m/n/12 215,000[]

Underfull \hbox (badness 10000) in paragraph at lines 197--198
[][]\TU/Amiri(0)/m/n/12 الاستثمار[]

Underfull \hbox (badness 10000) in paragraph at lines 199--199
[][]\TU/Amiri(0)/m/n/12 290,000[]

Underfull \hbox (badness 10000) in paragraph at lines 199--199
[][]\TU/Amiri(0)/m/n/12 -‏115,000[]

Underfull \hbox (badness 10000) in paragraph at lines 199--199
[][]\TU/Amiri(0)/m/n/12 -‏245,000[]

Underfull \hbox (badness 10000) in paragraph at lines 199--199
[][]\TU/Amiri(0)/m/n/12 -‏340,000[]

Underfull \hbox (badness 10000) in paragraph at lines 199--200
[][]\TU/Amiri(0)/m/n/12 صافي التدفق[]

Underfull \hbox (badness 10000) in paragraph at lines 200--200
[][]\TU/Amiri(0)/m/n/12 -‏337,500[]

Underfull \hbox (badness 10000) in paragraph at lines 200--200
[][]\TU/Amiri(0)/m/n/12 -‏627,500[]

Underfull \hbox (badness 10000) in paragraph at lines 200--200
[][]\TU/Amiri(0)/m/n/12 -‏700,000[]

Underfull \hbox (badness 10000) in paragraph at lines 200--200
[][]\TU/Amiri(0)/m/n/12 -‏585,000[]

Underfull \hbox (badness 10000) in paragraph at lines 200--200
[][]\TU/Amiri(0)/m/n/12 -‏340,000[]

Underfull \hbox (badness 10000) in paragraph at lines 200--201
[][]\TU/Amiri(0)/m/n/12 التدفق النقدي[]

[233]
[234]) (./units/olive_cultivation/resource_requirements_ar.tex
[235]
[236]
[237]) (./units/olive_cultivation/risk_management_ar.tex
[238]
[239]
[240]
[241]) (./units/olive_cultivation/sustainability_plan_ar.tex
[242]
[243]
[244]
[245]) (./units/olive_cultivation/integration_plan_ar.tex
[246]
[247]
[248]
[249]
[250])
[251]
باب \LRE {١٠}.
(./units/remote_sensing_farm_management/overview_ar.tex
[252]
[253]) (./units/remote_sensing_farm_management/strategic_plan_ar.tex
[254]
[255]
[256]
[257]
[258]) (./units/remote_sensing_farm_management/operational_plan_ar.tex
[259]
[260]
[261]
[262]
[263]
[264]
[265]
[266]
[267]
[268]
[269]
[270]
[271]
[272]) (./units/remote_sensing_farm_management/financial_plan_ar.tex
[273]
[274]
[275]
[276]) (./units/remote_sensing_farm_management/resource_requirements_ar.tex
[277]
[278]
[279]
[280]) (./units/remote_sensing_farm_management/risk_management_ar.tex
[281]
Underfull \hbox (badness 10000) in paragraph at lines 65--65
[][]\TU/Amiri(0)/m/n/12 تهديدات الأمن[]

Underfull \hbox (badness 10000) in paragraph at lines 73--73
[][]\TU/Amiri(0)/m/n/12 تقادم التكنولوجيا[]

[282]
Underfull \hbox (badness 4569) in paragraph at lines 92--92
[][]\TU/Amiri(0)/m/n/12 فجوات تغطية شبكة[]

Underfull \hbox (badness 10000) in paragraph at lines 108--108
[][]\TU/Amiri(0)/m/n/12 قيود رحلات[]

[283]
Underfull \hbox (badness 10000) in paragraph at lines 143--143
[][]\TU/Amiri(0)/m/n/12 أحداث الطقس[]

[284]
Underfull \hbox (badness 2837) in paragraph at lines 202--202
[][]\TU/Amiri(0)/m/n/12 تكاليف معدات غير[]

Underfull \hbox (badness 10000) in paragraph at lines 226--226
[][]\TU/Amiri(0)/m/n/12 نقص العائد على[]

[285]
Underfull \hbox (badness 10000) in paragraph at lines 269--269
[][]\TU/Amiri(0)/m/n/12 مقاومة اعتماد[]

[286]
Underfull \hbox (badness 10000) in paragraph at lines 296--296
[][]\TU/Amiri(0)/m/n/12 لوائح رحلات[]

Underfull \hbox (badness 10000) in paragraph at lines 304--304
[][]\TU/Amiri(0)/m/n/12 مخاوف خصوصية[]

Underfull \hbox (badness 10000) in paragraph at lines 312--312
[][]\TU/Amiri(0)/m/n/12 الامتثال للترددات[]

[287]
[288]
[289]) (./units/remote_sensing_farm_management/sustainability_plan_ar.tex
[290]
[291]
[292]
[293]
[294]
[295]
[296])

! LaTeX Error: File `units/remote_sensing_farm_management/integration_plan_ar.t
ex' not found.

Type X to quit or <RETURN> to proceed,
or enter new name. (Default extension: tex)

Enter file name: 
! Emergency stop.
<read *> 
         
l.162 ...sing_farm_management/integration_plan_ar}
                                                  ^^M
Output written on main_ar.pdf (297 pages).
Transcript written on main_ar.log.
