This is XeTeX, Version 3.141592653-2.6-0.999997 (TeX Live 2025) (preloaded format=xelatex 2025.3.9)  16 MAR 2025 15:14
entering extended mode
 restricted \write18 enabled.
 %&-line parsing enabled.
**main_ar.tex
(./main_ar.tex
LaTeX2e <2024-11-01> patch level 2
L3 programming layer <2025-01-18>
(/usr/local/texlive/2025/texmf-dist/tex/latex/base/report.cls
Document Class: report 2024/06/29 v1.4n Standard LaTeX document class
(/usr/local/texlive/2025/texmf-dist/tex/latex/base/size12.clo
File: size12.clo 2024/06/29 v1.4n Standard LaTeX file (size option)
)
\c@part=\count192
\c@chapter=\count193
\c@section=\count194
\c@subsection=\count195
\c@subsubsection=\count196
\c@paragraph=\count197
\c@subparagraph=\count198
\c@figure=\count199
\c@table=\count266
\abovecaptionskip=\skip49
\belowcaptionskip=\skip50
\bibindent=\dimen141
)
(/usr/local/texlive/2025/texmf-dist/tex/latex/fontspec/fontspec.sty
(/usr/local/texlive/2025/texmf-dist/tex/latex/l3packages/xparse/xparse.sty
(/usr/local/texlive/2025/texmf-dist/tex/latex/l3kernel/expl3.sty
Package: expl3 2025-01-18 L3 programming layer (loader) 

(/usr/local/texlive/2025/texmf-dist/tex/latex/l3backend/l3backend-xetex.def
File: l3backend-xetex.def 2024-05-08 L3 backend support: XeTeX
\g__graphics_track_int=\count267
\l__pdf_internal_box=\box52
\g__pdf_backend_annotation_int=\count268
\g__pdf_backend_link_int=\count269
))
Package: xparse 2024-08-16 L3 Experimental document command parser
)
Package: fontspec 2024/05/11 v2.9e Font selection for XeLaTeX and LuaLaTeX

(/usr/local/texlive/2025/texmf-dist/tex/latex/fontspec/fontspec-xetex.sty
Package: fontspec-xetex 2024/05/11 v2.9e Font selection for XeLaTeX and LuaLaTe
X
\l__fontspec_script_int=\count270
\l__fontspec_language_int=\count271
\l__fontspec_strnum_int=\count272
\l__fontspec_tmp_int=\count273
\l__fontspec_tmpa_int=\count274
\l__fontspec_tmpb_int=\count275
\l__fontspec_tmpc_int=\count276
\l__fontspec_em_int=\count277
\l__fontspec_emdef_int=\count278
\l__fontspec_strong_int=\count279
\l__fontspec_strongdef_int=\count280
\l__fontspec_tmpa_dim=\dimen142
\l__fontspec_tmpb_dim=\dimen143
\l__fontspec_tmpc_dim=\dimen144

(/usr/local/texlive/2025/texmf-dist/tex/latex/base/fontenc.sty
Package: fontenc 2021/04/29 v2.0v Standard LaTeX package
)
(/usr/local/texlive/2025/texmf-dist/tex/latex/fontspec/fontspec.cfg)))
(/usr/local/texlive/2025/texmf-dist/tex/latex/polyglossia/polyglossia.sty
Package: polyglossia 2025/01/31 v2.4 Modern multilingual typesetting with XeLaT
eX and LuaLaTeX

(/usr/local/texlive/2025/texmf-dist/tex/latex/etoolbox/etoolbox.sty
Package: etoolbox 2025/02/11 v2.5l e-TeX tools for LaTeX (JAW)
\etb@tempcnta=\count281
)
(/usr/local/texlive/2025/texmf-dist/tex/generic/iftex/iftex.sty
Package: iftex 2024/12/12 v1.0g TeX engine tests
)
\l_xpg_alias_keyvals_int=\count282

(/usr/local/texlive/2025/texmf-dist/tex/latex/polyglossia/gloss-latex.ldf
File: gloss-latex.ldf polyglossia: module for default language
))
(/usr/local/texlive/2025/texmf-dist/tex/latex/polyglossia/gloss-arabic.ldf
File: gloss-arabic.ldf polyglossia: module for Arabic

(/usr/local/texlive/2025/texmf-dist/tex/xelatex/bidi/bidi.sty
Package: bidi 2025/02/02 v25.2.2 (Release Maryam Mirzakhani) Bidirectional type
setting in plain TeX and LaTeX

****************************************************
* 
* bidi package (Bidirectional typesetting in
* plain TeX and LaTeX, using XeTeX engine)
* 
* Description: A convenient interface for
* typesetting bidirectional texts in plain TeX
* and LaTeX. The package includes adaptations
* for use with many other commonly-used packages.
* 
* Copyright (c) 2007--2025 Vafa Khalighi
* Copyright (c) 2018--2020 bidi-tex GitHub organization
* 
* v25.2.2 (Release Maryam Mirzakhani), 2025/02/02
* 
* License: LaTeX Project Public License, version
* 1.3c or higher (your choice)
* 
* Location on CTAN: /macros/xetex/latex/bidi
* 
* Issue tracker: https://github.com/xepersian/bidi/issues
* 
* Discussions: https://github.com/xepersian/bidi/discussions
* 
* Primary author of bidi package: Vafa Khalighi.
* 
****************************************************
(/usr/local/texlive/2025/texmf-dist/tex/xelatex/bidi/biditools.sty
Package: biditools 2025/02/02 v2.7 Programming tools for bidi package
\@bidi@envbody=\toks17
\@bidi@emptytoks=\toks18
\bidi@poscount=\count283
\bidi@tempcountb=\count284
\bidi@temptoksa=\toks19
\bidi@temptoksb=\toks20
\bidi@dummies=\count285
\bidi@are@these@correct=\toks21
\bidi@toks@lista=\toks22
\bidi@toks@listb=\toks23
\bidi@stack@length=\count286
\bidi@empty@stack=\toks24
\bidi@looprepeat@depth=\count287
)
(/usr/local/texlive/2025/texmf-dist/tex/latex/zref/zref-abspage.sty
Package: zref-abspage 2023-09-14 v2.35 Module abspage for zref (HO)

(/usr/local/texlive/2025/texmf-dist/tex/latex/zref/zref-base.sty
Package: zref-base 2023-09-14 v2.35 Module base for zref (HO)

(/usr/local/texlive/2025/texmf-dist/tex/generic/ltxcmds/ltxcmds.sty
Package: ltxcmds 2023-12-04 v1.26 LaTeX kernel commands for general use (HO)
)
(/usr/local/texlive/2025/texmf-dist/tex/generic/infwarerr/infwarerr.sty
Package: infwarerr 2019/12/03 v1.5 Providing info/warning/error messages (HO)
)
(/usr/local/texlive/2025/texmf-dist/tex/latex/kvsetkeys/kvsetkeys.sty
Package: kvsetkeys 2022-10-05 v1.19 Key value parser (HO)
)
(/usr/local/texlive/2025/texmf-dist/tex/generic/kvdefinekeys/kvdefinekeys.sty
Package: kvdefinekeys 2019-12-19 v1.6 Define keys (HO)
)
(/usr/local/texlive/2025/texmf-dist/tex/generic/pdftexcmds/pdftexcmds.sty
Package: pdftexcmds 2020-06-27 v0.33 Utility functions of pdfTeX for LuaTeX (HO
)
Package pdftexcmds Info: \pdf@primitive is available.
Package pdftexcmds Info: \pdf@ifprimitive is available.
Package pdftexcmds Info: \pdfdraftmode not found.
)
(/usr/local/texlive/2025/texmf-dist/tex/generic/etexcmds/etexcmds.sty
Package: etexcmds 2019/12/15 v1.7 Avoid name clashes with e-TeX commands (HO)
)
(/usr/local/texlive/2025/texmf-dist/tex/latex/auxhook/auxhook.sty
Package: auxhook 2019-12-17 v1.6 Hooks for auxiliary files (HO)
)
Package zref Info: New property list: main on input line 767.
Package zref Info: New property: default on input line 768.
Package zref Info: New property: page on input line 769.
)
\c@abspage=\count288
Package zref Info: New property: abspage on input line 67.
)
\@bidi@copyins@=\insert252
\bidi@typesethour=\count289
\bidi@typesetminute=\count290

(/usr/local/texlive/2025/texmf-dist/tex/xelatex/bidi/latex-xetex-bidi.def
File: latex-xetex-bidi.def 2025/01/03 v1.5.2 bidi adaptations for `latex.ltx' f
or XeTeX engine
\bidi@n@everypar=\toks25
LaTeX Info: Redefining \centerline on input line 316.
LaTeX Info: Redefining \leftline on input line 325.
LaTeX Info: Redefining \rightline on input line 326.
LaTeX Info: Redefining \underline on input line 334.
\bidi@column@check@number=\count291

(/usr/local/texlive/2025/texmf-dist/tex/xelatex/bidi/footnote-xetex-bidi.def
File: footnote-xetex-bidi.def 2024/12/14 v1.3 bidi footnote macros for XeTeX en
gine
\c@footdir@label=\count292
\footdir@toks=\toks26
))
\bidi@digits=\count293
\bidi@digits@charclass=\XeTeXcharclass1
\bidi@sepmark@charclass=\XeTeXcharclass2
) (/usr/local/texlive/2025/texmf-dist/tex/latex/polyglossia/arabicnumbers.sty
Package: arabicnumbers 2010/03/18 v0.2 Formatting of Arabic and Farsi digits an
d of Arabic abjad numerals
)
(/usr/local/texlive/2025/texmf-dist/tex/latex/polyglossia/hijrical.sty
Package: hijrical 2010/07/12 v0.2 Islamic calendar

(/usr/local/texlive/2025/texmf-dist/tex/latex/tools/calc.sty
Package: calc 2023/07/08 v4.3 Infix arithmetic (KKT,FJ)
\calc@Acount=\count294
\calc@Bcount=\count295
\calc@Adimen=\dimen145
\calc@Bdimen=\dimen146
\calc@Askip=\skip51
\calc@Bskip=\skip52
LaTeX Info: Redefining \setlength on input line 80.
LaTeX Info: Redefining \addtolength on input line 81.
\calc@Ccount=\count296
\calc@Cskip=\skip53
)
(/usr/local/texlive/2025/texmf-dist/tex/latex/polyglossia/cal-util.def
\c@tmpA=\count297
\c@tmpB=\count298
\c@tmpC=\count299
\c@tmpD=\count300
\c@tmpE=\count301
\c@tmpF=\count302
)
\c@Hijriday=\count303
\c@Hijrimonth=\count304
\c@Hijriyear=\count305
))

Package polyglossia Info: Default language is arabic


(/usr/local/texlive/2025/texmf-dist/tex/latex/polyglossia/gloss-english.ldf
File: gloss-english.ldf polyglossia: module for English
)

Package fontspec Info: 
(fontspec)             Font family 'Amiri(0)' created for font 'Amiri' with
(fontspec)             options [Script=Arabic].
(fontspec)              
(fontspec)              This font family consists of the following NFSS
(fontspec)             series/shapes:
(fontspec)              
(fontspec)             - 'normal' (m/n) with NFSS spec.:
(fontspec)             <->"Amiri/OT:script=arab;language=dflt;"
(fontspec)             - 'bold' (b/n) with NFSS spec.:
(fontspec)             <->"Amiri/B/OT:script=arab;language=dflt;"
(fontspec)             - 'italic' (m/it) with NFSS spec.:
(fontspec)             <->"Amiri/I/OT:script=arab;language=dflt;"
(fontspec)             - 'bold italic' (b/it) with NFSS spec.:
(fontspec)             <->"Amiri/BI/OT:script=arab;language=dflt;"


Package fontspec Info: 
(fontspec)             Font family 'LatinModernRoman(0)' created for font
(fontspec)             'Latin Modern Roman' with options [].
(fontspec)              
(fontspec)              This font family consists of the following NFSS
(fontspec)             series/shapes:
(fontspec)              
(fontspec)             - 'normal' (m/n) with NFSS spec.: <->"Latin Modern
(fontspec)             Roman/OT:script=latn;language=dflt;"
(fontspec)             - 'bold' (b/n) with NFSS spec.: <->"Latin Modern
(fontspec)             Roman/B/OT:script=latn;language=dflt;"
(fontspec)             - 'italic' (m/it) with NFSS spec.: <->"Latin Modern
(fontspec)             Roman/I/OT:script=latn;language=dflt;"
(fontspec)             - 'bold italic' (b/it) with NFSS spec.: <->"Latin
(fontspec)             Modern Roman/BI/OT:script=latn;language=dflt;"


(/usr/local/texlive/2025/texmf-dist/tex/latex/graphics/graphicx.sty
Package: graphicx 2021/09/16 v1.2d Enhanced LaTeX Graphics (DPC,SPQR)

(/usr/local/texlive/2025/texmf-dist/tex/latex/graphics/keyval.sty
Package: keyval 2022/05/29 v1.15 key=value parser (DPC)
\KV@toks@=\toks27
)
(/usr/local/texlive/2025/texmf-dist/tex/latex/graphics/graphics.sty
Package: graphics 2024/08/06 v1.4g Standard LaTeX Graphics (DPC,SPQR)

(/usr/local/texlive/2025/texmf-dist/tex/latex/graphics/trig.sty
Package: trig 2023/12/02 v1.11 sin cos tan (DPC)
)
(/usr/local/texlive/2025/texmf-dist/tex/latex/graphics-cfg/graphics.cfg
File: graphics.cfg 2016/06/04 v1.11 sample graphics configuration
)
Package graphics Info: Driver file: xetex.def on input line 106.

(/usr/local/texlive/2025/texmf-dist/tex/latex/graphics-def/xetex.def
File: xetex.def 2022/09/22 v5.0n Graphics/color driver for xetex
))
\Gin@req@height=\dimen147
\Gin@req@width=\dimen148
)
(/usr/local/texlive/2025/texmf-dist/tex/xelatex/bidi/graphicx-xetex-bidi.def
File: graphicx-xetex-bidi.def 2017/06/17 v0.5 bidi adaptations for graphicx pac
kage for XeTeX engine
)
(/usr/local/texlive/2025/texmf-dist/tex/latex/amsmath/amsmath.sty
Package: amsmath 2024/11/05 v2.17t AMS math features
\@mathmargin=\skip54

For additional information on amsmath, use the `?' option.
(/usr/local/texlive/2025/texmf-dist/tex/latex/amsmath/amstext.sty
Package: amstext 2021/08/26 v2.01 AMS text

(/usr/local/texlive/2025/texmf-dist/tex/latex/amsmath/amsgen.sty
File: amsgen.sty 1999/11/30 v2.0 generic functions
\@emptytoks=\toks28
\ex@=\dimen149
))
(/usr/local/texlive/2025/texmf-dist/tex/xelatex/bidi/amstext-xetex-bidi.def
File: amstext-xetex-bidi.def 2016/09/12 v0.2 bidi adaptations for amstext packa
ge for XeTeX engine
)
(/usr/local/texlive/2025/texmf-dist/tex/latex/amsmath/amsbsy.sty
Package: amsbsy 1999/11/29 v1.2d Bold Symbols
\pmbraise@=\dimen150
)
(/usr/local/texlive/2025/texmf-dist/tex/latex/amsmath/amsopn.sty
Package: amsopn 2022/04/08 v2.04 operator names
)
\inf@bad=\count306
LaTeX Info: Redefining \frac on input line 233.
\uproot@=\count307
\leftroot@=\count308
LaTeX Info: Redefining \overline on input line 398.
LaTeX Info: Redefining \colon on input line 409.
\classnum@=\count309
\DOTSCASE@=\count310
LaTeX Info: Redefining \ldots on input line 495.
LaTeX Info: Redefining \dots on input line 498.
LaTeX Info: Redefining \cdots on input line 619.
\Mathstrutbox@=\box53
\strutbox@=\box54
LaTeX Info: Redefining \big on input line 721.
LaTeX Info: Redefining \Big on input line 722.
LaTeX Info: Redefining \bigg on input line 723.
LaTeX Info: Redefining \Bigg on input line 724.
\big@size=\dimen151
LaTeX Font Info:    Redeclaring font encoding OML on input line 742.
LaTeX Font Info:    Redeclaring font encoding OMS on input line 743.
\macc@depth=\count311
LaTeX Info: Redefining \bmod on input line 904.
LaTeX Info: Redefining \pmod on input line 909.
LaTeX Info: Redefining \smash on input line 939.
LaTeX Info: Redefining \relbar on input line 969.
LaTeX Info: Redefining \Relbar on input line 970.
\c@MaxMatrixCols=\count312
\dotsspace@=\muskip17
\c@parentequation=\count313
\dspbrk@lvl=\count314
\tag@help=\toks29
\row@=\count315
\column@=\count316
\maxfields@=\count317
\andhelp@=\toks30
\eqnshift@=\dimen152
\alignsep@=\dimen153
\tagshift@=\dimen154
\tagwidth@=\dimen155
\totwidth@=\dimen156
\lineht@=\dimen157
\@envbody=\toks31
\multlinegap=\skip55
\multlinetaggap=\skip56
\mathdisplay@stack=\toks32
LaTeX Info: Redefining \[ on input line 2953.
LaTeX Info: Redefining \] on input line 2954.
)
(/usr/local/texlive/2025/texmf-dist/tex/xelatex/bidi/amsmath-xetex-bidi.def
File: amsmath-xetex-bidi.def 2020/05/16 v1.2 bidi adaptations for amsmath packa
ge for XeTeX engine
)
(/usr/local/texlive/2025/texmf-dist/tex/latex/booktabs/booktabs.sty
Package: booktabs 2020/01/12 v1.61803398 Publication quality tables
\heavyrulewidth=\dimen158
\lightrulewidth=\dimen159
\cmidrulewidth=\dimen160
\belowrulesep=\dimen161
\belowbottomsep=\dimen162
\aboverulesep=\dimen163
\abovetopsep=\dimen164
\cmidrulesep=\dimen165
\cmidrulekern=\dimen166
\defaultaddspace=\dimen167
\@cmidla=\count318
\@cmidlb=\count319
\@aboverulesep=\dimen168
\@belowrulesep=\dimen169
\@thisruleclass=\count320
\@lastruleclass=\count321
\@thisrulewidth=\dimen170
)
(/usr/local/texlive/2025/texmf-dist/tex/latex/float/float.sty
Package: float 2001/11/08 v1.3d Float enhancements (AL)
\c@float@type=\count322
\float@exts=\toks33
\float@box=\box55
\@float@everytoks=\toks34
\@floatcapt=\box56
)
(/usr/local/texlive/2025/texmf-dist/tex/xelatex/bidi/float-xetex-bidi.def
File: float-xetex-bidi.def 2013/04/04 v0.2 bidi adaptations for float package f
or XeTeX engine
)
(/usr/local/texlive/2025/texmf-dist/tex/latex/geometry/geometry.sty
Package: geometry 2020/01/02 v5.9 Page Geometry

(/usr/local/texlive/2025/texmf-dist/tex/generic/iftex/ifvtex.sty
Package: ifvtex 2019/10/25 v1.7 ifvtex legacy package. Use iftex instead.
)
\Gm@cnth=\count323
\Gm@cntv=\count324
\c@Gm@tempcnt=\count325
\Gm@bindingoffset=\dimen171
\Gm@wd@mp=\dimen172
\Gm@odd@mp=\dimen173
\Gm@even@mp=\dimen174
\Gm@layoutwidth=\dimen175
\Gm@layoutheight=\dimen176
\Gm@layouthoffset=\dimen177
\Gm@layoutvoffset=\dimen178
\Gm@dimlist=\toks35
)
(/usr/local/texlive/2025/texmf-dist/tex/xelatex/bidi/geometry-xetex-bidi.def
File: geometry-xetex-bidi.def 2017/01/14 v0.2 bidi adaptations for geometry pac
kage for XeTeX engine
)
(/usr/local/texlive/2025/texmf-dist/tex/latex/microtype/microtype.sty
Package: microtype 2025/02/11 v3.2a Micro-typographical refinements (RS)
\MT@toks=\toks36
\MT@tempbox=\box57
\MT@count=\count326
LaTeX Info: Redefining \noprotrusionifhmode on input line 1087.
LaTeX Info: Redefining \leftprotrusion on input line 1088.
\MT@prot@toks=\toks37
LaTeX Info: Redefining \rightprotrusion on input line 1107.
LaTeX Info: Redefining \textls on input line 1449.
\MT@outer@kern=\dimen179
LaTeX Info: Redefining \microtypecontext on input line 2053.
LaTeX Info: Redefining \textmicrotypecontext on input line 2070.
\MT@listname@count=\count327

(/usr/local/texlive/2025/texmf-dist/tex/latex/microtype/microtype-xetex.def
File: microtype-xetex.def 2025/02/11 v3.2a Definitions specific to xetex (RS)
LaTeX Info: Redefining \lsstyle on input line 443.
LaTeX Info: Redefining \lslig on input line 451.
\MT@outer@space=\skip57
)
Package microtype Info: Loading configuration file microtype.cfg.

(/usr/local/texlive/2025/texmf-dist/tex/latex/microtype/microtype.cfg
File: microtype.cfg 2025/02/11 v3.2a microtype main configuration file (RS)

Missing character: There is no ‏ (U+200F) in font [lmroman12-regular]:mapping=t
ex-text;!
Missing character: There is no ‏ (U+200F) in font [lmroman12-regular]:mapping=t
ex-text;!
Missing character: There is no ‏ (U+200F) in font [lmroman12-regular]:mapping=t
ex-text;!
Missing character: There is no ‏ (U+200F) in font [lmroman12-regular]:mapping=t
ex-text;!
Missing character: There is no ‏ (U+200F) in font [lmroman12-regular]:mapping=t
ex-text;!
Missing character: There is no ‏ (U+200F) in font [lmroman12-regular]:mapping=t
ex-text;!
Missing character: There is no ‏ (U+200F) in font [lmroman12-regular]:mapping=t
ex-text;!
Missing character: There is no ‏ (U+200F) in font [lmroman12-regular]:mapping=t
ex-text;!
Missing character: There is no ‏ (U+200F) in font [lmroman12-regular]:mapping=t
ex-text;!
Missing character: There is no ‏ (U+200F) in font [lmroman12-regular]:mapping=t
ex-text;!
Missing character: There is no ‏ (U+200F) in font [lmroman12-regular]:mapping=t
ex-text;!
Missing character: There is no ‏ (U+200F) in font [lmroman12-regular]:mapping=t
ex-text;!
Missing character: There is no ‏ (U+200F) in font [lmroman12-regular]:mapping=t
ex-text;!
Missing character: There is no ‏ (U+200F) in font [lmroman12-regular]:mapping=t
ex-text;!
Missing character: There is no ‏ (U+200F) in font [lmroman12-regular]:mapping=t
ex-text;!
Missing character: There is no ‏ (U+200F) in font [lmroman12-regular]:mapping=t
ex-text;!
Missing character: There is no ‏ (U+200F) in font [lmroman12-regular]:mapping=t
ex-text;!
Missing character: There is no ‏ (U+200F) in font [lmroman12-regular]:mapping=t
ex-text;!
Missing character: There is no ‏ (U+200F) in font [lmroman12-regular]:mapping=t
ex-text;!
Missing character: There is no ‏ (U+200F) in font [lmroman12-regular]:mapping=t
ex-text;!
Missing character: There is no ‏ (U+200F) in font [lmroman12-regular]:mapping=t
ex-text;!
Missing character: There is no ‏ (U+200F) in font [lmroman12-regular]:mapping=t
ex-text;!
Missing character: There is no ‏ (U+200F) in font [lmroman12-regular]:mapping=t
ex-text;!
Missing character: There is no ‏ (U+200F) in font [lmroman12-regular]:mapping=t
ex-text;!
Missing character: There is no ‏ (U+200F) in font [lmroman12-regular]:mapping=t
ex-text;!
)
LaTeX Info: Redefining \microtypesetup on input line 3065.
) (/usr/local/texlive/2025/texmf-dist/tex/latex/hyperref/hyperref.sty
Package: hyperref 2024-11-05 v7.01l Hypertext links for LaTeX

(/usr/local/texlive/2025/texmf-dist/tex/generic/pdfescape/pdfescape.sty
Package: pdfescape 2019/12/09 v1.15 Implements pdfTeX's escape features (HO)
)
(/usr/local/texlive/2025/texmf-dist/tex/latex/hycolor/hycolor.sty
Package: hycolor 2020-01-27 v1.10 Color options for hyperref/bookmark (HO)
)
(/usr/local/texlive/2025/texmf-dist/tex/latex/hyperref/nameref.sty
Package: nameref 2023-11-26 v2.56 Cross-referencing by name of section

(/usr/local/texlive/2025/texmf-dist/tex/latex/refcount/refcount.sty
Package: refcount 2019/12/15 v3.6 Data extraction from label references (HO)
)
(/usr/local/texlive/2025/texmf-dist/tex/generic/gettitlestring/gettitlestring.s
ty
Package: gettitlestring 2019/12/15 v1.6 Cleanup title references (HO)
 (/usr/local/texlive/2025/texmf-dist/tex/latex/kvoptions/kvoptions.sty
Package: kvoptions 2022-06-15 v3.15 Key value format for package options (HO)
))
\c@section@level=\count328
)
(/usr/local/texlive/2025/texmf-dist/tex/generic/stringenc/stringenc.sty
Package: stringenc 2019/11/29 v1.12 Convert strings between diff. encodings (HO
)
)
\@linkdim=\dimen180
\Hy@linkcounter=\count329
\Hy@pagecounter=\count330

(/usr/local/texlive/2025/texmf-dist/tex/latex/hyperref/pd1enc.def
File: pd1enc.def 2024-11-05 v7.01l Hyperref: PDFDocEncoding definition (HO)
)
(/usr/local/texlive/2025/texmf-dist/tex/generic/intcalc/intcalc.sty
Package: intcalc 2019/12/15 v1.3 Expandable calculations with integers (HO)
)
\Hy@SavedSpaceFactor=\count331

(/usr/local/texlive/2025/texmf-dist/tex/latex/hyperref/puenc.def
File: puenc.def 2024-11-05 v7.01l Hyperref: PDF Unicode definition (HO)
)
Package hyperref Info: Option `bookmarks' set `true' on input line 4040.
Package hyperref Info: Option `bookmarksopen' set `true' on input line 4040.
Package hyperref Info: Option `bookmarksnumbered' set `true' on input line 4040
.
Package hyperref Info: Option `colorlinks' set `true' on input line 4040.
Package hyperref Info: Hyper figures OFF on input line 4157.
Package hyperref Info: Link nesting OFF on input line 4162.
Package hyperref Info: Hyper index ON on input line 4165.
Package hyperref Info: Plain pages OFF on input line 4172.
Package hyperref Info: Backreferencing OFF on input line 4177.
Package hyperref Info: Implicit mode ON; LaTeX internals redefined.
Package hyperref Info: Bookmarks ON on input line 4424.
\c@Hy@tempcnt=\count332

(/usr/local/texlive/2025/texmf-dist/tex/latex/url/url.sty
\Urlmuskip=\muskip18
Package: url 2013/09/16  ver 3.4  Verb mode for urls, etc.
)
LaTeX Info: Redefining \url on input line 4763.
\XeTeXLinkMargin=\dimen181

(/usr/local/texlive/2025/texmf-dist/tex/generic/bitset/bitset.sty
Package: bitset 2019/12/09 v1.3 Handle bit-vector datatype (HO)

(/usr/local/texlive/2025/texmf-dist/tex/generic/bigintcalc/bigintcalc.sty
Package: bigintcalc 2019/12/15 v1.5 Expandable calculations on big integers (HO
)
))
\Fld@menulength=\count333
\Field@Width=\dimen182
\Fld@charsize=\dimen183
Package hyperref Info: Hyper figures OFF on input line 6042.
Package hyperref Info: Link nesting OFF on input line 6047.
Package hyperref Info: Hyper index ON on input line 6050.
Package hyperref Info: backreferencing OFF on input line 6057.
Package hyperref Info: Link coloring ON on input line 6060.
Package hyperref Info: Link coloring with OCG OFF on input line 6067.
Package hyperref Info: PDF/A mode OFF on input line 6072.

(/usr/local/texlive/2025/texmf-dist/tex/latex/base/atbegshi-ltx.sty
Package: atbegshi-ltx 2021/01/10 v1.0c Emulation of the original atbegshi
package with kernel methods
)
\Hy@abspage=\count334
\c@Item=\count335
\c@Hfootnote=\count336
)
Package hyperref Info: Driver (autodetected): hxetex.

(/usr/local/texlive/2025/texmf-dist/tex/latex/hyperref/hxetex.def
File: hxetex.def 2024-11-05 v7.01l Hyperref driver for XeTeX
\pdfm@box=\box58
\c@Hy@AnnotLevel=\count337
\HyField@AnnotCount=\count338
\Fld@listcount=\count339
\c@bookmark@seq@number=\count340

(/usr/local/texlive/2025/texmf-dist/tex/latex/rerunfilecheck/rerunfilecheck.sty
Package: rerunfilecheck 2022-07-10 v1.10 Rerun checks for auxiliary files (HO)
(/usr/local/texlive/2025/texmf-dist/tex/latex/base/atveryend-ltx.sty
Package: atveryend-ltx 2020/08/19 v1.0a Emulation of the original atveryend pac
kage
with kernel methods
)
(/usr/local/texlive/2025/texmf-dist/tex/generic/uniquecounter/uniquecounter.sty
Package: uniquecounter 2019/12/15 v1.4 Provide unlimited unique counter (HO)
)
Package uniquecounter Info: New unique counter `rerunfilecheck' on input line 2
85.
)
\Hy@SectionHShift=\skip58
)
(/usr/local/texlive/2025/texmf-dist/tex/xelatex/bidi/hyperref-xetex-bidi.def
File: hyperref-xetex-bidi.def 2025/01/05 v1.4 bidi adaptations for hyperref pac
kage for XeTeX engine
)
(/usr/local/texlive/2025/texmf-dist/tex/latex/bookmark/bookmark.sty
Package: bookmark 2023-12-10 v1.31 PDF bookmarks (HO)

(/usr/local/texlive/2025/texmf-dist/tex/latex/bookmark/bkm-dvipdfm.def
File: bkm-dvipdfm.def 2023-12-10 v1.31 bookmark driver for dvipdfm (HO)
\BKM@id=\count341
))
(/usr/local/texlive/2025/texmf-dist/tex/latex/tocloft/tocloft.sty
Package: tocloft 2017/08/31 v2.3i parameterised ToC, etc., typesetting
Package tocloft Info: The document has chapter divisions on input line 51.
\cftparskip=\skip59
\cftbeforetoctitleskip=\skip60
\cftaftertoctitleskip=\skip61
\cftbeforepartskip=\skip62
\cftpartnumwidth=\skip63
\cftpartindent=\skip64
\cftbeforechapskip=\skip65
\cftchapindent=\skip66
\cftchapnumwidth=\skip67
\cftbeforesecskip=\skip68
\cftsecindent=\skip69
\cftsecnumwidth=\skip70
\cftbeforesubsecskip=\skip71
\cftsubsecindent=\skip72
\cftsubsecnumwidth=\skip73
\cftbeforesubsubsecskip=\skip74
\cftsubsubsecindent=\skip75
\cftsubsubsecnumwidth=\skip76
\cftbeforeparaskip=\skip77
\cftparaindent=\skip78
\cftparanumwidth=\skip79
\cftbeforesubparaskip=\skip80
\cftsubparaindent=\skip81
\cftsubparanumwidth=\skip82
\cftbeforeloftitleskip=\skip83
\cftafterloftitleskip=\skip84
\cftbeforefigskip=\skip85
\cftfigindent=\skip86
\cftfignumwidth=\skip87
\c@lofdepth=\count342
\c@lotdepth=\count343
\cftbeforelottitleskip=\skip88
\cftafterlottitleskip=\skip89
\cftbeforetabskip=\skip90
\cfttabindent=\skip91
\cfttabnumwidth=\skip92
)
(/usr/local/texlive/2025/texmf-dist/tex/xelatex/bidi/tocloft-xetex-bidi.def
File: tocloft-xetex-bidi.def 2025/01/03 v0.4 bidi adaptations for tocloft packa
ge for XeTeX engine
)
(/usr/local/texlive/2025/texmf-dist/tex/xelatex/bidi/report-xetex-bidi.def
File: report-xetex-bidi.def 2025/02/02 v0.9 bidi adaptations for standard repor
t class for XeTeX engine
)
(/usr/local/texlive/2025/texmf-dist/tex/xelatex/bidi/float-xetex-bidi.def
File: float-xetex-bidi.def 2013/04/04 v0.2 bidi adaptations for float package f
or XeTeX engine
)
No file main_ar.aux.
\openout1 = `main_ar.aux'.

LaTeX Font Info:    Checking defaults for OML/cmm/m/it on input line 58.
LaTeX Font Info:    ... okay on input line 58.
LaTeX Font Info:    Checking defaults for OMS/cmsy/m/n on input line 58.
LaTeX Font Info:    ... okay on input line 58.
LaTeX Font Info:    Checking defaults for OT1/cmr/m/n on input line 58.
LaTeX Font Info:    ... okay on input line 58.
LaTeX Font Info:    Checking defaults for T1/cmr/m/n on input line 58.
LaTeX Font Info:    ... okay on input line 58.
LaTeX Font Info:    Checking defaults for TS1/cmr/m/n on input line 58.
LaTeX Font Info:    ... okay on input line 58.
LaTeX Font Info:    Checking defaults for TU/lmr/m/n on input line 58.
LaTeX Font Info:    ... okay on input line 58.
LaTeX Font Info:    Checking defaults for OMX/cmex/m/n on input line 58.
LaTeX Font Info:    ... okay on input line 58.
LaTeX Font Info:    Checking defaults for U/cmr/m/n on input line 58.
LaTeX Font Info:    ... okay on input line 58.
LaTeX Font Info:    Checking defaults for PD1/pdf/m/n on input line 58.
LaTeX Font Info:    ... okay on input line 58.
LaTeX Font Info:    Checking defaults for PU/pdf/m/n on input line 58.
LaTeX Font Info:    ... okay on input line 58.

Package fontspec Info: 
(fontspec)             Adjusting the maths setup (use [no-math] to avoid
(fontspec)             this).

\symlegacymaths=\mathgroup4
LaTeX Font Info:    Overwriting symbol font `legacymaths' in version `bold'
(Font)                  OT1/cmr/m/n --> OT1/cmr/bx/n on input line 58.
LaTeX Font Info:    Redeclaring math accent \acute on input line 58.
LaTeX Font Info:    Redeclaring math accent \grave on input line 58.
LaTeX Font Info:    Redeclaring math accent \ddot on input line 58.
LaTeX Font Info:    Redeclaring math accent \tilde on input line 58.
LaTeX Font Info:    Redeclaring math accent \bar on input line 58.
LaTeX Font Info:    Redeclaring math accent \breve on input line 58.
LaTeX Font Info:    Redeclaring math accent \check on input line 58.
LaTeX Font Info:    Redeclaring math accent \hat on input line 58.
LaTeX Font Info:    Redeclaring math accent \dot on input line 58.
LaTeX Font Info:    Redeclaring math accent \mathring on input line 58.
LaTeX Font Info:    Redeclaring math symbol \Gamma on input line 58.
LaTeX Font Info:    Redeclaring math symbol \Delta on input line 58.
LaTeX Font Info:    Redeclaring math symbol \Theta on input line 58.
LaTeX Font Info:    Redeclaring math symbol \Lambda on input line 58.
LaTeX Font Info:    Redeclaring math symbol \Xi on input line 58.
LaTeX Font Info:    Redeclaring math symbol \Pi on input line 58.
LaTeX Font Info:    Redeclaring math symbol \Sigma on input line 58.
LaTeX Font Info:    Redeclaring math symbol \Upsilon on input line 58.
LaTeX Font Info:    Redeclaring math symbol \Phi on input line 58.
LaTeX Font Info:    Redeclaring math symbol \Psi on input line 58.
LaTeX Font Info:    Redeclaring math symbol \Omega on input line 58.
LaTeX Font Info:    Redeclaring math symbol \mathdollar on input line 58.
LaTeX Font Info:    Redeclaring symbol font `operators' on input line 58.
LaTeX Font Info:    Encoding `OT1' has changed to `TU' for symbol font
(Font)              `operators' in the math version `normal' on input line 58.
LaTeX Font Info:    Overwriting symbol font `operators' in version `normal'
(Font)                  OT1/cmr/m/n --> TU/lmr/m/n on input line 58.
LaTeX Font Info:    Encoding `OT1' has changed to `TU' for symbol font
(Font)              `operators' in the math version `bold' on input line 58.
LaTeX Font Info:    Overwriting symbol font `operators' in version `bold'
(Font)                  OT1/cmr/bx/n --> TU/lmr/m/n on input line 58.
LaTeX Font Info:    Overwriting symbol font `operators' in version `normal'
(Font)                  TU/lmr/m/n --> TU/lmr/m/n on input line 58.
LaTeX Font Info:    Overwriting math alphabet `\mathit' in version `normal'
(Font)                  OT1/cmr/m/it --> TU/lmr/m/it on input line 58.
LaTeX Font Info:    Overwriting math alphabet `\mathbf' in version `normal'
(Font)                  OT1/cmr/bx/n --> TU/lmr/b/n on input line 58.
LaTeX Font Info:    Overwriting math alphabet `\mathsf' in version `normal'
(Font)                  OT1/cmss/m/n --> TU/lmss/m/n on input line 58.
LaTeX Font Info:    Overwriting math alphabet `\mathtt' in version `normal'
(Font)                  OT1/cmtt/m/n --> TU/lmtt/m/n on input line 58.
LaTeX Font Info:    Overwriting symbol font `operators' in version `bold'
(Font)                  TU/lmr/m/n --> TU/lmr/b/n on input line 58.
LaTeX Font Info:    Overwriting math alphabet `\mathit' in version `bold'
(Font)                  OT1/cmr/bx/it --> TU/lmr/b/it on input line 58.
LaTeX Font Info:    Overwriting math alphabet `\mathsf' in version `bold'
(Font)                  OT1/cmss/bx/n --> TU/lmss/b/n on input line 58.
LaTeX Font Info:    Overwriting math alphabet `\mathtt' in version `bold'
(Font)                  OT1/cmtt/m/n --> TU/lmtt/b/n on input line 58.
*geometry* driver: auto-detecting
*geometry* detected driver: xetex
*geometry* verbose mode - [ preamble ] result:
* driver: xetex
* paper: a4paper
* layout: <same size as paper>
* layoutoffset:(h,v)=(0.0pt,0.0pt)
* modes: 
* h-part:(L,W,R)=(71.13188pt, 455.24411pt, 71.13188pt)
* v-part:(T,H,B)=(71.13188pt, 702.78308pt, 71.13188pt)
* \paperwidth=597.50787pt
* \paperheight=845.04684pt
* \textwidth=455.24411pt
* \textheight=702.78308pt
* \oddsidemargin=-1.1381pt
* \evensidemargin=-1.1381pt
* \topmargin=-38.1381pt
* \headheight=12.0pt
* \headsep=25.0pt
* \topskip=12.0pt
* \footskip=30.0pt
* \marginparwidth=35.0pt
* \marginparsep=10.0pt
* \columnsep=10.0pt
* \skip\footins=10.8pt plus 4.0pt minus 2.0pt
* \hoffset=0.0pt
* \voffset=0.0pt
* \mag=1000
* \@twocolumnfalse
* \@twosidefalse
* \@mparswitchfalse
* \@reversemarginfalse
* (1in=72.27pt=25.4mm, 1cm=28.453pt)

LaTeX Info: Redefining \microtypecontext on input line 58.
Package microtype Info: Applying patch `item' on input line 58.
Package microtype Info: Applying patch `toc' on input line 58.
Package microtype Info: Applying patch `eqnum' on input line 58.
Package microtype Info: Applying patch `footnote' on input line 58.
Package microtype Info: Applying patch `verbatim' on input line 58.
LaTeX Info: Redefining \microtypesetup on input line 58.
Package microtype Info: Character protrusion enabled (level 2).
Package microtype Info: Using default protrusion set `alltext'.
Package microtype Info: No adjustment of tracking.
Package microtype Info: No adjustment of spacing.
Package microtype Info: No adjustment of kerning.

(/usr/local/texlive/2025/texmf-dist/tex/latex/microtype/mt-LatinModernRoman.cfg
File: mt-LatinModernRoman.cfg 2021/02/21 v1.1 microtype config. file: Latin Mod
ern Roman (RS)
) (/usr/local/texlive/2025/texmf-dist/tex/latex/graphics/color.sty
Package: color 2024/06/23 v1.3e Standard LaTeX Color (DPC)

(/usr/local/texlive/2025/texmf-dist/tex/latex/graphics-cfg/color.cfg
File: color.cfg 2016/01/02 v1.6 sample color configuration
)
Package color Info: Driver file: xetex.def on input line 149.

(/usr/local/texlive/2025/texmf-dist/tex/latex/graphics/mathcolor.ltx))
(/usr/local/texlive/2025/texmf-dist/tex/xelatex/bidi/color-xetex-bidi.def
File: color-xetex-bidi.def 2013/04/08 v0.2 bidi adaptations for color package f
or XeTeX engine
LaTeX Info: Redefining \color on input line 49.
)
Package hyperref Info: Link coloring ON on input line 58.


Package hyperref Warning: Rerun to get /PageLabels entry.

Package microtype Info: Loading generic protrusion settings for font family
(microtype)             `Amiri' (encoding: TU).
(microtype)             For optimal results, create family-specific settings.
(microtype)             See the microtype manual for details.
(./missing_labels.tex)
(/usr/local/texlive/2025/texmf-dist/tex/latex/microtype/mt-cmr.cfg
File: mt-cmr.cfg 2013/05/19 v2.2 microtype config. file: Computer Modern Roman 
(RS)
)

[1

]
No file main_ar.toc.
\tf@toc=\write3
\openout3 = `main_ar.toc'.



[1]
باب \LRE {١}.
(./shared_documents/site_master_plan_ar.tex

[2


])

[3]
باب \LRE {٢}.
(./units/nursery/overview_ar.tex

[4

]) (./units/nursery/strategic_plan_ar.tex

[5]

[6]

[7]

[8]

[9]) (./units/nursery/operational_plan_ar.tex

[10]

[11]

[12]

[13]) (./units/nursery/financial_plan_ar.tex

[14]
Underfull \hbox (badness 10000) in paragraph at lines 70--70
[][]\TU/Amiri(0)/b/n/12 إجمالي تكاليف[]
 []



[15]
Underfull \hbox (badness 10000) in paragraph at lines 124--124
[][][]\TU/Amiri(0)/b/n/12 تكلفة الاقتصاد[][]
 []



[16]

[17]
Underfull \hbox (badness 10000) in paragraph at lines 220--220
[][]\TU/Amiri(0)/b/n/12 إجمالي[]
 []


Underfull \hbox (badness 10000) in paragraph at lines 220--220
[]\TU/Amiri(0)/b/n/12 الإيرادات[]
 []



[18]
Underfull \hbox (badness 10000) in paragraph at lines 267--267
[][]\TU/Amiri(0)/m/n/12 الاستثمار[]
 []


Underfull \hbox (badness 10000) in paragraph at lines 269--269
[][]\TU/Amiri(0)/m/n/12 صافي التدفق[]
 []


Underfull \hbox (badness 10000) in paragraph at lines 270--270
[][]\TU/Amiri(0)/m/n/12 التدفق النقدي[]
 []


LaTeX Warning: Reference `sec:circular_economy_benefits_ar' on page \LRE {١٩} u
ndefined on input line 283.



[19]) (./units/nursery/resource_requirements_ar.tex

[20]

[21]

[22]

[23]

[24]

[25]

[26]

[27]) (./units/nursery/risk_management_ar.tex

[28]
Underfull \hbox (badness 10000) in paragraph at lines 16--16
[][]\TU/Amiri(0)/m/n/12 العواصف الرملية والرياح[]
 []


Underfull \hbox (badness 2564) in paragraph at lines 18--18
[][]\TU/Amiri(0)/m/n/12 انقطاع أو تلوث إمدادات[]
 []


Overfull \hbox (31.5472pt too wide) in paragraph at lines 12--27
 [][][][] 
 []


Underfull \hbox (badness 1968) in paragraph at lines 38--38
[][]\TU/Amiri(0)/m/n/12 أعطال في الأنظمة الحرجة[]
 []


Underfull \hbox (badness 10000) in paragraph at lines 42--42
[][]\TU/Amiri(0)/m/n/12 معدلات نجاح منخفضة[]
 []


Underfull \hbox (badness 2368) in paragraph at lines 42--42
[]\TU/Amiri(0)/m/n/12 في تقنيات إكثار الأصناف[]
 []


Overfull \hbox (31.5472pt too wide) in paragraph at lines 34--49
 [][][][] 
 []


LaTeX Warning: `h' float specifier changed to `ht'.


Underfull \hbox (badness 10000) in paragraph at lines 66--66
[][]\TU/Amiri(0)/m/n/12 المنافسة على الموارد مع[]
 []


Overfull \hbox (31.5472pt too wide) in paragraph at lines 56--71
 [][][][] 
 []


LaTeX Warning: `h' float specifier changed to `ht'.


Underfull \hbox (badness 2772) in paragraph at lines 84--84
[][]\TU/Amiri(0)/m/n/12 تطور متطلبات الجودة من[]
 []


Overfull \hbox (31.5472pt too wide) in paragraph at lines 78--93
 [][][][] 
 []


LaTeX Warning: `h' float specifier changed to `ht'.



[29]

[30]

[31]

[32]

[33]

[34]

[35]) (./units/nursery/sustainability_plan_ar.tex

[36]) (./units/nursery/integration_plan_ar.tex

[37]

[38]

[39]

[40]

[41])

[42]
باب \LRE {٣}.
(./units/azolla_farming/overview_ar.tex

[43

]

[44]) (./units/azolla_farming/strategic_plan_ar.tex

[45]

[46]

[47]) (./units/azolla_farming/operational_plan_ar.tex

[48]

[49]

[50]

[51]

[52]) (./units/azolla_farming/financial_plan_ar.tex

[53]

[54]

[55]

[56]

[57]

[58]) (./units/azolla_farming/resource_requirements_ar.tex

[59]) (./units/azolla_farming/risk_management_ar.tex

LaTeX Warning: Reference `sec:unified_risk_management_ar' on page \LRE {٦٠} und
efined on input line 5.


LaTeX Warning: Reference `sec:risk_categories_ar' on page \LRE {٦٠} undefined o
n input line 9.


Underfull \hbox (badness 10000) in paragraph at lines 19--19
[][][]\TU/Amiri(0)/m/n/12 الظروف المناخية[][]
 []


Underfull \hbox (badness 10000) in paragraph at lines 19--19
[][]\TU/Amiri(0)/m/n/12 خارج نطاق النمو[][]
 []


Underfull \hbox (badness 1057) in paragraph at lines 19--20
[][]\TU/Amiri(0)/m/n/12 ذات درجة الحرارة المتحكم[][]
 []


Underfull \hbox (badness 1571) in paragraph at lines 23--23
[][][]\TU/Amiri(0)/m/n/12 الحشرات والفطريات[][]
 []


Underfull \hbox (badness 1158) in paragraph at lines 23--23
[][]\TU/Amiri(0)/m/n/12 أو الكائنات الأخرى[][]
 []


Underfull \hbox (badness 10000) in paragraph at lines 23--24
[][][]\TU/Amiri(0)/m/n/12 الإدارة المتكاملة للآفات؛[][]
 []


Underfull \hbox (badness 10000) in paragraph at lines 23--24
[][]\TU/Amiri(0)/m/n/12 بروتوكولات العزل؛ تطوير[][]
 []


Underfull \hbox (badness 2894) in paragraph at lines 25--25
[][][]\TU/Amiri(0)/m/n/12 نمو الطحالب المفرط[][]
 []


Underfull \hbox (badness 1975) in paragraph at lines 25--25
[][]\TU/Amiri(0)/m/n/12 المنافس للأزولا على[][]
 []


Underfull \hbox (badness 10000) in paragraph at lines 25--26
[][][]\TU/Amiri(0)/m/n/12 إدارة متوازنة للمغذيات؛[][]
 []


Overfull \hbox (3.09444pt too wide) in paragraph at lines 15--28
 [][][][] 
 []


Underfull \hbox (badness 10000) in paragraph at lines 39--39
[][][]\TU/Amiri(0)/m/n/12 نقص إنتاج الكتلة[][]
 []


Underfull \hbox (badness 10000) in paragraph at lines 39--39
[][][]\TU/Amiri(0)/m/n/12 عدم تلبية كميات[][]
 []


Underfull \hbox (badness 10000) in paragraph at lines 39--40
[][][]\TU/Amiri(0)/m/n/12 احتياطي مساحة الزراعة؛[][]
 []


Underfull \hbox (badness 10000) in paragraph at lines 41--42
[][][]\TU/Amiri(0)/m/n/12 أنظمة معدات احتياطية؛[][]
 []


Underfull \hbox (badness 3514) in paragraph at lines 43--44
[][][]\TU/Amiri(0)/m/n/12 بروتوكولات نظافة صارمة؛[][]
 []


Underfull \hbox (badness 10000) in paragraph at lines 43--44
[][]\TU/Amiri(0)/m/n/12 تدريب الموظفين؛ أنظمة[][]
 []


Underfull \hbox (badness 4391) in paragraph at lines 45--45
[][][]\TU/Amiri(0)/m/n/12 الانحراف الجيني أو[][]
 []


Underfull \hbox (badness 10000) in paragraph at lines 45--45
[][]\TU/Amiri(0)/m/n/12 فقدان الخصائص[][]
 []


Underfull \hbox (badness 10000) in paragraph at lines 45--46
[][][]\TU/Amiri(0)/m/n/12 بنك السلالات؛ التجديد[][]
 []


Overfull \hbox (3.09444pt too wide) in paragraph at lines 35--48
 [][][][] 
 []


LaTeX Warning: `h' float specifier changed to `ht'.


Underfull \hbox (badness 10000) in paragraph at lines 59--59
[][][]\TU/Amiri(0)/m/n/12 ملفات تعريف[][]
 []


Underfull \hbox (badness 10000) in paragraph at lines 59--59
[][]\TU/Amiri(0)/m/n/12 المغذيات دون[][]
 []


Underfull \hbox (badness 1762) in paragraph at lines 59--59
[][]\TU/Amiri(0)/m/n/12 المستوى الأمثل تؤثر[][]
 []


Underfull \hbox (badness 10000) in paragraph at lines 59--60
[][][]\TU/Amiri(0)/m/n/12 اختبار المغذيات بانتظام؛[][]
 []


Underfull \hbox (badness 1418) in paragraph at lines 61--62
[][][]\TU/Amiri(0)/m/n/12 شبكات استشعار احتياطية؛[][]
 []


Underfull \hbox (badness 7326) in paragraph at lines 63--63
[][][]\TU/Amiri(0)/m/n/12 تعطل أنظمة توزيع[][]
 []


Underfull \hbox (badness 5403) in paragraph at lines 63--64
[][][]\TU/Amiri(0)/m/n/12 مضخات احتياطية وأنظمة[][]
 []


Underfull \hbox (badness 10000) in paragraph at lines 63--64
[][]\TU/Amiri(0)/m/n/12 توزيع؛ ترتيبات إمدادات[][]
 []


Overfull \hbox (3.09444pt too wide) in paragraph at lines 55--66
 [][][][] 
 []


LaTeX Warning: `h' float specifier changed to `ht'.


Underfull \hbox (badness 1852) in paragraph at lines 79--79
[][][]\TU/Amiri(0)/m/n/12 القدرة الإنتاجية غير[][]
 []


Underfull \hbox (badness 10000) in paragraph at lines 79--80
[][]\TU/Amiri(0)/m/n/12 المخزون الاحتياطي؛ قدرة[][]
 []


Underfull \hbox (badness 10000) in paragraph at lines 81--81
[][][]\TU/Amiri(0)/m/n/12 انقطاع في تدفق[][]
 []


Underfull \hbox (badness 10000) in paragraph at lines 81--81
[][]\TU/Amiri(0)/m/n/12 الثروة الحيوانية[][]
 []


Underfull \hbox (badness 10000) in paragraph at lines 81--82
[][][]\TU/Amiri(0)/m/n/12 تخزين المغذيات؛ مصادر[][]
 []


Underfull \hbox (badness 4328) in paragraph at lines 81--82
[][]\TU/Amiri(0)/m/n/12 تجارية احتياطية؛ تركيبات[][]
 []


Underfull \hbox (badness 6380) in paragraph at lines 83--83
[][]\TU/Amiri(0)/m/n/12 المتكاملة من وحدة[][]
 []


Underfull \hbox (badness 2680) in paragraph at lines 83--84
[][]\TU/Amiri(0)/m/n/12 المياه البديلة؛ تحسين إعادة[][]
 []


Overfull \hbox (3.09444pt too wide) in paragraph at lines 75--86
 [][][][] 
 []



[60]

LaTeX Warning: `h' float specifier changed to `ht'.


LaTeX Warning: Reference `sec:risk_assessment_methodology_ar' on page \LRE {٦١}
 undefined on input line 91.



[61]

LaTeX Warning: Reference `sec:risk_monitoring_ar' on page \LRE {٦٢} undefined o
n input line 120.



[62]

LaTeX Warning: Reference `sec:risk_responsibilities_ar' on page \LRE {٦٣} undef
ined on input line 149.

) (./units/azolla_farming/sustainability_plan_ar.tex

[63]

[64]

[65]

[66]

[67]

[68]

[69]

[70]) (./units/azolla_farming/integration_plan_ar.tex

[71]

[72]

[73]

LaTeX Warning: Reference `sec:biodiesel_processing' on page \LRE {٧٤} undefined
 on input line 137.


LaTeX Warning: Reference `sec:livestock_feed_requirements' on page \LRE {٧٤} un
defined on input line 139.


LaTeX Warning: Reference `sec:vermicomposting_inputs' on page \LRE {٧٤} undefin
ed on input line 141.


LaTeX Warning: Reference `sec:biochar_production' on page \LRE {٧٤} undefined o
n input line 145.


LaTeX Warning: Reference `sec:fermentation_inputs' on page \LRE {٧٤} undefined 
on input line 147.


LaTeX Warning: Reference `sec:irrigation_water_sources' on page \LRE {٧٤} undef
ined on input line 149.


LaTeX Warning: Reference `sec:carbon_accounting' on page \LRE {٧٤} undefined on
 input line 151.


LaTeX Warning: Reference `sec:water_treatment_outputs' on page \LRE {٧٤} undefi
ned on input line 168.


LaTeX Warning: Reference `sec:biodiesel_feedstock' on page \LRE {٧٤} undefined 
on input line 170.


LaTeX Warning: Reference `sec:livestock_nutrition' on page \LRE {٧٤} undefined 
on input line 172.


LaTeX Warning: Reference `sec:biochar_inputs' on page \LRE {٧٤} undefined on in
put line 174.


LaTeX Warning: Reference `sec:vermicomposting_feedstock' on page \LRE {٧٤} unde
fined on input line 176.

)

[74]
باب \LRE {٤}.
(./units/biodiesel_production/overview_ar.tex

[75

]

[76]

[77]) (./units/biodiesel_production/strategic_plan_ar.tex

[78]

[79]

[80]

[81]

[82]) (./units/biodiesel_production/operational_plan_ar.tex

[83]

[84]

[85]

[86]

[87]

[88]

[89]

[90]

[91]

[92]

[93]

[94]

LaTeX Warning: Reference `sec:glycerin_feed_supplement' on page \LRE {٩٥} undef
ined on input line 582.


Underfull \hbox (badness 4492) in paragraph at lines 582--582
[][]\TU/Amiri(0)/m/n/12 وحدة إدارة الماشية[]
 []


LaTeX Warning: Reference `sec:vermicomposting_feedstock' on page \LRE {٩٥} unde
fined on input line 584.


Underfull \hbox (badness 6825) in paragraph at lines 584--585
[]\TU/Amiri(0)/m/n/12 400 كجم، أيام الأربعاء[]
 []


LaTeX Warning: Reference `sec:biogas_feedstock' on page \LRE {٩٥} undefined on 
input line 586.


Underfull \hbox (badness 10000) in paragraph at lines 586--586
[][]\TU/Amiri(0)/m/n/12 إنتاج الغاز الحيوي[]
 []


Underfull \hbox (badness 3907) in paragraph at lines 586--587
[][]\TU/Amiri(0)/m/n/12 إضافة يومية بمعدل: 22[]
 []



[95]

LaTeX Warning: Reference `tab:glycerin_utilization' on page \LRE {٩٦} undefined
 on input line 647.



[96]

LaTeX Warning: Reference `sec:biochar_inputs' on page \LRE {٩٧} undefined on in
put line 661.



[97]
Underfull \hbox (badness 10000) in paragraph at lines 716--716
[][]\TU/Amiri(0)/b/n/12 التخصيص[]
 []


LaTeX Warning: Reference `sec:date_palm_soil_amendment' on page \LRE {٩٨} undef
ined on input line 718.


Underfull \hbox (badness 10000) in paragraph at lines 718--718
[][]\TU/Amiri(0)/m/n/12 25% (15[]
 []


LaTeX Warning: Reference `sec:olive_soil_amendment' on page \LRE {٩٨} undefined
 on input line 720.


Underfull \hbox (badness 10000) in paragraph at lines 720--720
[][]\TU/Amiri(0)/m/n/12 20% (12[]
 []


LaTeX Warning: Reference `sec:nursery_substrate' on page \LRE {٩٨} undefined on
 input line 722.


Underfull \hbox (badness 1112) in paragraph at lines 722--723
[][]\TU/Amiri(0)/m/n/12 إدراج على مدار العام في وسائط[]
 []


Underfull \hbox (badness 7888) in paragraph at lines 722--723
[]\TU/Amiri(0)/m/n/12 الزراعة؛ معدلات أعلى (15%)[]
 []


LaTeX Warning: Reference `sec:biochar_in_vermicompost' on page \LRE {٩٨} undefi
ned on input line 724.


Underfull \hbox (badness 10000) in paragraph at lines 724--724
[][]\TU/Amiri(0)/m/n/12 25% (15[]
 []


LaTeX Warning: Reference `sec:biochar_in_azolla' on page \LRE {٩٨} undefined on
 input line 726.


Underfull \hbox (badness 10000) in paragraph at lines 728--728
[][]\TU/Amiri(0)/m/n/12 1-‏2 طن لكل[]
 []


LaTeX Warning: Reference `sec:date_palm_soil_amendment' on page \LRE {٩٨} undef
ined on input line 735.


LaTeX Warning: Reference `sec:olive_soil_amendment' on page \LRE {٩٨} undefined
 on input line 743.


LaTeX Warning: Reference `sec:nursery_substrate' on page \LRE {٩٨} undefined on
 input line 751.



[98]

LaTeX Warning: Reference `sec:biochar_in_vermicompost' on page \LRE {٩٩} undefi
ned on input line 759.



[99]

[100]

[101]) (./units/biodiesel_production/financial_plan_ar.tex

[102]

[103]

[104]) (./units/biodiesel_production/resource_requirements_ar.tex

[105]

[106]

[107]

[108]) (./units/biodiesel_production/risk_management_ar.tex

[109]

[110]

[111]

[112]) (./units/biodiesel_production/sustainability_plan_ar.tex

[113]

[114]

[115]

[116]) (./units/biodiesel_production/integration_plan_ar.tex

[117]

[118]

[119]

[120]

[121])

[122]
باب \LRE {٥}.
(./units/livestock_management/overview_ar.tex

[123

]

[124]

[125]

[126]) (./units/livestock_management/strategic_plan_ar.tex)
(./units/livestock_management/operational_plan_ar.tex

[127]

[128]

[129]
Underfull \hbox (badness 10000) in paragraph at lines 202--202
[][]\TU/Amiri(0)/m/n/12 2,100-‏2,200 كيلو[]
 []


Underfull \hbox (badness 10000) in paragraph at lines 211--211
[][]\TU/Amiri(0)/m/n/12 120-‏150 وحدة[]
 []



[130]

LaTeX Warning: Reference `sec:azolla_farming_unit' on page \LRE {١٣١} undefined
 on input line 226.



[131]

LaTeX Warning: Reference `sec:azolla_production_records' on page \LRE {١٣٢} und
efined on input line 240.


LaTeX Warning: Reference `sec:emergency_feed' on page \LRE {١٣٢} undefined on i
nput line 259.


Underfull \hbox (badness 10000) in paragraph at lines 273--273
[][]\TU/Amiri(0)/b/n/12 معدل إدماج[]
 []


Underfull \hbox (badness 10000) in paragraph at lines 275--275
[][]\TU/Amiri(0)/m/n/12 مجففة ومطحونة[]
 []


Underfull \hbox (badness 2277) in paragraph at lines 275--276
[][]\TU/Amiri(0)/m/n/12 خلط جيد مع علف البادئ؛[]
 []


Underfull \hbox (badness 10000) in paragraph at lines 277--277
[][]\TU/Amiri(0)/m/n/12 10-‏15% من[]
 []


Underfull \hbox (badness 10000) in paragraph at lines 279--279
[][]\TU/Amiri(0)/m/n/12 الدجاج البياض (16+[]
 []


Underfull \hbox (badness 10000) in paragraph at lines 279--279
[][]\TU/Amiri(0)/m/n/12 15-‏20% من[]
 []


Underfull \hbox (badness 10000) in paragraph at lines 281--281
[][]\TU/Amiri(0)/m/n/12 5% من النظام[]
 []


Underfull \hbox (badness 10000) in paragraph at lines 281--281
[][]\TU/Amiri(0)/m/n/12 مجففة ومطحونة[]
 []


Underfull \hbox (badness 10000) in paragraph at lines 283--283
[][]\TU/Amiri(0)/m/n/12 10-‏15% من[]
 []


Underfull \hbox (badness 10000) in paragraph at lines 285--285
[][]\TU/Amiri(0)/m/n/12 20-‏30% من[]
 []


LaTeX Warning: `h' float specifier changed to `ht'.



[132]
Overfull \hbox (204.6719pt too wide) in paragraph at lines 320--335
 [][][][] 
 []


LaTeX Warning: `h' float specifier changed to `ht'.



[133]

LaTeX Warning: Reference `sec:azolla_production_team' on page \LRE {١٣٤} undefi
ned on input line 370.



[134]

LaTeX Warning: Reference `sec:glycerin_feed_supplement' on page \LRE {١٣٥} unde
fined on input line 386.



[135]

[136]) (./units/livestock_management/financial_plan_ar.tex

[137]

[138]

[139]

[140]

[141]

[142]

[143]) (./units/livestock_management/resource_requirements_ar.tex

[144]

[145]

[146]

[147]) (./units/livestock_management/risk_management_ar.tex

[148]

[149]

[150]

[151]) (./units/livestock_management/sustainability_plan_ar.tex

[152]

[153]

[154]

[155]) (./units/livestock_management/integration_plan_ar.tex

[156]

[157]

[158])

[159]
باب \LRE {٦}.
(./units/vermicomposting_biochar/overview_ar.tex

[160

]

[161]

[162]
Overfull \hbox (95.44794pt too wide) in paragraph at lines 138--155
 [][][][] 
 []


LaTeX Warning: `h' float specifier changed to `ht'.


LaTeX Warning: Reference `sec:biodiesel_integration' on page \LRE {١٦٣} undefin
ed on input line 160.



[163]

[164]) (./units/vermicomposting_biochar/strategic_plan_ar.tex)
(./units/vermicomposting_biochar/operational_plan_ar.tex)
(./units/vermicomposting_biochar/financial_plan_ar.tex)
(./units/vermicomposting_biochar/resource_requirements_ar.tex)
(./units/vermicomposting_biochar/risk_management_ar.tex)
(./units/vermicomposting_biochar/sustainability_plan_ar.tex)
(./units/vermicomposting_biochar/integration_plan_ar.tex)

[165]
باب \LRE {٧}.
(./units/date_palm_cultivation/overview_ar.tex

[166

]) (./units/date_palm_cultivation/strategic_plan_ar.tex

[167]

[168]

[169]) (./units/date_palm_cultivation/operational_plan_ar.tex

[170]

LaTeX Warning: Reference `sec:nursery_palm_integration' on page \LRE {١٧١} unde
fined on input line 40.



[171]

[172]

[173]

[174]

[175]) (./units/date_palm_cultivation/financial_plan_ar.tex

[176]

[177]

[178]) (./units/date_palm_cultivation/resource_requirements_ar.tex

[179]

[180]

[181]

[182]) (./units/date_palm_cultivation/risk_management_ar.tex)
(./units/date_palm_cultivation/sustainability_plan_ar.tex)
(./units/date_palm_cultivation/integration_plan_ar.tex

[183]

[184]

[185])

[186]
باب \LRE {٨}.
(./units/acacia_cultivation/overview_ar.tex

[187

]) (./units/acacia_cultivation/strategic_plan_ar.tex

[188]

[189]

[190]) (./units/acacia_cultivation/operational_plan_ar.tex

[191]

[192]

[193]

[194]

[195]

[196]) (./units/acacia_cultivation/financial_plan_ar.tex

[197]

[198]

[199]

[200]

[201]

[202]) (./units/acacia_cultivation/resource_requirements_ar.tex

[203]

[204]

[205]

[206]

[207]) (./units/acacia_cultivation/risk_management_ar.tex)
(./units/acacia_cultivation/sustainability_plan_ar.tex)
(./units/acacia_cultivation/integration_plan_ar.tex

[208]

[209]

[210]

[211]

[212]

[213]

[214])

[215]
باب \LRE {٩}.
(./units/olive_cultivation/overview_ar.tex

[216

]

[217]) (./units/olive_cultivation/strategic_plan_ar.tex

[218]

[219]

[220]

[221]) (./units/olive_cultivation/operational_plan_ar.tex

[222]

LaTeX Warning: Reference `sec:nursery_olive_integration' on page \LRE {٢٢٣} und
efined on input line 47.



[223]

[224]

[225]

[226]

[227]

[228]) (./units/olive_cultivation/financial_plan_ar.tex

[229]

[230]
Underfull \hbox (badness 10000) in paragraph at lines 84--84
[][]\TU/Amiri(0)/m/n/12 120,000[]
 []


Underfull \hbox (badness 10000) in paragraph at lines 84--84
[][]\TU/Amiri(0)/m/n/12 105,000[]
 []


Underfull \hbox (badness 10000) in paragraph at lines 85--86
[][]\TU/Amiri(0)/m/n/12 المدخلات[]
 []


Underfull \hbox (badness 10000) in paragraph at lines 90--90
[][]\TU/Amiri(0)/m/n/12 300,000[]
 []


Underfull \hbox (badness 10000) in paragraph at lines 90--90
[][]\TU/Amiri(0)/m/n/12 262,500[]
 []


Underfull \hbox (badness 10000) in paragraph at lines 90--90
[][]\TU/Amiri(0)/m/n/12 225,000[]
 []


Underfull \hbox (badness 10000) in paragraph at lines 90--90
[][]\TU/Amiri(0)/m/n/12 187,500[]
 []


Underfull \hbox (badness 10000) in paragraph at lines 90--90
[][]\TU/Amiri(0)/m/n/12 150,000[]
 []


Underfull \hbox (badness 10000) in paragraph at lines 90--91
[][]\TU/Amiri(0)/b/n/12 إجمالي تكاليف[]
 []



[231]
Underfull \hbox (badness 10000) in paragraph at lines 143--144
[][]\TU/Amiri(0)/b/n/12 مصدر[]
 []


Underfull \hbox (badness 10000) in paragraph at lines 145--145
[][]\TU/Amiri(0)/m/n/12 450,000[]
 []


Underfull \hbox (badness 10000) in paragraph at lines 145--145
[][]\TU/Amiri(0)/m/n/12 300,000[]
 []


Underfull \hbox (badness 10000) in paragraph at lines 145--145
[][]\TU/Amiri(0)/m/n/12 150,000[]
 []


Underfull \hbox (badness 10000) in paragraph at lines 145--146
[][]\TU/Amiri(0)/m/n/12 مبيعات زيت[]
 []


Underfull \hbox (badness 10000) in paragraph at lines 146--146
[][]\TU/Amiri(0)/m/n/12 100,000[]
 []


Underfull \hbox (badness 1430) in paragraph at lines 146--147
[][]\TU/Amiri(0)/m/n/12 منتجات الزراعة[]
 []


Underfull \hbox (badness 5105) in paragraph at lines 148--149
[][]\TU/Amiri(0)/m/n/12 خدمات النظام[]
 []


Underfull \hbox (badness 10000) in paragraph at lines 150--150
[][]\TU/Amiri(0)/m/n/12 650,000[]
 []


Underfull \hbox (badness 10000) in paragraph at lines 150--150
[][]\TU/Amiri(0)/m/n/12 455,000[]
 []


Underfull \hbox (badness 10000) in paragraph at lines 150--150
[][]\TU/Amiri(0)/m/n/12 260,000[]
 []


Underfull \hbox (badness 10000) in paragraph at lines 150--150
[][]\TU/Amiri(0)/m/n/12 115,000[]
 []


Underfull \hbox (badness 10000) in paragraph at lines 150--151
[][]\TU/Amiri(0)/b/n/12 إجمالي[]
 []


Underfull \hbox (badness 10000) in paragraph at lines 150--151
[]\TU/Amiri(0)/b/n/12 الإيرادات[]
 []


LaTeX Warning: `h' float specifier changed to `ht'.



[232]
Underfull \hbox (badness 10000) in paragraph at lines 195--195
[][]\TU/Amiri(0)/m/n/12 650,000[]
 []


Underfull \hbox (badness 10000) in paragraph at lines 195--195
[][]\TU/Amiri(0)/m/n/12 455,000[]
 []


Underfull \hbox (badness 10000) in paragraph at lines 195--195
[][]\TU/Amiri(0)/m/n/12 260,000[]
 []


Underfull \hbox (badness 10000) in paragraph at lines 195--195
[][]\TU/Amiri(0)/m/n/12 115,000[]
 []


Underfull \hbox (badness 10000) in paragraph at lines 196--196
[][]\TU/Amiri(0)/m/n/12 300,000[]
 []


Underfull \hbox (badness 10000) in paragraph at lines 196--196
[][]\TU/Amiri(0)/m/n/12 262,500[]
 []


Underfull \hbox (badness 10000) in paragraph at lines 196--196
[][]\TU/Amiri(0)/m/n/12 225,000[]
 []


Underfull \hbox (badness 10000) in paragraph at lines 196--196
[][]\TU/Amiri(0)/m/n/12 187,500[]
 []


Underfull \hbox (badness 10000) in paragraph at lines 196--196
[][]\TU/Amiri(0)/m/n/12 150,000[]
 []


Underfull \hbox (badness 10000) in paragraph at lines 196--197
[][]\TU/Amiri(0)/m/n/12 إجمالي تكاليف[]
 []


Underfull \hbox (badness 10000) in paragraph at lines 197--197
[][]\TU/Amiri(0)/m/n/12 120,000[]
 []


Underfull \hbox (badness 10000) in paragraph at lines 197--197
[][]\TU/Amiri(0)/m/n/12 150,000[]
 []


Underfull \hbox (badness 10000) in paragraph at lines 197--197
[][]\TU/Amiri(0)/m/n/12 172,500[]
 []


Underfull \hbox (badness 10000) in paragraph at lines 197--197
[][]\TU/Amiri(0)/m/n/12 215,000[]
 []


Underfull \hbox (badness 10000) in paragraph at lines 197--198
[][]\TU/Amiri(0)/m/n/12 الاستثمار[]
 []


Underfull \hbox (badness 10000) in paragraph at lines 199--199
[][]\TU/Amiri(0)/m/n/12 290,000[]
 []


Underfull \hbox (badness 10000) in paragraph at lines 199--199
[][]\TU/Amiri(0)/m/n/12 -‏115,000[]
 []


Underfull \hbox (badness 10000) in paragraph at lines 199--199
[][]\TU/Amiri(0)/m/n/12 -‏245,000[]
 []


Underfull \hbox (badness 10000) in paragraph at lines 199--199
[][]\TU/Amiri(0)/m/n/12 -‏340,000[]
 []


Underfull \hbox (badness 10000) in paragraph at lines 199--200
[][]\TU/Amiri(0)/m/n/12 صافي التدفق[]
 []


Underfull \hbox (badness 10000) in paragraph at lines 200--200
[][]\TU/Amiri(0)/m/n/12 -‏337,500[]
 []


Underfull \hbox (badness 10000) in paragraph at lines 200--200
[][]\TU/Amiri(0)/m/n/12 -‏627,500[]
 []


Underfull \hbox (badness 10000) in paragraph at lines 200--200
[][]\TU/Amiri(0)/m/n/12 -‏700,000[]
 []


Underfull \hbox (badness 10000) in paragraph at lines 200--200
[][]\TU/Amiri(0)/m/n/12 -‏585,000[]
 []


Underfull \hbox (badness 10000) in paragraph at lines 200--200
[][]\TU/Amiri(0)/m/n/12 -‏340,000[]
 []


Underfull \hbox (badness 10000) in paragraph at lines 200--201
[][]\TU/Amiri(0)/m/n/12 التدفق النقدي[]
 []



[233]

[234]) (./units/olive_cultivation/resource_requirements_ar.tex

[235]

[236]

[237]) (./units/olive_cultivation/risk_management_ar.tex

[238]

[239]

[240]

[241]) (./units/olive_cultivation/sustainability_plan_ar.tex

[242]

[243]

[244]

[245]) (./units/olive_cultivation/integration_plan_ar.tex

[246]

[247]

[248]

[249]

[250])

[251]
باب \LRE {١٠}.
(./units/remote_sensing_farm_management/overview_ar.tex

[252

]

[253]) (./units/remote_sensing_farm_management/strategic_plan_ar.tex

[254]

[255]

[256]

[257]

[258]) (./units/remote_sensing_farm_management/operational_plan_ar.tex

[259]

[260]

[261]

[262]

[263]

[264]

[265]

[266]

[267]

[268]

[269]

[270]

[271]

[272]) (./units/remote_sensing_farm_management/financial_plan_ar.tex

[273]

[274]

[275]

[276]) (./units/remote_sensing_farm_management/resource_requirements_ar.tex

[277]

[278]

[279]

[280]) (./units/remote_sensing_farm_management/risk_management_ar.tex

[281]
Underfull \hbox (badness 10000) in paragraph at lines 65--65
[][]\TU/Amiri(0)/m/n/12 تهديدات الأمن[]
 []


Underfull \hbox (badness 10000) in paragraph at lines 73--73
[][]\TU/Amiri(0)/m/n/12 تقادم التكنولوجيا[]
 []



[282]
Underfull \hbox (badness 4569) in paragraph at lines 92--92
[][]\TU/Amiri(0)/m/n/12 فجوات تغطية شبكة[]
 []


Underfull \hbox (badness 10000) in paragraph at lines 108--108
[][]\TU/Amiri(0)/m/n/12 قيود رحلات[]
 []



[283]
Underfull \hbox (badness 10000) in paragraph at lines 143--143
[][]\TU/Amiri(0)/m/n/12 أحداث الطقس[]
 []



[284]
Underfull \hbox (badness 2837) in paragraph at lines 202--202
[][]\TU/Amiri(0)/m/n/12 تكاليف معدات غير[]
 []


Underfull \hbox (badness 10000) in paragraph at lines 226--226
[][]\TU/Amiri(0)/m/n/12 نقص العائد على[]
 []



[285]
Underfull \hbox (badness 10000) in paragraph at lines 269--269
[][]\TU/Amiri(0)/m/n/12 مقاومة اعتماد[]
 []



[286]
Underfull \hbox (badness 10000) in paragraph at lines 296--296
[][]\TU/Amiri(0)/m/n/12 لوائح رحلات[]
 []


Underfull \hbox (badness 10000) in paragraph at lines 304--304
[][]\TU/Amiri(0)/m/n/12 مخاوف خصوصية[]
 []


Underfull \hbox (badness 10000) in paragraph at lines 312--312
[][]\TU/Amiri(0)/m/n/12 الامتثال للترددات[]
 []



[287]

[288]

[289]) (./units/remote_sensing_farm_management/sustainability_plan_ar.tex

[290]

[291]

[292]

[293]

[294]

[295]

[296])

! LaTeX Error: File `units/remote_sensing_farm_management/integration_plan_ar.t
ex' not found.

Type X to quit or <RETURN> to proceed,
or enter new name. (Default extension: tex)

Enter file name: 
! Emergency stop.
<read *> 
         
l.162 ...sing_farm_management/integration_plan_ar}
                                                  ^^M
*** (cannot \read from terminal in nonstop modes)

 
Here is how much of TeX's memory you used:
 18904 strings out of 473832
 398620 string characters out of 5729482
 843357 words of memory out of 5000000
 41528 multiletter control sequences out of 15000+600000
 564291 words of font info for 94 fonts, out of 8000000 for 9000
 1348 hyphenation exceptions out of 8191
 83i,13n,93p,1204b,619s stack positions out of 10000i,1000n,20000p,200000b,200000s
Output written on main_ar.pdf (297 pages).
